2019-03-18 08:29:21 INFO::Table: producers_id and site_information
2019-03-18 08:29:22 INFO::Time ini: 2019-03-18 08:29:22
2019-03-18 08:29:34 INFO::Table: producers_id: GA - Connected to DB
2019-03-18 08:30:14 INFO::ADDED: 2018GA001 - Nunn - NA - NA - NA
2019-03-18 08:30:14 INFO::ADDED: 2017GA001 - Heatwole - NA - NA - Waynesboro,GA
2019-03-18 08:30:14 INFO::ADDED: 2017GA002 - UGA/Gassett - NA - NA - Watkinsville, GA
2019-03-18 08:30:27 INFO::Table: producers_ids
2019-03-18 08:30:27 INFO::Time end: 2019-03-18 08:30:27
2019-03-18 08:31:39 INFO::Table: producers_id: GA - Connected to DB
2019-03-18 08:31:45 INFO::Table: producers_id: GA - Connected to DB
2019-03-18 09:19:33 INFO::Table: producers_id and site_information
2019-03-18 09:19:33 INFO::Time ini: 2019-03-18 09:19:33
2019-03-18 09:19:37 INFO::Table: producers_id: GA - Connected to DB
2019-03-18 09:19:38 INFO::Table: producers_ids and site_information
2019-03-18 09:19:38 INFO::Time end: 2019-03-18 09:19:38
2019-03-18 09:20:24 INFO::Table: producers_id and site_information
2019-03-18 09:20:24 INFO::Time ini: 2019-03-18 09:20:24
2019-03-18 09:20:28 INFO::Table: producers_id: GA - Connected to DB
2019-03-18 09:20:28 INFO::MODIFIED: OLD:  2018GA001 - Nunn - NA - NA - NA
2019-03-18 09:20:28 INFO::MODIFIED: NEW:  2018GA001 - Nunn - [null] - xxxyyyzzzz - [null]
2019-03-18 09:20:28 INFO::Table: producers_ids and site_information
2019-03-18 09:20:28 INFO::Time end: 2019-03-18 09:20:28
2019-03-18 09:30:14 INFO::Table: producers_id: GA - Connected to DB
2019-03-18 09:49:36 INFO::Table: producers_id and site_information
2019-03-18 09:49:36 INFO::Time ini: 2019-03-18 09:49:36
2019-03-18 09:49:41 INFO::Table: producers_id: GA - Connected to DB
2019-03-18 09:49:41 INFO::MODIFIED: OLD:  2018GA001 - Nunn - NA - xxxyyyzzzz - NA
2019-03-18 09:49:41 INFO::MODIFIED: NEW:  2018GA001 - Nunn - [null] - [null] - [null]
2019-03-18 09:52:41 INFO::Table: producers_id and site_information
2019-03-18 09:52:41 INFO::Time ini: 2019-03-18 09:52:41
2019-03-18 09:52:46 INFO::Table: producers_id: GA - Connected to DB
2019-03-18 09:52:46 INFO::MODIFIED: OLD:  2018GA001 - Nunn - [null] - [null]     - [null]
2019-03-18 09:52:46 INFO::MODIFIED: NEW:  2018GA001 - Nunn - [null] - [null] - [null]
2019-03-18 09:52:46 INFO::ADDED: 1 - 2018 - 1 - 1 - -83.494097 - 33.571214 - NA - NA - 1
2019-03-18 09:52:46 INFO::ADDED: 1 - 2017 - 1 - 1 - -82.07605 - 32.57136 - NA - NA - 1
2019-03-18 09:52:46 INFO::ADDED: 1 - 2017 - 1 - 1 - -83.18403 - 33.43547 - NA - NA - 1
2019-03-18 09:52:46 INFO::Table: producers_ids and site_information
2019-03-18 09:52:46 INFO::Time end: 2019-03-18 09:52:46
2019-03-18 09:54:57 INFO::Table: producers_id: GA - Connected to DB
2019-03-18 09:55:14 INFO::Table: producers_id: GA - Connected to DB
2019-03-18 10:07:30 INFO::Table: producers_id and site_information
2019-03-18 10:07:30 INFO::Time ini: 2019-03-18 10:07:30
2019-03-18 10:07:35 INFO::Table: producers_id: GA - Connected to DB
2019-03-18 10:08:38 INFO::Table: producers_id and site_information
2019-03-18 10:08:38 INFO::Time ini: 2019-03-18 10:08:38
2019-03-18 10:08:44 INFO::Table: producers_id: GA - Connected to DB
2019-03-18 10:18:19 INFO::Table: producers_id and site_information
2019-03-18 10:18:19 INFO::Time ini: 2019-03-18 10:18:19
2019-03-18 10:18:23 INFO::Table: producers_id: GA - Connected to DB
2019-03-18 10:18:23 INFO::Table: producers_ids and site_information
2019-03-18 10:18:23 INFO::Time end: 2019-03-18 10:18:23
2019-03-18 10:22:50 INFO::Table: producers_id and site_information
2019-03-18 10:22:50 INFO::Time ini: 2019-03-18 10:22:50
2019-03-18 10:22:55 INFO::Table: producers_id: GA - Connected to DB
2019-03-18 10:22:55 INFO::Table: producers_ids and site_information
2019-03-18 10:22:55 INFO::Time end: 2019-03-18 10:22:55
2019-03-18 10:24:00 INFO::Table: producers_id and site_information
2019-03-18 10:24:00 INFO::Time ini: 2019-03-18 10:24:00
2019-03-18 10:24:04 INFO::Table: producers_id: GA - Connected to DB
2019-03-18 10:24:04 INFO::Table: producers_ids and site_information
2019-03-18 10:24:04 INFO::Time end: 2019-03-18 10:24:04
2019-03-18 10:24:35 INFO::Table: producers_id and site_information
2019-03-18 10:24:35 INFO::Time ini: 2019-03-18 10:24:35
2019-03-18 10:24:40 INFO::Table: producers_id: GA - Connected to DB
2019-03-18 10:24:40 INFO::Table: producers_ids and site_information
2019-03-18 10:24:40 INFO::Time end: 2019-03-18 10:24:40
2019-03-18 10:25:50 INFO::Table: producers_id and site_information
2019-03-18 10:25:50 INFO::Time ini: 2019-03-18 10:25:50
2019-03-18 10:25:54 INFO::Table: producers_id: GA - Connected to DB
2019-03-18 10:29:31 INFO::Table: site_information
2019-03-18 10:29:31 INFO::Time ini: 2019-03-18 10:29:31
2019-03-18 10:37:16 WARNING::GA: 001 - 2018GA001 - 2018 - GA - Nunn - NA - NA - NA - Madison/Morgan/Hanes - 33.571214,-83.494097 - NA - NA: 3-letter farm code was not properly defined
2019-03-18 10:42:55 WARNING::001 - 2018GA001 - 2018 - GA - Nunn - NA - NA - NA - Madison/Morgan/Hanes - 33.571214,-83.494097 - NA - NA
2019-03-18 10:43:20 WARNING::001 - 2018GA001 - 2018 - GA - Nunn - NA - NA - NA - Madison/Morgan/Hanes - 33.571214,-83.494097 - NA - NA: state was not properly defined
2019-03-18 10:47:04 INFO::Table: site_information: GA - Connected to DB
2019-03-18 10:47:25 WARNING::GA: 001 - 2018GA001 - 2018 - GA - Nunn - NA - NA - NA - Madison/Morgan/Hanes - 33.571214,-83.494097 - NA - NA: 3-letter farm code was not properly defined
2019-03-18 10:47:25 WARNING::GA: 002 - 2017GA001 - 2017 - GA - Heatwole - NA - NA - Waynesboro,GA - Burke - 32.57136,-82.07605 - NA - NA: 3-letter farm code was not properly defined
2019-03-18 10:47:34 INFO::Table: site_information: GA - Connected to DB
2019-03-18 10:47:59 WARNING::LNE - 2018GA001 - 2018 - Geo - Nunn - NA - NA - NA - Madison/Morgan/Hanes - 33.571214,-83.494097 - NA - NA: state was not properly defined
2019-03-18 10:47:59 WARNING::HFE - 2017GA001 - 2017 - Nco - Heatwole - NA - NA - Waynesboro,GA - Burke - 32.57136,-82.07605 - NA - NA: state was not properly defined
2019-03-18 10:48:22 INFO::Table: site_information: GA - Connected to DB
2019-03-18 10:48:38 WARNING::LNE - 1 - 2018 - GA - Nunn - NA - NA - NA - Madison/Morgan/Hanes - 33.571214,-83.494097 - NA - NA: producer_ids was not properly defined
2019-03-18 10:48:38 WARNING::HFE - 2 - 2017 - GA - Heatwole - NA - NA - Waynesboro,GA - Burke - 32.57136,-82.07605 - NA - NA: producer_ids was not properly defined
2019-03-18 10:49:04 INFO::Table: producer_ids
2019-03-18 10:49:04 INFO::Time ini: 2019-03-18 10:49:04
2019-03-18 10:49:08 INFO::Table: producers_id: GA - Connected to DB
2019-03-18 10:49:08 INFO::Table: producer_ids
2019-03-18 10:49:08 INFO::Time end: 2019-03-18 10:49:08
2019-03-18 10:49:08 INFO::Table: site_information
2019-03-18 10:49:08 INFO::Time ini: 2019-03-18 10:49:08
2019-03-18 10:49:11 INFO::Table: site_information: GA - Connected to DB
2019-03-18 10:49:11 INFO::Table: producers_ids and site_information
2019-03-18 10:49:11 INFO::Time end: 2019-03-18 10:49:11
2019-03-18 10:50:06 INFO::Table: producer_ids
2019-03-18 10:50:06 INFO::Time ini: 2019-03-18 10:50:06
2019-03-18 10:50:09 INFO::Table: producers_id: GA - Connected to DB
2019-03-18 10:50:09 INFO::Table: producer_ids
2019-03-18 10:50:09 INFO::Time end: 2019-03-18 10:50:09
2019-03-18 10:50:09 INFO::Table: site_information
2019-03-18 10:50:09 INFO::Time ini: 2019-03-18 10:50:09
2019-03-18 10:50:12 INFO::Table: site_information: GA - Connected to DB
2019-03-18 10:50:12 INFO::MODIFIED: OLD:  655 - LNE - 2018 - GA - Madison/Morgan/Hanes - -83.4941 - 33.5712 - NA - NA - 2018GA001
2019-03-18 10:50:12 INFO::MODIFIED: NEW:  1 - 2018 - 1 - 1 - NA - NA - [null] - [null] - 1
2019-03-18 10:50:12 INFO::Table: site_information
2019-03-18 10:50:12 INFO::Time end: 2019-03-18 10:50:12
2019-03-18 10:52:26 INFO::Table: producer_ids
2019-03-18 10:52:26 INFO::Time ini: 2019-03-18 10:52:26
2019-03-18 10:52:30 INFO::Table: producers_id: GA - Connected to DB
2019-03-18 10:52:30 INFO::Table: producer_ids
2019-03-18 10:52:30 INFO::Time end: 2019-03-18 10:52:30
2019-03-18 10:52:30 INFO::Table: site_information
2019-03-18 10:52:30 INFO::Time ini: 2019-03-18 10:52:30
2019-03-18 10:52:33 INFO::Table: site_information: GA - Connected to DB
2019-03-18 10:52:33 INFO::MODIFIED: OLD:  655 - LNE - 2018 - GA - Madison/Morgan/Hanes - -83.4941 - 33.5712 - NA - NA - 2018GA001
2019-03-18 10:52:33 INFO::MODIFIED: NEW:  1 - 2018 - 1 - 1 - NA - NA - [null] - [null] - 1
2019-03-18 10:52:33 INFO::Table: site_information
2019-03-18 10:52:33 INFO::Time end: 2019-03-18 10:52:33
2019-03-18 10:52:44 INFO::Table: site_information
2019-03-18 10:52:44 INFO::Time ini: 2019-03-18 10:52:44
2019-03-18 10:52:46 INFO::Table: site_information: GA - Connected to DB
2019-03-18 10:52:54 INFO::MODIFIED: OLD:  655 - LNE - 2018 - GA - Madison/Morgan/Hanes - -83.4941 - 33.5712 - NA - NA - 2018GA001
2019-03-18 10:52:54 INFO::MODIFIED: NEW:  1 - 2018 - 1 - 1 - NA - NA - [null] - [null] - 1
2019-03-18 10:53:06 INFO::MODIFIED: OLD:  655 - LNE - 2018 - GA - Madison/Morgan/Hanes - -83.4941 - 33.5712 - NA - NA - 2018GA001
2019-03-18 10:53:06 INFO::MODIFIED: NEW:  1 - 2018 - 1 - 1 - NA - NA - [null] - [null] - 1
2019-03-18 10:54:36 INFO::Table: site_information
2019-03-18 10:54:36 INFO::Time ini: 2019-03-18 10:54:36
2019-03-18 10:54:39 INFO::Table: site_information: GA - Connected to DB
2019-03-18 10:55:21 INFO::Table: site_information
2019-03-18 10:55:21 INFO::Time ini: 2019-03-18 10:55:21
2019-03-18 10:55:24 INFO::Table: site_information: GA - Connected to DB
2019-03-18 10:56:04 INFO::MODIFIED: OLD:  655 - LNE - 2018 - GA - Madison/Morgan/Hanes - -83.4941 - 33.5712 - NA - NA - 2018GA001
2019-03-18 10:56:07 INFO::MODIFIED: NEW:  1 - 2018 - 1 - 1 - 0 - 0 - [null] - [null] - 1
2019-03-18 10:56:54 INFO::Table: producer_ids
2019-03-18 10:56:54 INFO::Time ini: 2019-03-18 10:56:54
2019-03-18 10:56:59 INFO::Table: producers_id: GA - Connected to DB
2019-03-18 10:56:59 INFO::Table: producer_ids
2019-03-18 10:56:59 INFO::Time end: 2019-03-18 10:56:59
2019-03-18 10:56:59 INFO::Table: site_information
2019-03-18 10:56:59 INFO::Time ini: 2019-03-18 10:56:59
2019-03-18 10:57:02 INFO::Table: site_information: GA - Connected to DB
2019-03-18 10:57:02 INFO::MODIFIED: OLD:  655 - LNE - 2018 - GA - Madison/Morgan/Hanes - NA - NA - NA - NA - 2018GA001
2019-03-18 10:57:02 INFO::MODIFIED: NEW:  1 - 2018 - 1 - 1 - -83.4941 - 33.5712 - [null] - [null] - 1
2019-03-18 10:57:02 INFO::Table: site_information
2019-03-18 10:57:02 INFO::Time end: 2019-03-18 10:57:02
2019-03-18 11:09:03 INFO::Table: cc_mixture
2019-03-18 11:09:03 INFO::Time ini: 2019-03-18 11:09:03
2019-03-18 11:10:16 INFO::Table: cc_mixture: GA - Connected to DB
2019-03-18 11:10:22 INFO::Table: cc_mixture: GA - Connected to DB
2019-03-18 11:11:02 INFO::Table: cc_mixture: GA - Connected to DB
2019-03-18 11:24:53 WARNING::: 1 - NA - NA: 3-letter farm code was not properly defined
2019-03-18 11:24:53 WARNING::: 2 - Cereal Rye - 50: 3-letter farm code was not properly defined
2019-03-18 11:24:53 WARNING::: 3 - Oats - 50: 3-letter farm code was not properly defined
2019-03-18 11:25:03 WARNING::: 1 - NA - NA: 3-letter farm code was not properly defined
2019-03-18 11:25:03 WARNING::: 2 - Cereal Rye - 50: 3-letter farm code was not properly defined
2019-03-18 11:25:03 WARNING::: 3 - Oats - 50: 3-letter farm code was not properly defined
2019-03-18 11:28:30 WARNING::: LNE - NA - NA: state was not properly defined
2019-03-18 11:28:30 WARNING::: LNE - NA - NA: state was not properly defined
2019-03-18 11:28:30 WARNING::: IHE - NA - NA: state was not properly defined
2019-03-18 11:28:30 WARNING::: LNE - NA - NA: state was not properly defined
2019-03-18 11:28:30 WARNING::: HFE - Other - 1: state was not properly defined
2019-03-18 11:28:30 WARNING::: IHE - NA - NA: state was not properly defined
2019-03-18 11:28:30 WARNING::: LNE - NA - NA: state was not properly defined
2019-03-18 11:28:30 WARNING::: HFE - Radish - 2: state was not properly defined
2019-03-18 11:28:30 WARNING::: IHE - NA - NA: state was not properly defined
2019-03-18 11:28:30 WARNING::: LNE - NA - NA: state was not properly defined
2019-03-18 11:28:30 WARNING::: HFE - NA - NA: state was not properly defined
2019-03-18 11:28:30 WARNING::: IHE - NA - NA: state was not properly defined
2019-03-18 11:30:03 INFO::Table: cc_mixture: GA - Connected to DB
2019-03-18 11:33:16 INFO::Table: cc_mixture: GA - Connected to DB
2019-03-18 11:33:29 WARNING::: HFE - Other - 1: cover crop specie was not properly defined
2019-03-18 11:33:49 INFO::Table: cc_mixture: GA - Connected to DB
2019-03-18 11:34:22 WARNING::: HFE - Other - 1: cover crop specie was not properly defined
2019-03-18 11:41:56 INFO::Table: cc_mixture
2019-03-18 11:41:56 INFO::Time ini: 2019-03-18 11:41:56
2019-03-18 11:42:00 INFO::Table: cc_mixture: GA - Connected to DB
2019-03-18 11:42:00 WARNING::: HFE - Other - 1: cover crop specie was not properly defined
2019-03-18 11:44:13 INFO::ADDED: 1 - 1 - 50
2019-03-18 11:44:31 INFO::ADDED: 1 - 1 - 5
2019-03-18 11:44:36 INFO::Table: cc_mixture
2019-03-18 11:44:36 INFO::Time ini: 2019-03-18 11:44:36
2019-03-18 11:44:40 INFO::Table: cc_mixture: GA - Connected to DB
2019-03-18 11:44:40 WARNING::: HFE - Other - 1: cover crop specie was not properly defined
2019-03-18 12:04:36 INFO::Table: producer_ids
2019-03-18 12:04:36 INFO::Time ini: 2019-03-18 12:04:36
2019-03-18 12:04:42 INFO::Table: producers_id: GA - Connected to DB
2019-03-18 12:04:42 INFO::Table: producer_ids
2019-03-18 12:04:42 INFO::Time end: 2019-03-18 12:04:42
2019-03-18 12:04:42 INFO::Table: site_information
2019-03-18 12:04:42 INFO::Time ini: 2019-03-18 12:04:42
2019-03-18 12:04:45 INFO::Table: site_information: GA - Connected to DB
2019-03-18 12:04:45 INFO::Table: site_information
2019-03-18 12:04:45 INFO::Time end: 2019-03-18 12:04:45
2019-03-18 12:04:45 INFO::Table: cc_mixture
2019-03-18 12:04:45 INFO::Time ini: 2019-03-18 12:04:45
2019-03-18 12:04:49 INFO::Table: cc_mixture: GA - Connected to DB
2019-03-18 12:04:49 WARNING::: HFE - Other - 1: cover crop specie was not properly defined
2019-03-18 12:04:49 INFO::MODIFIED: OLD:  4 - HFE - Cereal Rye - 0
2019-03-18 12:04:49 INFO::MODIFIED: NEW:  1 - 1 - 50
2019-03-18 12:04:49 INFO::Table: cc_mixture
2019-03-18 12:04:49 INFO::Time end: 2019-03-18 12:04:49
2019-03-18 12:04:49 INFO::Table: cc_mixture
2019-03-18 12:04:49 INFO::Time end: 2019-03-18 12:04:49
2019-03-18 12:04:49 INFO::ADDED: 1 - 1 - 3
2019-03-18 12:04:49 INFO::ADDED: 1 - 1 - 2
2019-03-18 12:04:49 INFO::ADDED: 1 - 1 - 50
2019-03-18 12:04:49 INFO::ADDED: 1 - 1 - 12
2019-03-18 12:06:55 INFO::Table: producer_ids
2019-03-18 12:06:55 INFO::Time ini: 2019-03-18 12:06:55
2019-03-18 12:06:59 INFO::Table: producers_id: GA - Connected to DB
2019-03-18 12:06:59 INFO::Table: producer_ids
2019-03-18 12:06:59 INFO::Time end: 2019-03-18 12:06:59
2019-03-18 12:06:59 INFO::Table: site_information
2019-03-18 12:06:59 INFO::Time ini: 2019-03-18 12:06:59
2019-03-18 12:07:02 INFO::Table: site_information: GA - Connected to DB
2019-03-18 12:07:02 INFO::Table: site_information
2019-03-18 12:07:02 INFO::Time end: 2019-03-18 12:07:02
2019-03-18 12:07:02 INFO::Table: cc_mixture
2019-03-18 12:07:02 INFO::Time ini: 2019-03-18 12:07:02
2019-03-18 12:07:05 INFO::Table: cc_mixture: GA - Connected to DB
2019-03-18 12:07:05 WARNING::: HFE - Other - 1: cover crop specie was not properly defined
2019-03-18 12:07:05 INFO::ADDED: 1 - 1 - 50
2019-03-18 12:07:05 INFO::ADDED: 1 - 1 - 5
2019-03-18 12:07:05 INFO::ADDED: 1 - 1 - 3
2019-03-18 12:07:05 INFO::ADDED: 1 - 1 - 2
2019-03-18 12:07:05 INFO::ADDED: 1 - 1 - 50
2019-03-18 12:07:05 INFO::ADDED: 1 - 1 - 12
2019-03-18 12:10:58 INFO::Table: producer_ids
2019-03-18 12:10:58 INFO::Time ini: 2019-03-18 12:10:58
2019-03-18 12:11:03 INFO::Table: producers_id: GA - Connected to DB
2019-03-18 12:11:03 INFO::Table: producer_ids
2019-03-18 12:11:03 INFO::Time end: 2019-03-18 12:11:03
2019-03-18 12:11:03 INFO::Table: site_information
2019-03-18 12:11:03 INFO::Time ini: 2019-03-18 12:11:03
2019-03-18 12:11:06 INFO::Table: site_information: GA - Connected to DB
2019-03-18 12:11:06 INFO::ADDED: LNE - 2018 - GA - Madison/Morgan/Hanes - -83.494097 - 33.571214 - NA - NA - 2018GA001
2019-03-18 12:11:06 INFO::ADDED: HFE - 2017 - GA - Burke - -82.07605 - 32.57136 - NA - NA - 2017GA001
2019-03-18 12:11:06 INFO::ADDED: IHE - 2017 - GA - Oconee - -83.18403 - 33.43547 - NA - NA - 2017GA002
2019-03-18 12:11:06 INFO::Table: site_information
2019-03-18 12:11:06 INFO::Time end: 2019-03-18 12:11:06
2019-03-18 12:11:06 INFO::Table: cc_mixture
2019-03-18 12:11:06 INFO::Time ini: 2019-03-18 12:11:06
2019-03-18 12:11:09 INFO::Table: cc_mixture: GA - Connected to DB
2019-03-18 12:11:09 WARNING::: HFE - Other - 1: cover crop specie was not properly defined
2019-03-18 12:11:09 INFO::ADDED: HFE - Cereal Rye - 50
2019-03-18 12:11:09 INFO::ADDED: HFE - Crimson Clover - 5
2019-03-18 12:11:09 INFO::ADDED: HFE - Hairy Vetch - 3
2019-03-18 12:11:09 INFO::ADDED: HFE - Radish/Turnip - 2
2019-03-18 12:11:09 INFO::ADDED: IHE - Oats - 50
2019-03-18 12:11:09 INFO::ADDED: IHE - Crimson Clover - 12
