2019-03-19 10:07:04 INFO::Table: producer_ids
2019-03-19 10:07:04 INFO::Time ini: 2019-03-19 10:07:04
2019-03-19 10:07:09 INFO::MODIFIED: OLD:  2018GA001 - Nunn - NA - NA - NA
2019-03-19 10:07:09 INFO::MODIFIED: NEW:  2018GA001 - Nunn - [null] - xxxxxxxxxxx - [null]
2019-03-19 10:07:13 INFO::Table: producer_ids
2019-03-19 10:07:13 INFO::Time end: 2019-03-19 10:07:13
2019-03-19 10:07:13 INFO::Table: site_information
2019-03-19 10:07:13 INFO::Time ini: 2019-03-19 10:07:13
2019-03-19 10:07:19 INFO::Table: site_information
2019-03-19 10:07:19 INFO::Time end: 2019-03-19 10:07:19
2019-03-19 10:07:19 INFO::Table: cc_mixture
2019-03-19 10:07:19 INFO::Time ini: 2019-03-19 10:07:19
2019-03-19 10:07:25 INFO::MODIFIED: OLD:
2019-03-19 10:07:25 INFO::MODIFIED: NEW:  HFS - Radish/Turnip - 2
2019-03-19 10:07:25 INFO::Table: cc_mixture
2019-03-19 10:07:25 INFO::Time end: 2019-03-19 10:07:25
2019-03-19 10:08:11 INFO::Table: producer_ids
2019-03-19 10:08:11 INFO::Time ini: 2019-03-19 10:08:11
2019-03-19 10:08:14 INFO::MODIFIED: OLD:  2018GA001 - Nunn - NA - NA - NA
2019-03-19 10:08:14 INFO::MODIFIED: NEW:  2018GA001 - Nunn - [null] - 3343324248 - [null]
2019-03-19 10:08:18 INFO::Table: producer_ids
2019-03-19 10:08:18 INFO::Time end: 2019-03-19 10:08:18
2019-03-19 10:08:18 INFO::Table: site_information
2019-03-19 10:08:18 INFO::Time ini: 2019-03-19 10:08:18
2019-03-19 10:08:23 INFO::Table: site_information
2019-03-19 10:08:23 INFO::Time end: 2019-03-19 10:08:23
2019-03-19 10:08:23 INFO::Table: cc_mixture
2019-03-19 10:08:23 INFO::Time ini: 2019-03-19 10:08:23
2019-03-19 10:08:43 INFO::MODIFIED: OLD:
2019-03-19 10:08:43 INFO::MODIFIED: NEW:  HFS - Radish/Turnip - 2
2019-03-19 10:08:43 INFO::Table: cc_mixture
2019-03-19 10:08:43 INFO::Time end: 2019-03-19 10:08:43
2019-03-19 10:48:41 INFO::Table: producer_ids
2019-03-19 10:48:41 INFO::Time ini: 2019-03-19 10:48:41
2019-03-19 10:48:44 INFO::MODIFIED: OLD:  2018GA001 - Nunn - NA - 3343324248 - NA
2019-03-19 10:48:44 INFO::MODIFIED: NEW:  2018GA001 - Nunn - [null] - [null] - [null]
2019-03-19 10:48:48 INFO::Table: producer_ids
2019-03-19 10:48:48 INFO::Time end: 2019-03-19 10:48:48
2019-03-19 10:48:48 INFO::Table: site_information
2019-03-19 10:48:48 INFO::Time ini: 2019-03-19 10:48:48
2019-03-19 10:48:53 INFO::Table: site_information
2019-03-19 10:48:53 INFO::Time end: 2019-03-19 10:48:53
2019-03-19 10:48:53 INFO::Table: cc_mixture
2019-03-19 10:48:53 INFO::Time ini: 2019-03-19 10:48:53
2019-03-19 10:48:59 INFO::MODIFIED: OLD:
2019-03-19 10:48:59 INFO::MODIFIED: NEW:  HFS - Radish/Turnip - 2
2019-03-19 10:48:59 INFO::Table: cc_mixture
2019-03-19 10:48:59 INFO::Time end: 2019-03-19 10:48:59
