2019-03-15 12:17:31 INFO::Table: producers_id
2019-03-15 12:17:32 INFO::Time ini: 2019-03-15 12:17:32
2019-03-15 13:44:30 INFO::Table: producers_id: GA - Connected to DB
2019-03-15 14:03:42 INFO::ADDED: 2017GA001 - Nunn - NA - NA - NA
2019-03-15 14:10:47 INFO::MODIFIED: OLD:  2017GA001 - Nunn - NA - NA - NA
2019-03-15 14:10:48 INFO::MODIFIED: NEW:  c("2017GA001", "2017GA002", "2017GA003") - c("Nunn", "Heatwole", "UGA/Gassett") - c("test@gmail.com", NA, NA) - c(NA, NA, NA) - c(NA, "Waynesboro,GA", "Watkinsville, GA")
2019-03-15 14:11:11 INFO::MODIFIED: OLD:  2017GA001 - Nunn - NA - NA - NA
2019-03-15 14:11:11 INFO::MODIFIED: NEW:  c("2017GA001", "2017GA002", "2017GA003")
2019-03-15 14:11:21 INFO::MODIFIED: OLD:  2017GA001 - Nunn - NA - NA - NA
2019-03-15 14:11:21 INFO::MODIFIED: NEW:  2017GA001 - Nunn - test@gmail.com - NA - NA
2019-03-15 14:17:09 WARNING::2017GA001 - Nunne - test@gmail.com - NA - NA: same producer id was attributed to two farmers
2019-03-15 14:20:54 INFO::Table: producers_id
2019-03-15 14:20:54 INFO::Time ini: 2019-03-15 14:20:54
2019-03-15 14:21:58 INFO::Table: producers_id
2019-03-15 14:21:58 INFO::Time ini: 2019-03-15 14:21:58
2019-03-15 14:23:17 INFO::Table: producers_id
2019-03-15 14:23:17 INFO::Time ini: 2019-03-15 14:23:17
2019-03-15 14:24:19 INFO::Table: producers_id
2019-03-15 14:24:19 INFO::Time ini: 2019-03-15 14:24:19
2019-03-15 14:24:23 INFO::Table: producers_id: GA - Connected to DB
2019-03-15 14:24:23 INFO::MODIFIED: OLD:  2017GA001 - Nunn - test@gmail.com - NA         - NA
2019-03-15 14:24:23 INFO::MODIFIED: NEW:  2017GA001 - Nunn - NA - NA - NA
2019-03-15 14:24:23 INFO::ADDED: 2017GA002 - Heatwole - NA - NA - Waynesboro,GA
2019-03-15 14:24:23 INFO::ADDED: 2017GA003 - UGA/Gassett - NA - NA - Watkinsville, GA
2019-03-15 14:25:42 INFO::Table: producers_id
2019-03-15 14:25:42 INFO::Time ini: 2019-03-15 14:25:42
2019-03-15 14:25:46 INFO::Table: producers_id: GA - Connected to DB
2019-03-15 14:25:46 INFO::ADDED: 2017GA001 - Nunn - NA - NA - NA
2019-03-15 14:25:46 INFO::ADDED: 2017GA002 - Heatwole - NA - NA - Waynesboro,GA
2019-03-15 14:25:47 INFO::ADDED: 2017GA003 - UGA/Gassett - NA - NA - Watkinsville, GA
2019-03-15 14:26:40 INFO::Table: producers_id: GA - Connected to DB
2019-03-15 14:29:56 INFO::MODIFIED: OLD:  2017GA001 - Nunn - NA - NA - NA
2019-03-15 14:29:56 INFO::MODIFIED: NEW:  2017GA001 - Nunn - test@gmail.com - NA - NA
2019-03-15 14:29:56 INFO::MODIFIED: OLD:  2017GA002 - Heatwole - NA - NA - Waynesboro,GA
2019-03-15 14:29:56 INFO::MODIFIED: NEW:  2017GA002 - Heatwole - NA - NA - Waynesboro,GA
2019-03-15 14:29:56 INFO::MODIFIED: OLD:  2017GA003 - UGA/Gassett - NA - NA - Watkinsville, GA
2019-03-15 14:29:56 INFO::MODIFIED: NEW:  2017GA003 - UGA/Gassett - NA - NA - Watkinsville, GA
2019-03-15 14:31:40 INFO::Table: producers_id: GA - Connected to DB
2019-03-15 14:31:40 INFO::MODIFIED: OLD:  2017GA001 - Nunn - test@gmail.com - NA         - NA
2019-03-15 14:31:40 INFO::MODIFIED: NEW:  2017GA001 - Nunn - NA - NA - NA
2019-03-15 14:31:40 INFO::MODIFIED: OLD:  2017GA002 - Heatwole - NA - NA         - Waynesboro,GA
2019-03-15 14:31:40 INFO::MODIFIED: NEW:  2017GA002 - Heatwole - NA - NA - Waynesboro,GA
2019-03-15 14:31:40 INFO::MODIFIED: OLD:  2017GA003 - UGA/Gassett - NA - NA         - Watkinsville, GA
2019-03-15 14:31:40 INFO::MODIFIED: NEW:  2017GA003 - UGA/Gassett - NA - NA - Watkinsville, GA
2019-03-15 14:32:18 INFO::Table: producers_id
2019-03-15 14:32:18 INFO::Time ini: 2019-03-15 14:32:18
2019-03-15 14:32:21 INFO::Table: producers_id: GA - Connected to DB
2019-03-15 14:32:21 INFO::ADDED: 2017GA001 - Nunn - NA - NA - NA
2019-03-15 14:32:21 INFO::ADDED: 2017GA002 - Heatwole - NA - NA - Waynesboro,GA
2019-03-15 14:32:21 INFO::ADDED: 2017GA003 - UGA/Gassett - NA - NA - Watkinsville, GA
2019-03-15 14:36:46 INFO::Table: producers_id
2019-03-15 14:36:46 INFO::Time ini: 2019-03-15 14:36:46
2019-03-15 14:36:50 INFO::Table: producers_id: GA - Connected to DB
2019-03-15 14:39:02 INFO::Table: producers_id
2019-03-15 14:39:02 INFO::Time ini: 2019-03-15 14:39:02
2019-03-15 14:39:06 INFO::Table: producers_id: GA - Connected to DB
2019-03-15 14:39:06 INFO::MODIFIED: OLD:  2017GA001 - Nunn - NA - NA - NA
2019-03-15 14:39:06 INFO::MODIFIED: NEW:  2017GA001 - Nunn - test@gmail.com - NA - NA
2019-03-15 14:39:06 INFO::Table: producers_ids
2019-03-15 14:39:06 INFO::Time end: 2019-03-15 14:39:06
2019-03-15 14:39:06 INFO::Table: producers_ids
2019-03-15 14:39:06 INFO::Time end: 2019-03-15 14:39:06
2019-03-15 14:39:06 INFO::Table: producers_ids
2019-03-15 14:39:06 INFO::Time end: 2019-03-15 14:39:06
2019-03-15 14:39:43 INFO::Table: producers_id
2019-03-15 14:39:43 INFO::Time ini: 2019-03-15 14:39:43
2019-03-15 14:39:47 INFO::Table: producers_id: GA - Connected to DB
2019-03-15 14:39:47 INFO::MODIFIED: OLD:  2017GA001 - Nunn - test@gmail.com - NA         - NA
2019-03-15 14:39:47 INFO::MODIFIED: NEW:  2017GA001 - Nunn - NA - NA - NA
2019-03-15 14:39:47 INFO::Table: producers_ids
2019-03-15 14:39:47 INFO::Time end: 2019-03-15 14:39:47
2019-03-15 14:40:26 INFO::Table: producers_id
2019-03-15 14:40:26 INFO::Time ini: 2019-03-15 14:40:26
2019-03-15 14:40:29 INFO::Table: producers_id: GA - Connected to DB
2019-03-15 14:40:29 INFO::MODIFIED: OLD:  2017GA001 - Nunn - NA - NA         - NA
2019-03-15 14:40:29 INFO::MODIFIED: NEW:  2017GA001 - Nunn - NA - NA - NA
2019-03-15 14:40:29 INFO::Table: producers_ids
2019-03-15 14:40:29 INFO::Time end: 2019-03-15 14:40:29
2019-03-15 14:43:44 INFO::Table: producers_id
2019-03-15 14:43:44 INFO::Time ini: 2019-03-15 14:43:44
2019-03-15 14:43:47 INFO::Table: producers_id: GA - Connected to DB
2019-03-15 14:44:13 INFO::Table: producers_id: GA - Connected to DB
2019-03-15 14:44:26 INFO::Table: producers_id: GA - Connected to DB
2019-03-15 14:45:17 INFO::Table: producers_id
2019-03-15 14:45:17 INFO::Time ini: 2019-03-15 14:45:17
2019-03-15 14:45:21 INFO::Table: producers_id: GA - Connected to DB
2019-03-15 14:45:33 INFO::Table: producers_id: GA - Connected to DB
2019-03-15 14:45:41 INFO::Table: producers_id: GA - Connected to DB
2019-03-15 14:46:04 INFO::Table: producers_id: GA - Connected to DB
2019-03-15 14:46:18 INFO::Table: producers_id
2019-03-15 14:46:18 INFO::Time ini: 2019-03-15 14:46:18
2019-03-15 14:46:45 INFO::Table: producers_id
2019-03-15 14:46:45 INFO::Time ini: 2019-03-15 14:46:45
2019-03-15 14:46:49 INFO::Table: producers_id: GA - Connected to DB
2019-03-15 14:46:49 INFO::ADDED: 2017GA001 - Nunn - NA - NA - NA
2019-03-15 14:46:49 INFO::ADDED: 2017GA002 - Heatwole - NA - NA - Waynesboro,GA
2019-03-15 14:46:49 INFO::ADDED: 2017GA003 - UGA/Gassett - NA - NA - Watkinsville, GA
2019-03-15 14:46:49 INFO::Table: producers_ids
2019-03-15 14:46:49 INFO::Time end: 2019-03-15 14:46:49
2019-03-15 14:47:34 INFO::Table: producers_id
2019-03-15 14:47:34 INFO::Time ini: 2019-03-15 14:47:34
2019-03-15 14:47:37 INFO::Table: producers_id: GA - Connected to DB
2019-03-15 14:47:37 INFO::ADDED: 2017GA001 - Nunn - NA - NA - NA
2019-03-15 14:47:37 INFO::ADDED: 2017GA002 - Heatwole - NA - NA - Waynesboro,GA
2019-03-15 14:47:37 INFO::ADDED: 2017GA003 - UGA/Gassett - NA - NA - Watkinsville, GA
2019-03-15 14:47:37 INFO::Table: producers_ids
2019-03-15 14:47:37 INFO::Time end: 2019-03-15 14:47:37
2019-03-15 14:47:57 INFO::Table: producers_id
2019-03-15 14:47:57 INFO::Time ini: 2019-03-15 14:47:57
2019-03-15 14:48:01 INFO::Table: producers_id: GA - Connected to DB
2019-03-15 14:48:01 INFO::MODIFIED: OLD:  2017GA001 - Nunn - NA - NA - NA
2019-03-15 14:48:01 INFO::MODIFIED: NEW:  2017GA001 - Nunn - test@gmail.com -  -
2019-03-15 14:48:01 INFO::Table: producers_ids
2019-03-15 14:48:01 INFO::Time end: 2019-03-15 14:48:01
2019-03-15 14:48:21 INFO::Table: producers_id
2019-03-15 14:48:21 INFO::Time ini: 2019-03-15 14:48:21
2019-03-15 14:48:24 INFO::Table: producers_id: GA - Connected to DB
2019-03-15 14:48:24 INFO::MODIFIED: OLD:  2017GA001 - Nunn - test@gmail.com -            -
2019-03-15 14:48:24 INFO::MODIFIED: NEW:  2017GA001 - Nunn -  -  -
2019-03-15 14:48:24 INFO::Table: producers_ids
2019-03-15 14:48:24 INFO::Time end: 2019-03-15 14:48:24
2019-03-15 14:49:35 INFO::Table: producers_id
2019-03-15 14:49:35 INFO::Time ini: 2019-03-15 14:49:35
2019-03-15 14:49:38 INFO::Table: producers_id: GA - Connected to DB
2019-03-15 14:49:39 INFO::MODIFIED: OLD:  2017GA001 - Nunn -  -            -
2019-03-15 14:49:39 INFO::MODIFIED: NEW:  2017GA001 - Nunn - [null] - [null] - [null]
2019-03-15 14:49:39 INFO::Table: producers_ids
2019-03-15 14:49:39 INFO::Time end: 2019-03-15 14:49:39
2019-03-15 14:50:04 INFO::Table: producers_id
2019-03-15 14:50:04 INFO::Time ini: 2019-03-15 14:50:04
2019-03-15 14:50:08 INFO::Table: producers_id: GA - Connected to DB
2019-03-15 14:50:08 INFO::MODIFIED: OLD:  2017GA001 - Nunn - [null] - [null]     - [null]
2019-03-15 14:50:08 INFO::MODIFIED: NEW:  2017GA001 - Nunn - NaN - NA -
2019-03-15 14:50:08 INFO::Table: producers_ids
2019-03-15 14:50:08 INFO::Time end: 2019-03-15 14:50:08
2019-03-15 14:50:40 INFO::Table: producers_id
2019-03-15 14:50:40 INFO::Time ini: 2019-03-15 14:50:40
2019-03-15 14:50:43 INFO::Table: producers_id: GA - Connected to DB
2019-03-15 14:51:44 INFO::Table: producers_id: GA - Connected to DB
2019-03-15 14:53:39 INFO::MODIFIED: OLD:  2017GA003 - UGA/Gassett - NA - NA - Watkinsville, GA
2019-03-15 14:53:39 INFO::MODIFIED: NEW:  2017GA001 - Nunn - null - null - null
2019-03-15 14:55:39 INFO::Table: producers_id: GA - Connected to DB
2019-03-15 14:58:03 INFO::Table: producers_id
2019-03-15 14:58:03 INFO::Time ini: 2019-03-15 14:58:03
2019-03-15 14:58:06 INFO::Table: producers_id: GA - Connected to DB
2019-03-15 15:00:23 INFO::Table: producers_id
2019-03-15 15:00:23 INFO::Time ini: 2019-03-15 15:00:23
2019-03-15 15:00:27 INFO::Table: producers_id: GA - Connected to DB
2019-03-15 15:00:27 INFO::MODIFIED: OLD:  2017GA001 - Nunn - null - null       - null
2019-03-15 15:00:27 INFO::MODIFIED: NEW:  2017GA001 - Nunn - NA - NA - NA
2019-03-15 15:00:27 INFO::Table: producers_ids
2019-03-15 15:00:27 INFO::Time end: 2019-03-15 15:00:27
2019-03-15 15:00:57 INFO::Table: producers_id
2019-03-15 15:00:57 INFO::Time ini: 2019-03-15 15:00:57
2019-03-15 15:01:01 INFO::Table: producers_id: GA - Connected to DB
2019-03-15 15:01:01 INFO::MODIFIED: OLD:  2017GA001 - Nunn - null - null       - null
2019-03-15 15:01:01 INFO::MODIFIED: NEW:  2017GA001 - Nunn - NA - NA - NA
2019-03-15 15:01:01 INFO::Table: producers_ids
2019-03-15 15:01:01 INFO::Time end: 2019-03-15 15:01:01
2019-03-15 15:04:15 INFO::Table: producers_id
2019-03-15 15:04:15 INFO::Time ini: 2019-03-15 15:04:15
2019-03-15 15:04:18 INFO::Table: producers_id: GA - Connected to DB
2019-03-15 15:04:18 INFO::ADDED: 2017GA001 - Nunn - NA - NA - NA
2019-03-15 15:04:18 INFO::ADDED: 2017GA002 - Heatwole - NA - NA - Waynesboro,GA
2019-03-15 15:04:18 INFO::ADDED: 2017GA003 - UGA/Gassett - NA - NA - Watkinsville, GA
2019-03-15 15:04:18 INFO::Table: producers_ids
2019-03-15 15:04:18 INFO::Time end: 2019-03-15 15:04:18
2019-03-15 15:04:27 INFO::Table: producers_id
2019-03-15 15:04:27 INFO::Time ini: 2019-03-15 15:04:27
2019-03-15 15:04:30 INFO::Table: producers_id: GA - Connected to DB
2019-03-15 15:04:30 INFO::MODIFIED: OLD:  2017GA001 - Nunn - NA - NA - NA
2019-03-15 15:04:30 INFO::MODIFIED: NEW:  2017GA001 - Nunn - test@gmail.com - NA - NA
2019-03-15 15:04:30 INFO::Table: producers_ids
2019-03-15 15:04:30 INFO::Time end: 2019-03-15 15:04:30
2019-03-15 15:07:46 INFO::Table: producers_id
2019-03-15 15:07:46 INFO::Time ini: 2019-03-15 15:07:46
2019-03-15 15:07:50 INFO::Table: producers_id: GA - Connected to DB
2019-03-15 15:07:50 INFO::MODIFIED: OLD:  2017GA001 - Nunn - test@gmail.com - NA - NA
2019-03-15 15:07:50 INFO::MODIFIED: NEW:  2017GA001 - Nunn - NA - NA - NA
2019-03-15 15:07:50 INFO::Table: producers_ids
2019-03-15 15:07:50 INFO::Time end: 2019-03-15 15:07:50
2019-03-15 15:08:55 INFO::Table: producers_id
2019-03-15 15:08:55 INFO::Time ini: 2019-03-15 15:08:55
2019-03-15 15:08:58 INFO::Table: producers_id: GA - Connected to DB
2019-03-15 15:08:58 INFO::MODIFIED: OLD:  2017GA003 - UGA/Gassett - NA - NA - Watkinsville, GA
2019-03-15 15:08:58 INFO::MODIFIED: NEW:  2017GA003 - UGA/Gassett - test - [null] - Watkinsville, GA
2019-03-15 15:08:58 INFO::Table: producers_ids
2019-03-15 15:08:58 INFO::Time end: 2019-03-15 15:08:58
2019-03-15 15:09:25 INFO::Table: producers_id
2019-03-15 15:09:25 INFO::Time ini: 2019-03-15 15:09:25
2019-03-15 15:09:28 INFO::Table: producers_id: GA - Connected to DB
2019-03-15 15:09:28 INFO::MODIFIED: OLD:  2017GA003 - UGA/Gassett - test - NA - Watkinsville, GA
2019-03-15 15:09:28 INFO::MODIFIED: NEW:  2017GA003 - UGA/Gassett - [null] - [null] - Watkinsville, GA
2019-03-15 15:09:28 INFO::Table: producers_ids
2019-03-15 15:09:28 INFO::Time end: 2019-03-15 15:09:28
2019-03-15 15:18:43 INFO::Table: producers_id
2019-03-15 15:18:43 INFO::Time ini: 2019-03-15 15:18:43
2019-03-15 15:18:47 INFO::Table: producers_id: GA - Connected to DB
2019-03-15 15:18:47 INFO::Table: producers_ids
2019-03-15 15:18:47 INFO::Time end: 2019-03-15 15:18:47
2019-03-15 15:47:12 INFO::Table: producers_id
2019-03-15 15:47:12 INFO::Time ini: 2019-03-15 15:47:12
2019-03-15 15:47:16 INFO::Table: producers_id: GA - Connected to DB
2019-03-15 15:47:16 INFO::ADDED: 2017GA001 - Nunn - NA - NA - NA
2019-03-15 15:47:16 INFO::ADDED: 2017GA002 - Heatwole - NA - NA - Waynesboro,GA
2019-03-15 15:47:16 INFO::ADDED: 2017GA003 - UGA/Gassett - NA - NA - Watkinsville, GA
2019-03-15 15:47:16 INFO::Table: producers_ids
2019-03-15 15:47:16 INFO::Time end: 2019-03-15 15:47:16
