2019-04-08 09:33:13 INFO::Table: applied_chemicals
2019-04-08 09:33:14 INFO::Time ini: 2019-04-08 09:33:14
2019-04-08 09:45:33 INFO::Table: applied_chemicals
2019-04-08 09:45:33 INFO::Time ini: 2019-04-08 09:45:33
2019-04-08 09:45:41 INFO::ADDED: character(0) - character(0)
2019-04-08 09:45:45 INFO::ADDED: HFE - Glyphosate/Roundup
2019-04-08 09:45:45 INFO::ADDED: HFE - 2 4-D
2019-04-08 09:45:45 INFO::ADDED: IHE - Glyphosate/Roundup
2019-04-08 09:45:49 INFO::ADDED: character(0) - character(0)
2019-04-08 09:45:52 INFO::ADDED: LAB - Glyphosate/Roundup
2019-04-08 09:45:52 INFO::ADDED: LAC - Glyphosate/Roundup
2019-04-08 09:45:52 INFO::ADDED: RAB - Glyphosate/Roundup
2019-04-08 09:45:52 INFO::Table: applied_chemicals
2019-04-08 09:45:52 INFO::Time end: 2019-04-08 09:45:52
2019-04-08 09:48:30 INFO::Table: applied_chemicals
2019-04-08 09:48:30 INFO::Time ini: 2019-04-08 09:48:30
2019-04-08 09:49:23 INFO::ADDED: HFS - Glyphosate/Roundup
2019-04-08 09:49:23 INFO::ADDED: IHS - Glyphosate/Roundup
2019-04-08 09:49:23 INFO::ADDED: RHS - Atrazine
2019-04-08 09:50:16 INFO::ADDED: HFS - Glyphosate/Roundup
2019-04-08 09:50:16 INFO::ADDED: IHS - Glyphosate/Roundup
2019-04-08 09:50:16 INFO::ADDED: RHS - Atrazine
2019-04-08 09:50:16 INFO::ADDED: RHS - Paraquat/Gramoxone
2019-04-08 09:50:16 INFO::ADDED: RHS - Metolachlor/Bicep/Dual/etc.
2019-04-08 09:50:25 INFO::ADDED: character(0) - character(0)
2019-04-08 09:50:27 INFO::ADDED: HFE - Glyphosate/Roundup
2019-04-08 09:50:27 INFO::ADDED: HFE - 2 4-D
2019-04-08 09:50:27 INFO::ADDED: IHE - Glyphosate/Roundup
2019-04-08 09:50:27 INFO::ADDED: LNE - Glyphosate/Roundup
2019-04-08 09:50:27 INFO::ADDED: LNE - 2 4-D
2019-04-08 09:50:30 INFO::ADDED: character(0) - character(0)
2019-04-08 09:50:33 INFO::ADDED: LAB - Glyphosate/Roundup
2019-04-08 09:50:33 INFO::ADDED: LAC - Glyphosate/Roundup
2019-04-08 09:50:33 INFO::ADDED: RAB - Glyphosate/Roundup
2019-04-08 09:50:33 INFO::ADDED: RAB - 2 4-D
2019-04-08 10:08:10 INFO::Table: applied_chemicals
2019-04-08 10:08:10 INFO::Time ini: 2019-04-08 10:08:10
2019-04-08 10:08:16 INFO::ADDED: character(0) - character(0)
2019-04-08 10:08:25 INFO::ADDED: character(0) - character(0)
2019-04-08 10:08:28 INFO::ADDED: NTL - Glyphosate/Roundup
2019-04-08 10:08:28 INFO::Table: applied_chemicals
2019-04-08 10:08:28 INFO::Time end: 2019-04-08 10:08:28
2019-04-08 10:10:29 INFO::Table: applied_chemicals
2019-04-08 10:10:29 INFO::Time ini: 2019-04-08 10:10:29
2019-04-08 10:10:34 INFO::ADDED: character(0) - character(0)
2019-04-08 10:11:00 INFO::Table: applied_chemicals
2019-04-08 10:11:02 INFO::Time end: 2019-04-08 10:11:02
2019-04-08 10:11:31 INFO::DELETED: 19 - HFE - Glyphosate/Roundup
2019-04-08 10:11:31 INFO::DELETED: 20 - HFE - 2 4-D
2019-04-08 10:11:31 INFO::DELETED: 21 - IHE - Glyphosate/Roundup
2019-04-08 10:11:31 INFO::DELETED: 22 - LNE - Glyphosate/Roundup
2019-04-08 10:11:31 INFO::DELETED: 23 - LNE - 2 4-D
2019-04-08 10:11:31 INFO::DELETED: 24 - LAB - Glyphosate/Roundup
2019-04-08 10:11:31 INFO::DELETED: 25 - LAC - Glyphosate/Roundup
2019-04-08 10:11:31 INFO::DELETED: 26 - RAB - Glyphosate/Roundup
2019-04-08 10:11:31 INFO::DELETED: 27 - RAB - 2 4-D
2019-04-08 10:11:31 INFO::DELETED: 28 - NTL - Glyphosate/Roundup
2019-04-08 10:11:47 INFO::Table: applied_chemicals
2019-04-08 10:11:47 INFO::Time ini: 2019-04-08 10:11:47
2019-04-08 10:11:53 INFO::ADDED: character(0) - character(0)
2019-04-08 10:11:55 INFO::ADDED: HFE - Glyphosate/Roundup
2019-04-08 10:11:55 INFO::ADDED: HFE - 2 4-D
2019-04-08 10:11:55 INFO::ADDED: IHE - Glyphosate/Roundup
2019-04-08 10:11:55 INFO::ADDED: LNE - Glyphosate/Roundup
2019-04-08 10:11:55 INFO::ADDED: LNE - 2 4-D
2019-04-08 10:11:58 INFO::ADDED: character(0) - character(0)
2019-04-08 10:12:01 INFO::ADDED: LAB - Glyphosate/Roundup
2019-04-08 10:12:01 INFO::ADDED: LAC - Glyphosate/Roundup
2019-04-08 10:12:01 INFO::ADDED: NTL - Glyphosate/Roundup
2019-04-08 10:12:01 INFO::ADDED: RAB - Glyphosate/Roundup
2019-04-08 10:12:01 INFO::ADDED: RAB - 2 4-D
2019-04-08 10:12:01 INFO::Table: applied_chemicals
2019-04-08 10:12:01 INFO::Time end: 2019-04-08 10:12:01
2019-04-08 10:13:12 INFO::Table: applied_chemicals
2019-04-08 10:13:12 INFO::Time ini: 2019-04-08 10:13:12
2019-04-08 10:13:17 INFO::ADDED: character(0) - character(0)
2019-04-08 10:13:21 INFO::ADDED: character(0) - character(0)
2019-04-08 10:13:25 INFO::Table: applied_chemicals
2019-04-08 10:13:25 INFO::Time end: 2019-04-08 10:13:25
2019-04-08 10:15:00 INFO::Table: farm_history
2019-04-08 10:15:00 INFO::Time ini: 2019-04-08 10:15:00
2019-04-08 10:15:23 INFO::Table: farm_history
2019-04-08 10:15:24 INFO::Time ini: 2019-04-08 10:15:24
2019-04-08 10:19:58 WARNING::GA: IHS - Other - Corn - 2016-11-04 - 2017-03-29 - 2017-04-17 - Before - 30 - NA - No - Drilled - Herbicide - 49 - NA - NA - 0 - No - NA - NA - NA - Yes - NA - poultry litter, lime - 3 ton poultry litter/3 lb lime per acre - No - NA - NA - NA: previous cash crop was not properly defined
2019-04-08 10:27:39 WARNING::GA: IHS - [null] - Corn - 2016-11-04 - 2017-03-29 - 2017-04-17 - Before - 30 - NA - No - Drilled - Herbicide - 49 - NA - NA - 0 - No - NA - NA - NA - Yes - NA - poultry litter, lime - 3 ton poultry litter/3 lb lime per acre - No - NA - NA - NA: previous cash crop was not properly defined
2019-04-08 11:22:31 WARNING::GA: IHS - Other - Corn - 2016-11-04 - 2017-03-29 - 2017-04-17 - Before - 30 - NA - No - Drilled - Herbicide - 49 - NA - NA - 0 - No - NA - NA - NA - Yes - NA - poultry litter, lime - 3 ton poultry litter/3 lb lime per acre - No - NA - NA - NA: previous cash crop was not properly defined
2019-04-08 11:36:48 WARNING::GA: IHS - Other - Corn - 2016-11-04 - 2017-03-29 - 2017-04-17 - Before - 30 - NA - No - Drilled - Herbicide - 49 - NA - NA - 0 - No - NA - NA - NA - Yes - NA - poultry litter, lime - 3 ton poultry litter/3 lb lime per acre - No - NA - NA - NA: previous cash crop was not properly defined
2019-04-08 11:41:54 INFO::ADDED: 1 - 1 - 1 - NA - 1 - 1 - 1 - NA - NA - NA - NA - NA - 1 - 17295 - 1 - 1 - 1 - 1 - 61 - NA - NA - 1 - 30 - 1 - 1 - 1 - 1 - 1
2019-04-08 11:51:45 WARNING::GA: IHS - Other - Corn - 2016-11-04 - 2017-03-29 - 2017-04-17 - Before - 30 - NA - No - Drilled - Herbicide - 49 - NA - NA - 0 - No - NA - NA - NA - Yes - NA - poultry litter, lime - 3 ton poultry litter/3 lb lime per acre - No - NA - NA - NA: previous cash crop was not properly defined
2019-04-08 14:38:51 INFO::Table: farm_history
2019-04-08 14:38:51 INFO::Time ini: 2019-04-08 14:38:51
2019-04-08 14:38:57 WARNING::GA: IHS - Other - Corn - 2016-11-04 - 2017-03-29 - 2017-04-17 - Before - 30 - NA - No - Drilled - Herbicide - 49 - NA - NA - 0 - No - NA - NA - NA - Yes - NA - poultry litter, lime - 3 ton poultry litter/3 lb lime per acre - No - NA - NA - NA: previous cash crop was not properly defined
2019-04-08 14:41:12 INFO::Table: farm_history
2019-04-08 14:41:12 INFO::Time ini: 2019-04-08 14:41:12
2019-04-08 14:41:17 WARNING::GA: IHS - Other - Corn - 2016-11-04 - 2017-03-29 - 2017-04-17 - Before - 30 - NA - No - Drilled - Herbicide - 49 - NA - NA - 0 - No - NA - NA - NA - Yes - NA - poultry litter, lime - 3 ton poultry litter/3 lb lime per acre - No - NA - NA - NA: previous cash crop was not properly defined
2019-04-08 14:43:09 INFO::Table: farm_history
2019-04-08 14:43:09 INFO::Time ini: 2019-04-08 14:43:09
2019-04-08 14:46:07 INFO::ADDED: 1 - 1 - 1 - NA - 1 - 1 - 1 - NA - NA - NA - NA - NA - 1 - NA - 1 - 1 - 1 - 1 - 49 - NA - 1 - NA - 30 - 1 - 1 - 1 - 1 - 1
2019-04-08 14:53:49 INFO::Table: farm_history
2019-04-08 14:53:49 INFO::Time ini: 2019-04-08 14:53:49
2019-04-08 14:53:54 INFO::ADDED: 1 - 1 - 1 - 1 - 1 - 1 - 1 - NA - NA - NA - NA - NA - NA - NA - 1 - 1 - 1 - 1 - 60 - NA - 1 - 1 - 20 - NA - 1 - 1 - 1 - 1
2019-04-08 14:53:54 INFO::Table: farm_history
2019-04-08 14:53:54 INFO::Time end: 2019-04-08 14:53:54
2019-04-08 14:55:45 INFO::Table: farm_history
2019-04-08 14:55:45 INFO::Time ini: 2019-04-08 14:55:45
2019-04-08 14:55:52 INFO::ADDED: 1 - 1 - 1 - 1 - 1 - 1 - 1 - NA - NA - NA - NA - NA - 1 - 17692 - 1 - 1 - 1 - 1 - NA - NA - 1 - 1 - 30 - NA - 1 - 1 - 1 - 1
2019-04-08 14:55:52 INFO::ADDED: 1 - 1 - 1 - 1 - 1 - 1 - 1 - NA - NA - NA - 1 - NA - 1 - NA - 1 - 1 - 1 - 1 - 61 - 1 - 1 - NA - 30 - 1 - 1 - 1 - 1 - 1
2019-04-08 14:55:53 INFO::ADDED: 1 - 1 - 1 - NA - NA - 1 - 1 - NA - NA - NA - 1 - NA - NA - 18052 - 1 - 1 - NA - NA - NA - NA - NA - 1 - NA - 1 - NA - 1 - NA - NA
2019-04-08 14:55:53 INFO::Table: farm_history
2019-04-08 14:55:53 INFO::Time end: 2019-04-08 14:55:53
2019-04-08 15:07:27 INFO::Table: farm_history
2019-04-08 15:07:27 INFO::Time ini: 2019-04-08 15:07:27
2019-04-08 15:07:35 INFO::ADDED: 1 - NA - NA - NA - NA - NA - NA - NA - NA - NA - NA - NA - NA - NA - NA - NA - NA - NA - NA - NA - NA - NA - NA - NA - NA - NA - NA - NA
2019-04-08 15:07:35 INFO::ADDED: 1 - NA - NA - NA - NA - NA - NA - NA - NA - NA - NA - NA - NA - NA - NA - NA - NA - NA - NA - NA - NA - NA - NA - NA - NA - NA - NA - NA
2019-04-08 15:07:35 INFO::ADDED: 1 - NA - NA - NA - NA - NA - NA - NA - NA - NA - NA - NA - NA - NA - NA - NA - NA - NA - NA - NA - NA - NA - NA - NA - NA - NA - NA - NA
2019-04-08 15:07:35 INFO::ADDED: 1 - NA - NA - NA - NA - NA - NA - NA - NA - NA - NA - NA - NA - NA - NA - NA - NA - NA - NA - NA - NA - NA - NA - NA - NA - NA - NA - NA
2019-04-08 15:07:35 INFO::ADDED: 1 - NA - NA - NA - NA - NA - NA - NA - NA - NA - NA - NA - NA - NA - NA - NA - NA - NA - NA - NA - NA - NA - NA - NA - NA - NA - NA - NA
2019-04-08 15:07:35 INFO::ADDED: 1 - NA - NA - NA - NA - NA - NA - NA - NA - NA - NA - NA - NA - NA - NA - NA - NA - NA - NA - NA - NA - NA - NA - NA - NA - NA - NA - NA
2019-04-08 15:07:35 INFO::ADDED: 1 - NA - NA - NA - NA - NA - NA - NA - NA - NA - NA - NA - NA - NA - NA - NA - NA - NA - NA - NA - NA - NA - NA - NA - NA - NA - NA - NA
2019-04-08 15:07:35 INFO::ADDED: 1 - NA - NA - NA - NA - NA - NA - NA - NA - NA - NA - NA - NA - NA - NA - NA - NA - NA - NA - NA - NA - NA - NA - NA - NA - NA - NA - NA
2019-04-08 15:07:35 INFO::ADDED: 1 - NA - NA - NA - NA - NA - NA - NA - NA - NA - NA - NA - NA - NA - NA - NA - NA - NA - NA - NA - NA - NA - NA - NA - NA - NA - NA - NA
2019-04-08 15:07:35 INFO::ADDED: 1 - NA - NA - NA - NA - NA - NA - NA - NA - NA - NA - NA - NA - NA - NA - NA - NA - NA - NA - NA - NA - NA - NA - NA - NA - NA - NA - NA
2019-04-08 15:07:35 INFO::ADDED: 1 - NA - NA - NA - NA - NA - NA - NA - NA - NA - NA - NA - NA - NA - NA - NA - NA - NA - NA - NA - NA - NA - NA - NA - NA - NA - NA - NA
2019-04-08 15:07:35 INFO::ADDED: 1 - NA - NA - NA - NA - 1 - NA - NA - NA - NA - NA - NA - NA - NA - NA - NA - NA - NA - NA - NA - NA - NA - NA - NA - NA - NA - NA - NA
2019-04-08 15:07:35 INFO::ADDED: 1 - NA - NA - NA - NA - NA - NA - NA - NA - NA - NA - NA - NA - NA - NA - NA - NA - NA - NA - NA - NA - NA - NA - NA - NA - NA - NA - NA
2019-04-08 15:07:35 INFO::ADDED: 1 - NA - NA - NA - NA - NA - NA - NA - NA - NA - NA - NA - NA - NA - NA - NA - NA - NA - NA - NA - NA - NA - NA - NA - NA - NA - NA - NA
2019-04-08 15:07:35 INFO::ADDED: 1 - NA - NA - NA - NA - NA - NA - NA - NA - NA - NA - NA - NA - NA - NA - NA - NA - NA - NA - NA - NA - NA - NA - NA - NA - NA - NA - NA
2019-04-08 15:07:35 INFO::ADDED: 1 - NA - NA - NA - NA - NA - NA - NA - NA - NA - NA - NA - NA - NA - NA - NA - NA - NA - NA - NA - NA - NA - NA - NA - NA - NA - NA - NA
2019-04-08 15:07:35 INFO::ADDED: 1 - NA - NA - NA - NA - NA - NA - NA - NA - NA - NA - NA - NA - NA - NA - NA - NA - NA - NA - NA - NA - NA - NA - NA - NA - NA - NA - NA
2019-04-08 15:07:42 INFO::ADDED: 1 - NA - NA - NA - NA - NA - NA - NA - NA - NA - NA - NA - NA - NA - 1 - NA - NA - NA - NA - NA - NA - NA - NA - NA - NA - NA - NA - NA
2019-04-08 15:07:42 INFO::ADDED: 1 - NA - NA - NA - NA - NA - NA - NA - NA - NA - NA - NA - NA - NA - NA - NA - NA - NA - NA - NA - NA - NA - NA - NA - NA - NA - NA - NA
2019-04-08 15:07:42 INFO::ADDED: 1 - NA - NA - NA - NA - NA - NA - NA - NA - NA - NA - NA - NA - NA - NA - NA - NA - NA - NA - NA - NA - NA - NA - NA - NA - NA - NA - NA
2019-04-08 15:07:42 INFO::ADDED: 1 - NA - NA - NA - NA - NA - NA - NA - NA - NA - NA - NA - NA - NA - NA - NA - NA - NA - NA - NA - NA - NA - NA - NA - NA - NA - NA - NA
2019-04-08 15:07:42 INFO::ADDED: 1 - NA - NA - NA - NA - NA - NA - NA - NA - NA - NA - NA - NA - NA - NA - NA - NA - NA - NA - NA - NA - NA - NA - NA - NA - NA - NA - NA
2019-04-08 15:07:42 INFO::ADDED: 1 - NA - NA - NA - NA - NA - NA - NA - NA - NA - NA - NA - NA - NA - NA - NA - NA - NA - NA - NA - NA - NA - NA - NA - NA - NA - NA - NA
2019-04-08 15:07:42 INFO::ADDED: 1 - NA - NA - NA - NA - NA - NA - NA - NA - NA - NA - NA - NA - NA - NA - NA - NA - NA - NA - NA - NA - NA - NA - NA - NA - NA - NA - NA
2019-04-08 15:07:42 INFO::ADDED: 1 - NA - NA - NA - NA - NA - NA - NA - NA - NA - NA - NA - NA - NA - NA - NA - NA - NA - NA - NA - NA - NA - NA - NA - NA - NA - NA - NA
2019-04-08 15:07:42 INFO::ADDED: 1 - NA - NA - NA - NA - NA - NA - NA - NA - NA - NA - NA - NA - NA - NA - NA - NA - NA - NA - NA - NA - NA - NA - NA - NA - NA - NA - NA
2019-04-08 15:07:42 INFO::ADDED: 1 - NA - NA - NA - NA - NA - NA - NA - NA - NA - NA - NA - NA - NA - NA - NA - NA - NA - NA - NA - NA - NA - NA - NA - NA - NA - NA - NA
2019-04-08 15:07:42 INFO::ADDED: 1 - NA - NA - NA - NA - NA - NA - NA - NA - NA - NA - NA - NA - NA - NA - NA - NA - NA - NA - NA - NA - NA - NA - NA - NA - NA - NA - NA
2019-04-08 15:07:42 INFO::ADDED: 1 - NA - NA - NA - NA - NA - NA - NA - NA - NA - NA - NA - NA - NA - NA - NA - NA - NA - NA - NA - NA - NA - NA - NA - NA - NA - NA - NA
2019-04-08 15:07:42 INFO::ADDED: 1 - NA - NA - NA - NA - NA - NA - NA - NA - NA - NA - NA - NA - NA - NA - NA - NA - NA - NA - NA - NA - NA - NA - NA - NA - NA - NA - NA
2019-04-08 15:07:42 INFO::ADDED: 1 - NA - NA - NA - NA - NA - NA - NA - NA - NA - NA - NA - NA - NA - NA - NA - NA - NA - NA - NA - NA - NA - NA - NA - NA - NA - NA - NA
2019-04-08 15:07:42 INFO::ADDED: 1 - NA - NA - NA - NA - NA - NA - NA - NA - NA - NA - NA - NA - NA - NA - NA - NA - NA - NA - NA - NA - NA - NA - NA - NA - NA - NA - NA
2019-04-08 15:07:42 INFO::ADDED: 1 - NA - NA - NA - NA - NA - NA - NA - NA - NA - NA - NA - NA - NA - NA - NA - NA - NA - NA - NA - NA - NA - NA - NA - NA - NA - NA - NA
2019-04-08 15:07:42 INFO::ADDED: 1 - NA - NA - NA - NA - NA - NA - NA - NA - NA - NA - NA - NA - NA - NA - NA - NA - NA - NA - NA - NA - NA - NA - NA - NA - NA - NA - NA
2019-04-08 15:07:42 INFO::ADDED: 1 - NA - NA - NA - NA - NA - NA - NA - NA - NA - NA - NA - NA - NA - NA - NA - NA - NA - NA - NA - NA - NA - NA - NA - NA - NA - NA - NA
2019-04-08 15:07:42 INFO::ADDED: 1 - NA - NA - NA - NA - NA - NA - NA - NA - NA - NA - NA - NA - NA - NA - NA - NA - NA - NA - NA - NA - NA - NA - NA - NA - NA - NA - NA
2019-04-08 15:07:42 INFO::ADDED: 1 - NA - NA - NA - NA - NA - NA - NA - NA - NA - NA - NA - NA - NA - NA - NA - NA - NA - NA - NA - NA - NA - NA - NA - NA - NA - NA - NA
2019-04-08 15:07:42 INFO::ADDED: 1 - NA - NA - NA - NA - NA - NA - NA - NA - NA - NA - NA - NA - NA - NA - NA - NA - NA - NA - NA - NA - NA - NA - NA - NA - NA - NA - NA
2019-04-08 15:07:42 INFO::ADDED: 1 - NA - NA - NA - NA - NA - NA - NA - NA - NA - NA - NA - NA - NA - 1 - NA - NA - NA - NA - NA - NA - NA - NA - NA - NA - NA - NA - NA
2019-04-08 15:07:42 INFO::ADDED: 1 - NA - NA - NA - NA - NA - NA - NA - NA - NA - NA - NA - NA - NA - 1 - NA - NA - NA - NA - NA - NA - NA - NA - NA - NA - NA - NA - NA
2019-04-08 15:07:42 INFO::Table: farm_history
2019-04-08 15:07:42 INFO::Time end: 2019-04-08 15:07:42
