2019-03-20 08:56:53 INFO::Table: site_information
2019-03-20 08:56:53 INFO::Time ini: 2019-03-20 08:56:53
2019-03-20 09:04:50 INFO::Table: producer_ids
2019-03-20 09:04:50 INFO::Time ini: 2019-03-20 09:04:50
2019-03-20 09:04:58 INFO::ADDED: 2017NC001 - Ragan - zrtaylor@ncsu.edu - 9197707441 - 640 ragan road sanford, NC
2019-03-20 09:04:58 INFO::ADDED: 2017NC002 - Page - pagebuiders@charter.net - 9102841511 - 679-671 State Rd 1149, teachey, NC
2019-03-20 09:04:58 INFO::ADDED: 2017NC003 - Knowles - matthewknowles1985@gmail.com - 9103858667 - 738 Wells town Road, Teachey, NC
2019-03-20 09:04:58 INFO::ADDED: 2017NC004 - Coleman - scfarmer01@gmail.com - 8438417373 - 1110 Harllees Bridge Rd Dillon, SC
2019-03-20 09:05:51 INFO::Table: producer_ids
2019-03-20 09:05:51 INFO::Time ini: 2019-03-20 09:05:51
2019-03-20 09:06:02 INFO::MODIFIED: OLD:  2017NC001 - Ragan - zrtaylor@ncsu.edu - 9197707441 - 640 ragan road sanford, NC
2019-03-20 09:06:02 INFO::MODIFIED: NEW:  2017NC001 - Ragan - zrtaylor@ncsu.edu - 9197707441 - 640 ragan road sanford, NC
2019-03-20 09:06:02 INFO::MODIFIED: OLD:  2017NC002 - Page - pagebuiders@charter.net - 9102841511 - 679-671 State Rd 1149, teachey, NC
2019-03-20 09:06:02 INFO::MODIFIED: NEW:  2017NC002 - Page - pagebuiders@charter.net - 9102841511 - 679-671 State Rd 1149, teachey, NC
2019-03-20 09:06:02 INFO::MODIFIED: OLD:  2017NC003 - Knowles - matthewknowles1985@gmail.com - 9103858667 - 738 Wells town Road, Teachey, NC
2019-03-20 09:06:02 INFO::MODIFIED: NEW:  2017NC003 - Knowles - matthewknowles1985@gmail.com - 9103858667 - 738 Wells town Road, Teachey, NC
2019-03-20 09:06:02 INFO::MODIFIED: OLD:  2017NC004 - Coleman - scfarmer01@gmail.com - 8438417373 - 1110 Harllees Bridge Rd Dillon, SC
2019-03-20 09:06:02 INFO::MODIFIED: NEW:  2017NC004 - Coleman - scfarmer01@gmail.com - 8438417373 - 1110 Harllees Bridge Rd Dillon, SC
2019-03-20 09:06:02 INFO::MODIFIED: OLD:  2017NC004 - Coleman - scfarmer01@gmail.com - 8438417373 - 1110 Harllees Bridge Rd Dillon, SC
2019-03-20 09:06:02 INFO::MODIFIED: NEW:  2017NC004 - Coleman - scfarmer01@gmail.com - 8438417373 - 1110 Harllees Bridge Rd Dillon, SC
2019-03-20 09:06:02 INFO::ADDED: 2017NC005 - Furr - furrc1958@aol.com - 7047918830 - 21933 Canton Road, Albemarle, NC
2019-03-20 09:06:02 INFO::ADDED: 2017NC006 - Logan - watson.logan@rocketmail.com - NA - 590 Jack Davis Rd, Monroe, NC
2019-03-20 09:06:02 INFO::ADDED: 2017NC007 - Shooter - patshooter1@yahoo.com - 9107407481 - 1134 Kitchen Street, Rowland, NC
2019-03-20 09:06:02 INFO::ADDED: 2017NC008 - Mc-Girt - themcgirts@rocketmail.com - 9107340088 - 1492 McKinnon-Pate Rd Rowland, NC
2019-03-20 09:06:02 INFO::ADDED: 2017NC009 - Locklear - adrian.locklear@yahoo.com - 9107346209 - 6605 preston road, red springs, NC
2019-03-20 09:06:02 INFO::ADDED: 2017NC010 - Cooley - NA - 9103182630 - 900 Spring Hill Rd, Wagram, NC
2019-03-20 09:06:02 INFO::ADDED: 2017NC011 - Hendrix - NA - 9103089800 - 3601 Laurinburg Rd, Raeford, NC
2019-03-20 09:06:02 INFO::MODIFIED: OLD:  2017NC011 - Hendrix - NA - 9103089800 - 3601 Laurinburg Rd, Raeford, NC
2019-03-20 09:06:02 INFO::MODIFIED: NEW:  2017NC011 - Hendrix - [null] - 9103089800 - 3601 Laurinburg Rd, Raeford, NC
2019-03-20 09:06:02 INFO::ADDED: 2017NC012 - hendrick - jrhgrainfarmsllc@gmail.com - 8035304315 - NA
2019-03-20 09:06:02 INFO::ADDED: 2017NC013 - Davis - NA - 8286990855 - NA
2019-03-20 09:06:02 INFO::ADDED: 2017NC014 - Howard - NA - 9103893425 - 865 Huffmantown Rd, Richlands, NC
2019-03-20 09:06:05 INFO::Table: producer_ids
2019-03-20 09:06:05 INFO::Time end: 2019-03-20 09:06:05
2019-03-20 09:06:05 INFO::Table: site_information
2019-03-20 09:06:05 INFO::Time ini: 2019-03-20 09:06:05
2019-03-20 09:06:08 INFO::MODIFIED: OLD:  661 - HFS - 2017 - GA - Burke - 82.076 - 32.5714 - NA - NA - 2017GA001
2019-03-20 09:06:08 INFO::MODIFIED: NEW:  HFS - 2017 - GA - Burke - -82.076 - 32.5714 - [null] - [null] - 2017GA001
2019-03-20 09:06:08 INFO::MODIFIED: OLD:  662 - IHS - 2017 - GA - Oconee - 83.184 - 33.4355 - NA - NA - 2017GA002
2019-03-20 09:06:08 INFO::MODIFIED: NEW:  IHS - 2017 - GA - Oconee - -83.184 - 33.4355 - [null] - [null] - 2017GA002
2019-03-20 09:06:08 INFO::MODIFIED: OLD:  663 - RHS - 2017 - NC - Catawba - 81.0908 - 35.4841 - NA - NA - 2017GA003
2019-03-20 09:06:08 INFO::MODIFIED: NEW:  RHS - 2017 - NC - Catawba - -81.0908 - 35.4841 - [null] - [null] - 2017GA003
2019-03-20 09:06:12 INFO::ADDED: LBR - 2017 - NC - Lee - -79.076723 - 35.587695 - NA - NA - 2017NC001
2019-03-20 09:06:12 INFO::ADDED: DMP - 2017 - NC - Duplin - -78.020722 - 34.743985 - NA - NA - 2017NC002
2019-03-20 09:06:12 INFO::ADDED: DMK - 2017 - NC - Duplin - -78.040206 - 34.788274 - NA - NA - 2017NC003
2019-03-20 09:06:12 INFO::ADDED: DCA - 2017 - NC - Dillon - -79.411129 - 34.464027 - NA - NA - 2017NC004
2019-03-20 09:06:12 INFO::ADDED: DCB - 2017 - NC - Dillon - -79.40779 - 34.461141 - NA - NA - 2017NC004
2019-03-20 09:06:12 INFO::ADDED: SCF - 2017 - NC - Stanley - -80.322678 - 35.340182 - NA - NA - 2017NC005
2019-03-20 09:06:12 INFO::ADDED: ULA - 2017 - NC - Union - -80.512806 - 34.860278 - NA - NA - 2017NC006
2019-03-20 09:06:12 INFO::ADDED: ULB - 2017 - NC - Union - -80.511473 - 34.861906 - NA - NA - 2017NC006
2019-03-20 09:06:12 INFO::ADDED: RPS - 2017 - NC - Robeson - -79.316793 - 34.580045 - NA - NA - 2017NC007
2019-03-20 09:06:12 INFO::ADDED: RKM - 2017 - NC - Robeson - -79.274829 - 34.535847 - NA - NA - 2017NC008
2019-03-20 09:06:12 INFO::ADDED: RAL - 2017 - NC - Robeson - -79.260121 - 34.785462 - NA - NA - 2017NC009
2019-03-20 09:06:12 INFO::ADDED: SJC - 2017 - NC - Scotland - -79.403793 - 34.901274 - NA - NA - 2017NC010
2019-03-20 09:06:12 INFO::ADDED: HHA - 2017 - NC - Hoke - -79.278458 - 34.952969 - NA - NA - 2017NC011
2019-03-20 09:06:12 INFO::ADDED: HHB - 2017 - NC - Hoke - -79.277886 - 34.933701 - NA - NA - 2017NC011
2019-03-20 09:06:12 INFO::ADDED: CRH - 2017 - NC - Catawba - NA - NA - NA - NA - 2017NC012
2019-03-20 09:06:12 INFO::ADDED: BJD - 2017 - NC - Brunswick - NA - NA - NA - NA - 2017NC013
2019-03-20 09:06:12 INFO::ADDED: OMH - 2017 - NC - Onslow - -77.559409 - 34.949995 - NA - NA - 2017NC014
2019-03-20 09:06:15 INFO::Table: site_information
2019-03-20 09:06:15 INFO::Time end: 2019-03-20 09:06:15
2019-03-20 09:52:50 INFO::Table: producer_ids
2019-03-20 09:52:50 INFO::Time ini: 2019-03-20 09:52:50
2019-03-20 09:52:57 INFO::MODIFIED: OLD:  2017NC001 - Ragan - zrtaylor@ncsu.edu - 9197707441 - 640 ragan road sanford, NC
2019-03-20 09:52:57 INFO::MODIFIED: NEW:  2017NC001 - Ragan - zrtaylor@ncsu.edu - 9197707441 - 640 ragan road sanford, NC
2019-03-20 09:52:57 INFO::MODIFIED: OLD:  2017NC002 - Page - pagebuiders@charter.net - 9102841511 - 679-671 State Rd 1149, teachey, NC
2019-03-20 09:52:57 INFO::MODIFIED: NEW:  2017NC002 - Page - pagebuiders@charter.net - 9102841511 - 679-671 State Rd 1149, teachey, NC
2019-03-20 09:52:57 INFO::MODIFIED: OLD:  2017NC003 - Knowles - matthewknowles1985@gmail.com - 9103858667 - 738 Wells town Road, Teachey, NC
2019-03-20 09:52:57 INFO::MODIFIED: NEW:  2017NC003 - Knowles - matthewknowles1985@gmail.com - 9103858667 - 738 Wells town Road, Teachey, NC
2019-03-20 09:52:57 INFO::MODIFIED: OLD:  2017NC004 - Coleman - scfarmer01@gmail.com - 8438417373 - 1110 Harllees Bridge Rd Dillon, SC
2019-03-20 09:52:57 INFO::MODIFIED: NEW:  2017NC004 - Coleman - scfarmer01@gmail.com - 8438417373 - 1110 Harllees Bridge Rd Dillon, SC
2019-03-20 09:52:57 INFO::MODIFIED: OLD:  2017NC004 - Coleman - scfarmer01@gmail.com - 8438417373 - 1110 Harllees Bridge Rd Dillon, SC
2019-03-20 09:52:57 INFO::MODIFIED: NEW:  2017NC004 - Coleman - scfarmer01@gmail.com - 8438417373 - 1110 Harllees Bridge Rd Dillon, SC
2019-03-20 09:52:57 INFO::MODIFIED: OLD:  2017NC005 - Furr - furrc1958@aol.com - 7047918830 - 21933 Canton Road, Albemarle, NC
2019-03-20 09:52:57 INFO::MODIFIED: NEW:  2017NC005 - Furr - furrc1958@aol.com - 7047918830 - 21933 Canton Road, Albemarle, NC
2019-03-20 09:52:57 INFO::MODIFIED: OLD:  2017NC007 - Shooter - patshooter1@yahoo.com - 9107407481 - 1134 Kitchen Street, Rowland, NC
2019-03-20 09:52:57 INFO::MODIFIED: NEW:  2017NC007 - Shooter - patshooter1@yahoo.com - 9107407481 - 1134 Kitchen Street, Rowland, NC
2019-03-20 09:52:57 INFO::MODIFIED: OLD:  2017NC008 - Mc-Girt - themcgirts@rocketmail.com - 9107340088 - 1492 McKinnon-Pate Rd Rowland, NC
2019-03-20 09:52:57 INFO::MODIFIED: NEW:  2017NC008 - Mc-Girt - themcgirts@rocketmail.com - 9107340088 - 1492 McKinnon-Pate Rd Rowland, NC
2019-03-20 09:52:57 INFO::MODIFIED: OLD:  2017NC009 - Locklear - adrian.locklear@yahoo.com - 9107346209 - 6605 preston road, red springs, NC
2019-03-20 09:52:57 INFO::MODIFIED: NEW:  2017NC009 - Locklear - adrian.locklear@yahoo.com - 9107346209 - 6605 preston road, red springs, NC
2019-03-20 09:52:57 INFO::MODIFIED: OLD:  2017NC010 - Cooley - NA - 9103182630 - 900 Spring Hill Rd, Wagram, NC
2019-03-20 09:52:57 INFO::MODIFIED: NEW:  2017NC010 - Cooley - [null] - 9103182630 - 900 Spring Hill Rd, Wagram, NC
2019-03-20 09:52:57 INFO::MODIFIED: OLD:  2017NC011 - Hendrix - NA - 9103089800 - 3601 Laurinburg Rd, Raeford, NC
2019-03-20 09:52:57 INFO::MODIFIED: NEW:  2017NC011 - Hendrix - [null] - 9103089800 - 3601 Laurinburg Rd, Raeford, NC
2019-03-20 09:52:57 INFO::MODIFIED: OLD:  2017NC011 - Hendrix - [null] - 9103089800 - 3601 Laurinburg Rd, Raeford, NC
2019-03-20 09:52:57 INFO::MODIFIED: NEW:  2017NC011 - Hendrix - [null] - 9103089800 - 3601 Laurinburg Rd, Raeford, NC
2019-03-20 09:52:57 INFO::MODIFIED: OLD:  2017NC012 - hendrick - jrhgrainfarmsllc@gmail.com - 8035304315 - NA
2019-03-20 09:52:57 INFO::MODIFIED: NEW:  2017NC012 - hendrick - jrhgrainfarmsllc@gmail.com - 8035304315 - [null]
2019-03-20 09:52:57 INFO::MODIFIED: OLD:  2017NC013 - Davis - NA - 8286990855 - NA
2019-03-20 09:52:57 INFO::MODIFIED: NEW:  2017NC013 - Davis - [null] - 8286990855 - [null]
2019-03-20 09:52:57 INFO::MODIFIED: OLD:  2017NC014 - Howard - NA - 9103893425 - 865 Huffmantown Rd, Richlands, NC
2019-03-20 09:52:57 INFO::MODIFIED: NEW:  2017NC014 - Howard - [null] - 9103893425 - 865 Huffmantown Rd, Richlands, NC
2019-03-20 09:53:02 INFO::MODIFIED: OLD:  2017NC009 - Locklear - adrian.locklear@yahoo.com - 9107346209 - 6605 preston road, red springs, NC
2019-03-20 09:53:02 INFO::MODIFIED: NEW:  2017NC009 - Locklear - adrian.locklear@yahoo.com - 9107346209 - beaver dam road maxton, NC
2019-03-20 09:53:02 INFO::MODIFIED: OLD:  2017NC001 - Ragan - zrtaylor@ncsu.edu - 9197707441 - 640 ragan road sanford, NC
2019-03-20 09:53:02 INFO::MODIFIED: NEW:  2017NC001 - Ragan - zrtaylor@ncsu.edu - 9197707441 - 640 ragan road sanford, NC
2019-03-20 09:53:03 INFO::ADDED: 2018NC001 - Broadwell - rbroadwell26@hotmail.com - 9194227638 - 1304 cal erin circle knightdale, NC
2019-03-20 09:53:03 INFO::MODIFIED: OLD:  2018NC001 - Broadwell - rbroadwell26@hotmail.com - 9194227638 - 1304 cal erin circle knightdale, NC
2019-03-20 09:53:03 INFO::MODIFIED: NEW:  2018NC001 - Broadwell - rbroadwell26@hotmail.com - 9194227638 - 7846 poole road  raleigh, NC
2019-03-20 09:53:03 INFO::MODIFIED: OLD:  2018NC001 - Broadwell - rbroadwell26@hotmail.com - 9194227638 - 7846 poole road  raleigh, NC
2019-03-20 09:53:03 INFO::MODIFIED: NEW:  2018NC001 - Broadwell - rbroadwell26@hotmail.com - 9194227638 - 7846 poole road  raleigh, NC
2019-03-20 09:53:03 INFO::MODIFIED: OLD:  2017NC004 - Coleman - scfarmer01@gmail.com - 8438417373 - 1110 Harllees Bridge Rd Dillon, SC
2019-03-20 09:53:03 INFO::MODIFIED: NEW:  2017NC004 - Coleman - scfarmer01@gmail.com - 8438417373 - 1110 Harllees Bridge Rd Dillon, SC
2019-03-20 09:53:03 INFO::MODIFIED: OLD:  2017NC004 - Coleman - scfarmer01@gmail.com - 8438417373 - 1110 Harllees Bridge Rd Dillon, SC
2019-03-20 09:53:03 INFO::MODIFIED: NEW:  2017NC004 - Coleman - scfarmer01@gmail.com - 8438417373 - 1110 Harllees Bridge Rd Dillon, SC
2019-03-20 09:53:03 INFO::ADDED: 2018NC002 - Goldsboro - NA - NA - Cherry Research Farm, Farm Road, Goldsboro, NC
2019-03-20 09:53:03 INFO::MODIFIED: OLD:  2017NC005 - Furr - furrc1958@aol.com - 7047918830 - 21933 Canton Road, Albemarle, NC
2019-03-20 09:53:03 INFO::MODIFIED: NEW:  2017NC005 - Furr - furrc1958@aol.com - 7047918830 - 24057 Austin Rd, Albemarle, NC
2019-03-20 09:53:03 INFO::MODIFIED: OLD:  2017NC005 - Furr - furrc1958@aol.com - 7047918830 - 24057 Austin Rd, Albemarle, NC
2019-03-20 09:53:03 INFO::MODIFIED: NEW:  2017NC005 - Furr - furrc1958@aol.com - 7047918830 - 24676 Ramsey Road, Albemarle, NC
2019-03-20 09:53:03 INFO::ADDED: 2018NC003 - Lewis - NA - 9102891658 - 480 Dark Branch Rd Kenansville, NC
2019-03-20 09:53:03 INFO::MODIFIED: OLD:  2018NC003 - Lewis - NA - 9102891658 - 480 Dark Branch Rd Kenansville, NC
2019-03-20 09:53:03 INFO::MODIFIED: NEW:  2018NC003 - Lewis - [null] - 9102891658 - 480 Dark Branch Rd Kenansville, NC
2019-03-20 09:53:03 INFO::ADDED: 2018NC004 - Tyndell - NA - 9109904504 - 3520 basstown road, clinton NC
2019-03-20 09:53:03 INFO::MODIFIED: OLD:  2018NC004 - Tyndell - NA - 9109904504 - 3520 basstown road, clinton NC
2019-03-20 09:53:03 INFO::MODIFIED: NEW:  2018NC004 - Tyndell - [null] - 9109904504 - 3520 basstown road, clinton NC
2019-03-20 09:53:03 INFO::ADDED: 2018NC005 - Kinston - NA - 9192220877 - 550 hill farm road, kinston NC
2019-03-20 09:53:03 INFO::MODIFIED: OLD:  2018NC005 - Kinston - NA - 9192220877 - 550 hill farm road, kinston NC
2019-03-20 09:53:03 INFO::MODIFIED: NEW:  2018NC005 - Kinston - [null] - 9192220877 - 550 hill farm road, kinston NC
2019-03-20 09:53:03 INFO::MODIFIED: OLD:  2017NC014 - Howard - [null] - 9103893425 - 865 Huffmantown Rd, Richlands, NC
2019-03-20 09:53:03 INFO::MODIFIED: NEW:  2017NC014 - Howard - [null] - 9103893425 - 521  barbee road, Richlands, NC
2019-03-20 09:53:03 WARNING::NC: 2017NC008 - Mcgirt - theMcGirts@rocketmail.com - 9107340088 - collville road, rowland, NC: same producer id was attributed to two farmers
2019-03-20 09:53:03 INFO::MODIFIED: OLD:  2017NC003 - Knowles - matthewknowles1985@gmail.com - 9103858667 - 738 Wells town Road, Teachey, NC
2019-03-20 09:53:03 INFO::MODIFIED: NEW:  2017NC003 - Knowles - matthewknowles1985@gmail.com - 9103858667 - 400 Powell Page Rd, Wallace NC
2019-03-20 09:53:03 INFO::MODIFIED: OLD:  2017NC002 - Page - pagebuiders@charter.net - 9102841511 - 679-671 State Rd 1149, teachey, NC
2019-03-20 09:53:03 INFO::MODIFIED: NEW:  2017NC002 - Page - pagebuilders@charter.net - 9102841511 - frog pond lane, wallace, NC
2019-03-20 09:53:03 WARNING::NC: 2017NC012 - Hendrick - jrhgrainfarmsllc@gmail.com - 8035304315 - 320 Old Mountain Road, Statesville, NC: same producer id was attributed to two farmers
2019-03-20 09:53:03 INFO::MODIFIED: OLD:  2017NC007 - Shooter - patshooter1@yahoo.com - 9107407481 - 1134 Kitchen Street, Rowland, NC
2019-03-20 09:53:03 INFO::MODIFIED: NEW:  2017NC007 - Shooter - patshooter1@yahoo.com - 9107401481 - kagsville drive, rowland NC
2019-03-20 09:53:03 INFO::MODIFIED: OLD:  2017NC007 - Shooter - patshooter1@yahoo.com - 9107401481 - kagsville drive, rowland NC
2019-03-20 09:53:03 INFO::MODIFIED: NEW:  2017NC007 - Shooter - patshooter1@yahoo.com - 9107401481 - 2559 horne road, rowland NC
2019-03-20 09:53:03 INFO::Table: producer_ids
2019-03-20 09:53:03 INFO::Time end: 2019-03-20 09:53:03
2019-03-20 09:53:03 INFO::Table: site_information
2019-03-20 09:53:03 INFO::Time ini: 2019-03-20 09:53:03
2019-03-20 09:53:11 INFO::MODIFIED: OLD:  659 - HFE - 2017 - GA - Burke - -82.076 - 32.5714 - NA - NA - 2017GA001
2019-03-20 09:53:11 INFO::MODIFIED: NEW:  HFE - 2018 - GA - Burke - -82.076 - 32.5714 - [null] - [null] - 2017GA001
2019-03-20 09:53:11 INFO::MODIFIED: OLD:  660 - IHE - 2017 - GA - Oconee - -83.184 - 33.4355 - NA - NA - 2017GA002
2019-03-20 09:53:11 INFO::MODIFIED: NEW:  IHE - 2018 - GA - Oconee - -83.184 - 33.4355 - [null] - [null] - 2017GA002
2019-03-20 09:53:14 INFO::ADDED: ALR - 2018 - NC - Robeson - -79.279514 - 34.824313 - NA - NA - 2017NC009
2019-03-20 09:53:14 INFO::ADDED: BRL - 2018 - NC - Lee - -79.076068 - 35.587153 - NA - NA - 2017NC001
2019-03-20 09:53:14 INFO::ADDED: BWA - 2018 - NC - Wake - -78.477816 - 35.74728 - NA - NA - 2018NC001
2019-03-20 09:53:14 INFO::ADDED: BWB - 2018 - NC - Wake - -78.498714 - 35.750764 - NA - NA - 2018NC001
2019-03-20 09:53:14 INFO::ADDED: BWC - 2018 - NC - Wake - -78.500238 - 35.74605 - NA - NA - 2018NC001
2019-03-20 09:53:14 INFO::ADDED: CDA - 2018 - NC - Dillon - -79.411582 - 34.46282 - NA - NA - 2017NC004
2019-03-20 09:53:14 INFO::ADDED: CDB - 2018 - NC - Dillon - -79.41306 - 34.460519 - NA - NA - 2017NC004
2019-03-20 09:53:14 INFO::ADDED: GBO - 2018 - NC - Wayne - -78.036082 - 35.383359 - NA - NA - 2018NC002
2019-03-20 09:53:14 INFO::ADDED: FSA - 2018 - NC - Stanley - -80.304996 - 35.316693 - NA - NA - 2017NC005
2019-03-20 09:53:14 INFO::ADDED: FSB - 2018 - NC - Stanley - -80.293027 - 35.322101 - NA - NA - 2017NC005
2019-03-20 09:53:14 INFO::ADDED: HLD - 2018 - NC - Duplin - -77.895657 - 34.991228 - NA - NA - 2018NC003
2019-03-20 09:53:14 INFO::ADDED: HLQ - 2018 - NC - Duplin - -77.895169 - 34.992146 - NA - NA - 2018NC003
2019-03-20 09:53:14 INFO::ADDED: JYB - 2018 - NC - Sampson - -78.352778 - 35.101898 - NA - NA - 2018NC004
2019-03-20 09:53:14 INFO::ADDED: JYS - 2018 - NC - Sampson - -78.352604 - 35.100978 - NA - NA - 2018NC004
2019-03-20 09:53:14 INFO::ADDED: KCF - 2018 - NC - Lenoir - -77.648169 - 35.266043 - NA - NA - 2018NC005
2019-03-20 09:53:14 INFO::ADDED: KCW - 2018 - NC - Lenoir - -77.647747 - 35.269094 - NA - NA - 2018NC005
2019-03-20 09:53:14 INFO::ADDED: KHO - 2018 - NC - Onslow - -77.574411 - 34.958005 - NA - NA - 2017NC014
2019-03-20 09:53:14 INFO::ADDED: KMR - 2018 - NC - Robeson - -79.261367 - 34.518697 - NA - NA - 2017NC008
2019-03-20 09:53:14 INFO::ADDED: MKD - 2018 - NC - Duplin - -78.152182 - 34.749633 - NA - NA - 2017NC003
2019-03-20 09:53:14 INFO::ADDED: MPD - 2018 - NC - Duplin - -77.92048 - 34.777917 - NA - NA - 2017NC002
2019-03-20 09:53:14 INFO::ADDED: RHC - 2018 - NC - Catawba - -80.989439 - 35.769044 - NA - NA - 2017NC012
2019-03-20 09:53:14 INFO::ADDED: SRA - 2018 - NC - Robeson - -79.249887 - 34.53134 - NA - NA - 2017NC007
2019-03-20 09:53:14 INFO::ADDED: SRB - 2018 - NC - Robeson - -79.247895 - 34.531232 - NA - NA - 2017NC007
2019-03-20 09:53:14 INFO::Table: site_information
2019-03-20 09:53:14 INFO::Time end: 2019-03-20 09:53:14
2019-03-20 10:32:20 INFO::ADDED: 2017GA001 - Heatwole - NA - NA
2019-03-20 10:34:01 INFO::Table: producer_ids
2019-03-20 10:34:01 INFO::Time ini: 2019-03-20 10:34:01
2019-03-20 10:34:05 INFO::ADDED: 2017GA002 - UGA/Gassett - NA - NA
2019-03-20 10:34:05 INFO::ADDED: 2017GA003 - Hedrick - NA - NA
2019-03-20 10:34:09 INFO::ADDED: 2017NC001 - Ragan - zrtaylor@ncsu.edu - 9197707441
2019-03-20 10:34:09 INFO::ADDED: 2017NC002 - Page - pagebuiders@charter.net - 9102841511
2019-03-20 10:34:09 INFO::ADDED: 2017NC003 - Knowles - matthewknowles1985@gmail.com - 9103858667
2019-03-20 10:34:09 INFO::ADDED: 2017NC004 - Coleman - scfarmer01@gmail.com - 8438417373
2019-03-20 10:34:09 INFO::MODIFIED: OLD:  2017NC004 - Coleman - scfarmer01@gmail.com - 8438417373
2019-03-20 10:34:09 INFO::MODIFIED: NEW:  2017NC004 - Coleman - scfarmer01@gmail.com - 8438417373
2019-03-20 10:34:09 INFO::ADDED: 2017NC005 - Furr - furrc1958@aol.com - 7047918830
2019-03-20 10:34:09 INFO::ADDED: 2017NC006 - Logan - watson.logan@rocketmail.com - NA
2019-03-20 10:34:09 INFO::ADDED: 2017NC007 - Shooter - patshooter1@yahoo.com - 9107407481
2019-03-20 10:34:09 INFO::ADDED: 2017NC008 - Mc-Girt - themcgirts@rocketmail.com - 9107340088
2019-03-20 10:34:09 INFO::ADDED: 2017NC009 - Locklear - adrian.locklear@yahoo.com - 9107346209
2019-03-20 10:34:09 INFO::ADDED: 2017NC010 - Cooley - NA - 9103182630
2019-03-20 10:34:09 INFO::ADDED: 2017NC011 - Hendrix - NA - 9103089800
2019-03-20 10:34:09 INFO::MODIFIED: OLD:  2017NC011 - Hendrix - NA - 9103089800
2019-03-20 10:34:09 INFO::MODIFIED: NEW:  2017NC011 - Hendrix - [null] - 9103089800
2019-03-20 10:34:09 INFO::ADDED: 2017NC012 - hendrick - jrhgrainfarmsllc@gmail.com - 8035304315
2019-03-20 10:34:09 INFO::ADDED: 2017NC013 - Davis - NA - 8286990855
2019-03-20 10:34:09 INFO::ADDED: 2017NC014 - Howard - NA - 9103893425
2019-03-20 10:34:12 INFO::ADDED: 2018GA001 - Nunn - NA - NA
2019-03-20 10:34:15 INFO::MODIFIED: OLD:  2017NC009 - Locklear - adrian.locklear@yahoo.com - 9107346209
2019-03-20 10:34:15 INFO::MODIFIED: NEW:  2017NC009 - Locklear - adrian.locklear@yahoo.com - 9107346209
2019-03-20 10:34:15 INFO::MODIFIED: OLD:  2017NC001 - Ragan - zrtaylor@ncsu.edu - 9197707441
2019-03-20 10:34:15 INFO::MODIFIED: NEW:  2017NC001 - Ragan - zrtaylor@ncsu.edu - 9197707441
2019-03-20 10:34:15 INFO::ADDED: 2018NC001 - Broadwell - rbroadwell26@hotmail.com - 9194227638
2019-03-20 10:34:15 INFO::MODIFIED: OLD:  2018NC001 - Broadwell - rbroadwell26@hotmail.com - 9194227638
2019-03-20 10:34:15 INFO::MODIFIED: NEW:  2018NC001 - Broadwell - rbroadwell26@hotmail.com - 9194227638
2019-03-20 10:34:15 INFO::MODIFIED: OLD:  2018NC001 - Broadwell - rbroadwell26@hotmail.com - 9194227638
2019-03-20 10:34:15 INFO::MODIFIED: NEW:  2018NC001 - Broadwell - rbroadwell26@hotmail.com - 9194227638
2019-03-20 10:34:15 INFO::MODIFIED: OLD:  2017NC004 - Coleman - scfarmer01@gmail.com - 8438417373
2019-03-20 10:34:15 INFO::MODIFIED: NEW:  2017NC004 - Coleman - scfarmer01@gmail.com - 8438417373
2019-03-20 10:34:16 INFO::MODIFIED: OLD:  2017NC004 - Coleman - scfarmer01@gmail.com - 8438417373
2019-03-20 10:34:16 INFO::MODIFIED: NEW:  2017NC004 - Coleman - scfarmer01@gmail.com - 8438417373
2019-03-20 10:34:16 INFO::ADDED: 2018NC002 - Goldsboro - NA - NA
2019-03-20 10:34:16 INFO::MODIFIED: OLD:  2017NC005 - Furr - furrc1958@aol.com - 7047918830
2019-03-20 10:34:16 INFO::MODIFIED: NEW:  2017NC005 - Furr - furrc1958@aol.com - 7047918830
2019-03-20 10:34:16 INFO::MODIFIED: OLD:  2017NC005 - Furr - furrc1958@aol.com - 7047918830
2019-03-20 10:34:16 INFO::MODIFIED: NEW:  2017NC005 - Furr - furrc1958@aol.com - 7047918830
2019-03-20 10:34:16 INFO::ADDED: 2018NC003 - Lewis - NA - 9102891658
2019-03-20 10:34:16 INFO::MODIFIED: OLD:  2018NC003 - Lewis - NA - 9102891658
2019-03-20 10:34:16 INFO::MODIFIED: NEW:  2018NC003 - Lewis - [null] - 9102891658
2019-03-20 10:34:16 INFO::ADDED: 2018NC004 - Tyndell - NA - 9109904504
2019-03-20 10:34:16 INFO::MODIFIED: OLD:  2018NC004 - Tyndell - NA - 9109904504
2019-03-20 10:34:16 INFO::MODIFIED: NEW:  2018NC004 - Tyndell - [null] - 9109904504
2019-03-20 10:34:16 INFO::ADDED: 2018NC005 - Kinston - NA - 9192220877
2019-03-20 10:34:16 INFO::MODIFIED: OLD:  2018NC005 - Kinston - NA - 9192220877
2019-03-20 10:34:16 INFO::MODIFIED: NEW:  2018NC005 - Kinston - [null] - 9192220877
2019-03-20 10:34:16 INFO::MODIFIED: OLD:  2017NC014 - Howard - NA - 9103893425
2019-03-20 10:34:16 INFO::MODIFIED: NEW:  2017NC014 - Howard - [null] - 9103893425
2019-03-20 10:34:16 WARNING::NC: 2017NC008 - Mcgirt - theMcGirts@rocketmail.com - 9107340088: same producer id was attributed to two farmers
2019-03-20 10:34:16 INFO::MODIFIED: OLD:  2017NC003 - Knowles - matthewknowles1985@gmail.com - 9103858667
2019-03-20 10:34:16 INFO::MODIFIED: NEW:  2017NC003 - Knowles - matthewknowles1985@gmail.com - 9103858667
2019-03-20 10:34:16 INFO::MODIFIED: OLD:  2017NC002 - Page - pagebuiders@charter.net - 9102841511
2019-03-20 10:34:16 INFO::MODIFIED: NEW:  2017NC002 - Page - pagebuilders@charter.net - 9102841511
2019-03-20 10:34:16 WARNING::NC: 2017NC012 - Hendrick - jrhgrainfarmsllc@gmail.com - 8035304315: same producer id was attributed to two farmers
2019-03-20 10:34:16 INFO::MODIFIED: OLD:  2017NC007 - Shooter - patshooter1@yahoo.com - 9107407481
2019-03-20 10:34:16 INFO::MODIFIED: NEW:  2017NC007 - Shooter - patshooter1@yahoo.com - 9107401481
2019-03-20 10:34:16 INFO::MODIFIED: OLD:  2017NC007 - Shooter - patshooter1@yahoo.com - 9107401481
2019-03-20 10:34:16 INFO::MODIFIED: NEW:  2017NC007 - Shooter - patshooter1@yahoo.com - 9107401481
2019-03-20 10:34:16 INFO::Table: producer_ids
2019-03-20 10:34:16 INFO::Time end: 2019-03-20 10:34:16
2019-03-20 10:35:15 INFO::Table: producer_ids
2019-03-20 10:35:15 INFO::Time ini: 2019-03-20 10:35:15
2019-03-20 10:35:21 INFO::MODIFIED: OLD:  2017NC001 - Ragan - zrtaylor@ncsu.edu - 9197707441
2019-03-20 10:35:21 INFO::MODIFIED: NEW:  2017NC001 - Ragan - zrtaylor@ncsu.edu - 9197707441
2019-03-20 10:35:21 INFO::MODIFIED: OLD:  2017NC002 - Page - pagebuilders@charter.net - 9102841511
2019-03-20 10:35:21 INFO::MODIFIED: NEW:  2017NC002 - Page - pagebuiders@charter.net - 9102841511
2019-03-20 10:35:21 INFO::MODIFIED: OLD:  2017NC003 - Knowles - matthewknowles1985@gmail.com - 9103858667
2019-03-20 10:35:21 INFO::MODIFIED: NEW:  2017NC003 - Knowles - matthewknowles1985@gmail.com - 9103858667
2019-03-20 10:35:21 INFO::MODIFIED: OLD:  2017NC004 - Coleman - scfarmer01@gmail.com - 8438417373
2019-03-20 10:35:21 INFO::MODIFIED: NEW:  2017NC004 - Coleman - scfarmer01@gmail.com - 8438417373
2019-03-20 10:35:21 INFO::MODIFIED: OLD:  2017NC004 - Coleman - scfarmer01@gmail.com - 8438417373
2019-03-20 10:35:21 INFO::MODIFIED: NEW:  2017NC004 - Coleman - scfarmer01@gmail.com - 8438417373
2019-03-20 10:35:21 INFO::MODIFIED: OLD:  2017NC005 - Furr - furrc1958@aol.com - 7047918830
2019-03-20 10:35:21 INFO::MODIFIED: NEW:  2017NC005 - Furr - furrc1958@aol.com - 7047918830
2019-03-20 10:35:21 INFO::MODIFIED: OLD:  2017NC007 - Shooter - patshooter1@yahoo.com - 9107401481
2019-03-20 10:35:21 INFO::MODIFIED: NEW:  2017NC007 - Shooter - patshooter1@yahoo.com - 9107407481
2019-03-20 10:35:21 INFO::MODIFIED: OLD:  2017NC008 - Mc-Girt - themcgirts@rocketmail.com - 9107340088
2019-03-20 10:35:21 INFO::MODIFIED: NEW:  2017NC008 - Mc-Girt - themcgirts@rocketmail.com - 9107340088
2019-03-20 10:35:21 INFO::MODIFIED: OLD:  2017NC009 - Locklear - adrian.locklear@yahoo.com - 9107346209
2019-03-20 10:35:21 INFO::MODIFIED: NEW:  2017NC009 - Locklear - adrian.locklear@yahoo.com - 9107346209
2019-03-20 10:35:21 INFO::MODIFIED: OLD:  2017NC010 - Cooley - NA - 9103182630
2019-03-20 10:35:21 INFO::MODIFIED: NEW:  2017NC010 - Cooley - [null] - 9103182630
2019-03-20 10:35:21 INFO::MODIFIED: OLD:  2017NC011 - Hendrix - [null] - 9103089800
2019-03-20 10:35:21 INFO::MODIFIED: NEW:  2017NC011 - Hendrix - [null] - 9103089800
2019-03-20 10:35:21 INFO::MODIFIED: OLD:  2017NC011 - Hendrix - [null] - 9103089800
2019-03-20 10:35:21 INFO::MODIFIED: NEW:  2017NC011 - Hendrix - [null] - 9103089800
2019-03-20 10:35:21 INFO::MODIFIED: OLD:  2017NC012 - hendrick - jrhgrainfarmsllc@gmail.com - 8035304315
2019-03-20 10:35:21 INFO::MODIFIED: NEW:  2017NC012 - hendrick - jrhgrainfarmsllc@gmail.com - 8035304315
2019-03-20 10:35:21 INFO::MODIFIED: OLD:  2017NC013 - Davis - NA - 8286990855
2019-03-20 10:35:21 INFO::MODIFIED: NEW:  2017NC013 - Davis - [null] - 8286990855
2019-03-20 10:35:21 INFO::MODIFIED: OLD:  2017NC014 - Howard - [null] - 9103893425
2019-03-20 10:35:21 INFO::MODIFIED: NEW:  2017NC014 - Howard - [null] - 9103893425
2019-03-20 10:35:26 INFO::MODIFIED: OLD:  2017NC009 - Locklear - adrian.locklear@yahoo.com - 9107346209
2019-03-20 10:35:26 INFO::MODIFIED: NEW:  2017NC009 - Locklear - adrian.locklear@yahoo.com - 9107346209
2019-03-20 10:35:26 INFO::MODIFIED: OLD:  2017NC001 - Ragan - zrtaylor@ncsu.edu - 9197707441
2019-03-20 10:35:26 INFO::MODIFIED: NEW:  2017NC001 - Ragan - zrtaylor@ncsu.edu - 9197707441
2019-03-20 10:35:26 INFO::MODIFIED: OLD:  2018NC001 - Broadwell - rbroadwell26@hotmail.com - 9194227638
2019-03-20 10:35:26 INFO::MODIFIED: NEW:  2018NC001 - Broadwell - rbroadwell26@hotmail.com - 9194227638
2019-03-20 10:35:26 INFO::MODIFIED: OLD:  2018NC001 - Broadwell - rbroadwell26@hotmail.com - 9194227638
2019-03-20 10:35:26 INFO::MODIFIED: NEW:  2018NC001 - Broadwell - rbroadwell26@hotmail.com - 9194227638
2019-03-20 10:35:26 INFO::MODIFIED: OLD:  2018NC001 - Broadwell - rbroadwell26@hotmail.com - 9194227638
2019-03-20 10:35:26 INFO::MODIFIED: NEW:  2018NC001 - Broadwell - rbroadwell26@hotmail.com - 9194227638
2019-03-20 10:35:26 INFO::MODIFIED: OLD:  2017NC004 - Coleman - scfarmer01@gmail.com - 8438417373
2019-03-20 10:35:26 INFO::MODIFIED: NEW:  2017NC004 - Coleman - scfarmer01@gmail.com - 8438417373
2019-03-20 10:35:26 INFO::MODIFIED: OLD:  2017NC004 - Coleman - scfarmer01@gmail.com - 8438417373
2019-03-20 10:35:26 INFO::MODIFIED: NEW:  2017NC004 - Coleman - scfarmer01@gmail.com - 8438417373
2019-03-20 10:35:26 INFO::MODIFIED: OLD:  2017NC005 - Furr - furrc1958@aol.com - 7047918830
2019-03-20 10:35:26 INFO::MODIFIED: NEW:  2017NC005 - Furr - furrc1958@aol.com - 7047918830
2019-03-20 10:35:26 INFO::MODIFIED: OLD:  2017NC005 - Furr - furrc1958@aol.com - 7047918830
2019-03-20 10:35:26 INFO::MODIFIED: NEW:  2017NC005 - Furr - furrc1958@aol.com - 7047918830
2019-03-20 10:35:26 INFO::MODIFIED: OLD:  2018NC003 - Lewis - [null] - 9102891658
2019-03-20 10:35:26 INFO::MODIFIED: NEW:  2018NC003 - Lewis - [null] - 9102891658
2019-03-20 10:35:26 INFO::MODIFIED: OLD:  2018NC003 - Lewis - [null] - 9102891658
2019-03-20 10:35:26 INFO::MODIFIED: NEW:  2018NC003 - Lewis - [null] - 9102891658
2019-03-20 10:35:26 INFO::MODIFIED: OLD:  2018NC004 - Tyndell - [null] - 9109904504
2019-03-20 10:35:26 INFO::MODIFIED: NEW:  2018NC004 - Tyndell - [null] - 9109904504
2019-03-20 10:35:26 INFO::MODIFIED: OLD:  2018NC004 - Tyndell - [null] - 9109904504
2019-03-20 10:35:26 INFO::MODIFIED: NEW:  2018NC004 - Tyndell - [null] - 9109904504
2019-03-20 10:35:26 INFO::MODIFIED: OLD:  2018NC005 - Kinston - [null] - 9192220877
2019-03-20 10:35:26 INFO::MODIFIED: NEW:  2018NC005 - Kinston - [null] - 9192220877
2019-03-20 10:35:26 INFO::MODIFIED: OLD:  2018NC005 - Kinston - [null] - 9192220877
2019-03-20 10:35:26 INFO::MODIFIED: NEW:  2018NC005 - Kinston - [null] - 9192220877
2019-03-20 10:35:26 INFO::MODIFIED: OLD:  2017NC014 - Howard - [null] - 9103893425
2019-03-20 10:35:26 INFO::MODIFIED: NEW:  2017NC014 - Howard - [null] - 9103893425
2019-03-20 10:35:26 WARNING::NC: 2017NC008 - Mcgirt - theMcGirts@rocketmail.com - 9107340088: same producer id was attributed to two farmers
2019-03-20 10:35:26 INFO::MODIFIED: OLD:  2017NC003 - Knowles - matthewknowles1985@gmail.com - 9103858667
2019-03-20 10:35:26 INFO::MODIFIED: NEW:  2017NC003 - Knowles - matthewknowles1985@gmail.com - 9103858667
2019-03-20 10:35:27 INFO::MODIFIED: OLD:  2017NC002 - Page - pagebuiders@charter.net - 9102841511
2019-03-20 10:35:27 INFO::MODIFIED: NEW:  2017NC002 - Page - pagebuilders@charter.net - 9102841511
2019-03-20 10:35:27 WARNING::NC: 2017NC012 - Hendrick - jrhgrainfarmsllc@gmail.com - 8035304315: same producer id was attributed to two farmers
2019-03-20 10:35:27 INFO::MODIFIED: OLD:  2017NC007 - Shooter - patshooter1@yahoo.com - 9107407481
2019-03-20 10:35:27 INFO::MODIFIED: NEW:  2017NC007 - Shooter - patshooter1@yahoo.com - 9107401481
2019-03-20 10:35:27 INFO::MODIFIED: OLD:  2017NC007 - Shooter - patshooter1@yahoo.com - 9107401481
2019-03-20 10:35:27 INFO::MODIFIED: NEW:  2017NC007 - Shooter - patshooter1@yahoo.com - 9107401481
2019-03-20 10:35:27 INFO::Table: producer_ids
2019-03-20 10:35:27 INFO::Time end: 2019-03-20 10:35:27
2019-03-20 10:36:31 INFO::Table: producer_ids
2019-03-20 10:36:31 INFO::Time ini: 2019-03-20 10:36:31
2019-03-20 10:36:37 INFO::MODIFIED: OLD:  2017NC001 - Ragan - zrtaylor@ncsu.edu - 9197707441
2019-03-20 10:36:37 INFO::MODIFIED: NEW:  2017NC001 - Ragan - zrtaylor@ncsu.edu - 9197707441
2019-03-20 10:36:37 INFO::MODIFIED: OLD:  2017NC002 - Page - pagebuilders@charter.net - 9102841511
2019-03-20 10:36:37 INFO::MODIFIED: NEW:  2017NC002 - Page - pagebuiders@charter.net - 9102841511
2019-03-20 10:36:37 INFO::MODIFIED: OLD:  2017NC003 - Knowles - matthewknowles1985@gmail.com - 9103858667
2019-03-20 10:36:37 INFO::MODIFIED: NEW:  2017NC003 - Knowles - matthewknowles1985@gmail.com - 9103858667
2019-03-20 10:36:37 INFO::MODIFIED: OLD:  2017NC004 - Coleman - scfarmer01@gmail.com - 8438417373
2019-03-20 10:36:37 INFO::MODIFIED: NEW:  2017NC004 - Coleman - scfarmer01@gmail.com - 8438417373
2019-03-20 10:36:37 INFO::MODIFIED: OLD:  2017NC004 - Coleman - scfarmer01@gmail.com - 8438417373
2019-03-20 10:36:37 INFO::MODIFIED: NEW:  2017NC004 - Coleman - scfarmer01@gmail.com - 8438417373
2019-03-20 10:36:37 INFO::MODIFIED: OLD:  2017NC005 - Furr - furrc1958@aol.com - 7047918830
2019-03-20 10:36:37 INFO::MODIFIED: NEW:  2017NC005 - Furr - furrc1958@aol.com - 7047918830
2019-03-20 10:36:37 INFO::MODIFIED: OLD:  2017NC007 - Shooter - patshooter1@yahoo.com - 9107401481
2019-03-20 10:36:37 INFO::MODIFIED: NEW:  2017NC007 - Shooter - patshooter1@yahoo.com - 9107407481
2019-03-20 10:36:37 INFO::MODIFIED: OLD:  2017NC008 - Mc-Girt - themcgirts@rocketmail.com - 9107340088
2019-03-20 10:36:37 INFO::MODIFIED: NEW:  2017NC008 - Mc-Girt - themcgirts@rocketmail.com - 9107340088
2019-03-20 10:36:37 INFO::MODIFIED: OLD:  2017NC009 - Locklear - adrian.locklear@yahoo.com - 9107346209
2019-03-20 10:36:37 INFO::MODIFIED: NEW:  2017NC009 - Locklear - adrian.locklear@yahoo.com - 9107346209
2019-03-20 10:36:37 INFO::MODIFIED: OLD:  2017NC010 - Cooley - NA - 9103182630
2019-03-20 10:36:37 INFO::MODIFIED: NEW:  2017NC010 - Cooley - [null] - 9103182630
2019-03-20 10:36:37 INFO::MODIFIED: OLD:  2017NC011 - Hendrix - NA - 9103089800
2019-03-20 10:36:37 INFO::MODIFIED: NEW:  2017NC011 - Hendrix - [null] - 9103089800
2019-03-20 10:36:37 INFO::MODIFIED: OLD:  2017NC011 - Hendrix - [null] - 9103089800
2019-03-20 10:36:37 INFO::MODIFIED: NEW:  2017NC011 - Hendrix - [null] - 9103089800
2019-03-20 10:36:37 WARNING::NC: 2017NC012 - Hendrick - jrhgrainfarmsllc@gmail.com - 8035304315: same producer id was attributed to two farmers
2019-03-20 10:36:37 INFO::MODIFIED: OLD:  2017NC013 - Davis - NA - 8286990855
2019-03-20 10:36:37 INFO::MODIFIED: NEW:  2017NC013 - Davis - [null] - 8286990855
2019-03-20 10:36:37 INFO::MODIFIED: OLD:  2017NC014 - Howard - NA - 9103893425
2019-03-20 10:36:37 INFO::MODIFIED: NEW:  2017NC014 - Howard - [null] - 9103893425
2019-03-20 10:36:42 INFO::MODIFIED: OLD:  2017NC009 - Locklear - adrian.locklear@yahoo.com - 9107346209
2019-03-20 10:36:42 INFO::MODIFIED: NEW:  2017NC009 - Locklear - adrian.locklear@yahoo.com - 9107346209
2019-03-20 10:36:42 INFO::MODIFIED: OLD:  2017NC001 - Ragan - zrtaylor@ncsu.edu - 9197707441
2019-03-20 10:36:42 INFO::MODIFIED: NEW:  2017NC001 - Ragan - zrtaylor@ncsu.edu - 9197707441
2019-03-20 10:36:42 INFO::MODIFIED: OLD:  2018NC001 - Broadwell - rbroadwell26@hotmail.com - 9194227638
2019-03-20 10:36:42 INFO::MODIFIED: NEW:  2018NC001 - Broadwell - rbroadwell26@hotmail.com - 9194227638
2019-03-20 10:36:42 INFO::MODIFIED: OLD:  2018NC001 - Broadwell - rbroadwell26@hotmail.com - 9194227638
2019-03-20 10:36:42 INFO::MODIFIED: NEW:  2018NC001 - Broadwell - rbroadwell26@hotmail.com - 9194227638
2019-03-20 10:36:42 INFO::MODIFIED: OLD:  2018NC001 - Broadwell - rbroadwell26@hotmail.com - 9194227638
2019-03-20 10:36:42 INFO::MODIFIED: NEW:  2018NC001 - Broadwell - rbroadwell26@hotmail.com - 9194227638
2019-03-20 10:36:42 INFO::MODIFIED: OLD:  2017NC004 - Coleman - scfarmer01@gmail.com - 8438417373
2019-03-20 10:36:42 INFO::MODIFIED: NEW:  2017NC004 - Coleman - scfarmer01@gmail.com - 8438417373
2019-03-20 10:36:42 INFO::MODIFIED: OLD:  2017NC004 - Coleman - scfarmer01@gmail.com - 8438417373
2019-03-20 10:36:42 INFO::MODIFIED: NEW:  2017NC004 - Coleman - scfarmer01@gmail.com - 8438417373
2019-03-20 10:36:42 INFO::MODIFIED: OLD:  2017NC005 - Furr - furrc1958@aol.com - 7047918830
2019-03-20 10:36:42 INFO::MODIFIED: NEW:  2017NC005 - Furr - furrc1958@aol.com - 7047918830
2019-03-20 10:36:42 INFO::MODIFIED: OLD:  2017NC005 - Furr - furrc1958@aol.com - 7047918830
2019-03-20 10:36:42 INFO::MODIFIED: NEW:  2017NC005 - Furr - furrc1958@aol.com - 7047918830
2019-03-20 10:36:42 INFO::MODIFIED: OLD:  2018NC003 - Lewis - NA - 9102891658
2019-03-20 10:36:42 INFO::MODIFIED: NEW:  2018NC003 - Lewis - [null] - 9102891658
2019-03-20 10:36:42 INFO::MODIFIED: OLD:  2018NC003 - Lewis - [null] - 9102891658
2019-03-20 10:36:42 INFO::MODIFIED: NEW:  2018NC003 - Lewis - [null] - 9102891658
2019-03-20 10:36:42 INFO::MODIFIED: OLD:  2018NC004 - Tyndell - NA - 9109904504
2019-03-20 10:36:42 INFO::MODIFIED: NEW:  2018NC004 - Tyndell - [null] - 9109904504
2019-03-20 10:36:42 INFO::MODIFIED: OLD:  2018NC004 - Tyndell - [null] - 9109904504
2019-03-20 10:36:42 INFO::MODIFIED: NEW:  2018NC004 - Tyndell - [null] - 9109904504
2019-03-20 10:36:42 INFO::MODIFIED: OLD:  2018NC005 - Kinston - NA - 9192220877
2019-03-20 10:36:42 INFO::MODIFIED: NEW:  2018NC005 - Kinston - [null] - 9192220877
2019-03-20 10:36:42 INFO::MODIFIED: OLD:  2018NC005 - Kinston - [null] - 9192220877
2019-03-20 10:36:42 INFO::MODIFIED: NEW:  2018NC005 - Kinston - [null] - 9192220877
2019-03-20 10:36:42 INFO::MODIFIED: OLD:  2017NC014 - Howard - [null] - 9103893425
2019-03-20 10:36:42 INFO::MODIFIED: NEW:  2017NC014 - Howard - [null] - 9103893425
2019-03-20 10:36:42 WARNING::NC: 2017NC008 - Mcgirt - theMcGirts@rocketmail.com - 9107340088: same producer id was attributed to two farmers
2019-03-20 10:36:42 INFO::MODIFIED: OLD:  2017NC003 - Knowles - matthewknowles1985@gmail.com - 9103858667
2019-03-20 10:36:42 INFO::MODIFIED: NEW:  2017NC003 - Knowles - matthewknowles1985@gmail.com - 9103858667
2019-03-20 10:36:42 INFO::MODIFIED: OLD:  2017NC002 - Page - pagebuiders@charter.net - 9102841511
2019-03-20 10:36:42 INFO::MODIFIED: NEW:  2017NC002 - Page - pagebuilders@charter.net - 9102841511
2019-03-20 10:36:42 WARNING::NC: 2017NC012 - Hendrick - jrhgrainfarmsllc@gmail.com - 8035304315: same producer id was attributed to two farmers
2019-03-20 10:36:42 INFO::MODIFIED: OLD:  2017NC007 - Shooter - patshooter1@yahoo.com - 9107407481
2019-03-20 10:36:42 INFO::MODIFIED: NEW:  2017NC007 - Shooter - patshooter1@yahoo.com - 9107401481
2019-03-20 10:36:42 INFO::MODIFIED: OLD:  2017NC007 - Shooter - patshooter1@yahoo.com - 9107401481
2019-03-20 10:36:42 INFO::MODIFIED: NEW:  2017NC007 - Shooter - patshooter1@yahoo.com - 9107401481
2019-03-20 10:36:42 INFO::Table: producer_ids
2019-03-20 10:36:42 INFO::Time end: 2019-03-20 10:36:42
2019-03-20 10:40:23 INFO::Table: producer_ids
2019-03-20 10:40:23 INFO::Time ini: 2019-03-20 10:40:23
2019-03-20 10:40:29 INFO::MODIFIED: OLD:  2017NC001 - Ragan - zrtaylor@ncsu.edu - 9197707441
2019-03-20 10:40:29 INFO::MODIFIED: NEW:  2017NC001 - Ragan - zrtaylor@ncsu.edu - 9197707441
2019-03-20 10:40:29 INFO::MODIFIED: OLD:  2017NC002 - Page - pagebuilders@charter.net - 9102841511
2019-03-20 10:40:29 INFO::MODIFIED: NEW:  2017NC002 - Page - pagebuiders@charter.net - 9102841511
2019-03-20 10:40:29 INFO::MODIFIED: OLD:  2017NC003 - Knowles - matthewknowles1985@gmail.com - 9103858667
2019-03-20 10:40:29 INFO::MODIFIED: NEW:  2017NC003 - Knowles - matthewknowles1985@gmail.com - 9103858667
2019-03-20 10:40:29 INFO::MODIFIED: OLD:  2017NC004 - Coleman - scfarmer01@gmail.com - 8438417373
2019-03-20 10:40:29 INFO::MODIFIED: NEW:  2017NC004 - Coleman - scfarmer01@gmail.com - 8438417373
2019-03-20 10:40:29 INFO::MODIFIED: OLD:  2017NC004 - Coleman - scfarmer01@gmail.com - 8438417373
2019-03-20 10:40:29 INFO::MODIFIED: NEW:  2017NC004 - Coleman - scfarmer01@gmail.com - 8438417373
2019-03-20 10:40:29 INFO::MODIFIED: OLD:  2017NC005 - Furr - furrc1958@aol.com - 7047918830
2019-03-20 10:40:29 INFO::MODIFIED: NEW:  2017NC005 - Furr - furrc1958@aol.com - 7047918830
2019-03-20 10:40:29 INFO::MODIFIED: OLD:  2017NC007 - Shooter - patshooter1@yahoo.com - 9107401481
2019-03-20 10:40:29 INFO::MODIFIED: NEW:  2017NC007 - Shooter - patshooter1@yahoo.com - 9107407481
2019-03-20 10:40:29 INFO::MODIFIED: OLD:  2017NC008 - Mc-Girt - themcgirts@rocketmail.com - 9107340088
2019-03-20 10:40:29 INFO::MODIFIED: NEW:  2017NC008 - Mc-Girt - themcgirts@rocketmail.com - 9107340088
2019-03-20 10:40:29 INFO::MODIFIED: OLD:  2017NC009 - Locklear - adrian.locklear@yahoo.com - 9107346209
2019-03-20 10:40:29 INFO::MODIFIED: NEW:  2017NC009 - Locklear - adrian.locklear@yahoo.com - 9107346209
2019-03-20 10:40:29 INFO::MODIFIED: OLD:  2017NC010 - Cooley - NA - 9103182630
2019-03-20 10:40:29 INFO::MODIFIED: NEW:  2017NC010 - Cooley - [null] - 9103182630
2019-03-20 10:40:29 INFO::MODIFIED: OLD:  2017NC011 - Hendrix - NA - 9103089800
2019-03-20 10:40:29 INFO::MODIFIED: NEW:  2017NC011 - Hendrix - [null] - 9103089800
2019-03-20 10:40:29 INFO::MODIFIED: OLD:  2017NC011 - Hendrix - [null] - 9103089800
2019-03-20 10:40:29 INFO::MODIFIED: NEW:  2017NC011 - Hendrix - [null] - 9103089800
2019-03-20 10:40:29 WARNING::NC: 2017NC012 - Hendrick - jrhgrainfarmsllc@gmail.com - 8035304315: same producer id was attributed to two farmers
2019-03-20 10:40:29 INFO::MODIFIED: OLD:  2017NC013 - Davis - NA - 8286990855
2019-03-20 10:40:29 INFO::MODIFIED: NEW:  2017NC013 - Davis - [null] - 8286990855
2019-03-20 10:40:29 INFO::MODIFIED: OLD:  2017NC014 - Howard - NA - 9103893425
2019-03-20 10:40:29 INFO::MODIFIED: NEW:  2017NC014 - Howard - [null] - 9103893425
2019-03-20 10:40:34 INFO::MODIFIED: OLD:  2017NC009 - Locklear - adrian.locklear@yahoo.com - 9107346209
2019-03-20 10:40:34 INFO::MODIFIED: NEW:  2017NC009 - Locklear - adrian.locklear@yahoo.com - 9107346209
2019-03-20 10:40:34 INFO::MODIFIED: OLD:  2017NC001 - Ragan - zrtaylor@ncsu.edu - 9197707441
2019-03-20 10:40:34 INFO::MODIFIED: NEW:  2017NC001 - Ragan - zrtaylor@ncsu.edu - 9197707441
2019-03-20 10:40:34 INFO::MODIFIED: OLD:  2018NC001 - Broadwell - rbroadwell26@hotmail.com - 9194227638
2019-03-20 10:40:34 INFO::MODIFIED: NEW:  2018NC001 - Broadwell - rbroadwell26@hotmail.com - 9194227638
2019-03-20 10:40:34 INFO::MODIFIED: OLD:  2018NC001 - Broadwell - rbroadwell26@hotmail.com - 9194227638
2019-03-20 10:40:34 INFO::MODIFIED: NEW:  2018NC001 - Broadwell - rbroadwell26@hotmail.com - 9194227638
2019-03-20 10:40:34 INFO::MODIFIED: OLD:  2018NC001 - Broadwell - rbroadwell26@hotmail.com - 9194227638
2019-03-20 10:40:34 INFO::MODIFIED: NEW:  2018NC001 - Broadwell - rbroadwell26@hotmail.com - 9194227638
2019-03-20 10:40:34 INFO::MODIFIED: OLD:  2017NC004 - Coleman - scfarmer01@gmail.com - 8438417373
2019-03-20 10:40:34 INFO::MODIFIED: NEW:  2017NC004 - Coleman - scfarmer01@gmail.com - 8438417373
2019-03-20 10:40:34 INFO::MODIFIED: OLD:  2017NC004 - Coleman - scfarmer01@gmail.com - 8438417373
2019-03-20 10:40:34 INFO::MODIFIED: NEW:  2017NC004 - Coleman - scfarmer01@gmail.com - 8438417373
2019-03-20 10:40:34 INFO::MODIFIED: OLD:  2017NC005 - Furr - furrc1958@aol.com - 7047918830
2019-03-20 10:40:34 INFO::MODIFIED: NEW:  2017NC005 - Furr - furrc1958@aol.com - 7047918830
2019-03-20 10:40:34 INFO::MODIFIED: OLD:  2017NC005 - Furr - furrc1958@aol.com - 7047918830
2019-03-20 10:40:34 INFO::MODIFIED: NEW:  2017NC005 - Furr - furrc1958@aol.com - 7047918830
2019-03-20 10:40:34 INFO::MODIFIED: OLD:  2018NC003 - Lewis - NA - 9102891658
2019-03-20 10:40:34 INFO::MODIFIED: NEW:  2018NC003 - Lewis - [null] - 9102891658
2019-03-20 10:40:34 INFO::MODIFIED: OLD:  2018NC003 - Lewis - [null] - 9102891658
2019-03-20 10:40:34 INFO::MODIFIED: NEW:  2018NC003 - Lewis - [null] - 9102891658
2019-03-20 10:40:34 INFO::MODIFIED: OLD:  2018NC004 - Tyndell - NA - 9109904504
2019-03-20 10:40:34 INFO::MODIFIED: NEW:  2018NC004 - Tyndell - [null] - 9109904504
2019-03-20 10:40:34 INFO::MODIFIED: OLD:  2018NC004 - Tyndell - [null] - 9109904504
2019-03-20 10:40:34 INFO::MODIFIED: NEW:  2018NC004 - Tyndell - [null] - 9109904504
2019-03-20 10:40:34 INFO::MODIFIED: OLD:  2018NC005 - Kinston - NA - 9192220877
2019-03-20 10:40:34 INFO::MODIFIED: NEW:  2018NC005 - Kinston - [null] - 9192220877
2019-03-20 10:40:34 INFO::MODIFIED: OLD:  2018NC005 - Kinston - [null] - 9192220877
2019-03-20 10:40:34 INFO::MODIFIED: NEW:  2018NC005 - Kinston - [null] - 9192220877
2019-03-20 10:40:34 INFO::MODIFIED: OLD:  2017NC014 - Howard - [null] - 9103893425
2019-03-20 10:40:34 INFO::MODIFIED: NEW:  2017NC014 - Howard - [null] - 9103893425
2019-03-20 10:40:34 INFO::MODIFIED: OLD:  2017NC008 - Mc-Girt - themcgirts@rocketmail.com - 9107340088
2019-03-20 10:40:34 INFO::MODIFIED: NEW:  2017NC008 - Mc-Girt - theMcGirts@rocketmail.com - 9107340088
2019-03-20 10:40:34 INFO::MODIFIED: OLD:  2017NC003 - Knowles - matthewknowles1985@gmail.com - 9103858667
2019-03-20 10:40:34 INFO::MODIFIED: NEW:  2017NC003 - Knowles - matthewknowles1985@gmail.com - 9103858667
2019-03-20 10:40:34 INFO::MODIFIED: OLD:  2017NC002 - Page - pagebuiders@charter.net - 9102841511
2019-03-20 10:40:34 INFO::MODIFIED: NEW:  2017NC002 - Page - pagebuilders@charter.net - 9102841511
2019-03-20 10:40:34 WARNING::NC: 2017NC012 - Hendrick - jrhgrainfarmsllc@gmail.com - 8035304315: same producer id was attributed to two farmers
2019-03-20 10:40:34 INFO::MODIFIED: OLD:  2017NC007 - Shooter - patshooter1@yahoo.com - 9107407481
2019-03-20 10:40:34 INFO::MODIFIED: NEW:  2017NC007 - Shooter - patshooter1@yahoo.com - 9107401481
2019-03-20 10:40:34 INFO::MODIFIED: OLD:  2017NC007 - Shooter - patshooter1@yahoo.com - 9107401481
2019-03-20 10:40:34 INFO::MODIFIED: NEW:  2017NC007 - Shooter - patshooter1@yahoo.com - 9107401481
2019-03-20 10:40:34 INFO::Table: producer_ids
2019-03-20 10:40:34 INFO::Time end: 2019-03-20 10:40:34
2019-03-20 10:41:42 INFO::Table: producer_ids
2019-03-20 10:41:42 INFO::Time ini: 2019-03-20 10:41:42
2019-03-20 10:41:47 INFO::MODIFIED: OLD:  2017NC001 - Ragan - zrtaylor@ncsu.edu - 9197707441
2019-03-20 10:41:47 INFO::MODIFIED: NEW:  2017NC001 - Ragan - zrtaylor@ncsu.edu - 9197707441
2019-03-20 10:41:47 INFO::MODIFIED: OLD:  2017NC002 - Page - pagebuilders@charter.net - 9102841511
2019-03-20 10:41:47 INFO::MODIFIED: NEW:  2017NC002 - Page - pagebuiders@charter.net - 9102841511
2019-03-20 10:41:47 INFO::MODIFIED: OLD:  2017NC003 - Knowles - matthewknowles1985@gmail.com - 9103858667
2019-03-20 10:41:47 INFO::MODIFIED: NEW:  2017NC003 - Knowles - matthewknowles1985@gmail.com - 9103858667
2019-03-20 10:41:47 INFO::MODIFIED: OLD:  2017NC004 - Coleman - scfarmer01@gmail.com - 8438417373
2019-03-20 10:41:47 INFO::MODIFIED: NEW:  2017NC004 - Coleman - scfarmer01@gmail.com - 8438417373
2019-03-20 10:41:47 INFO::MODIFIED: OLD:  2017NC004 - Coleman - scfarmer01@gmail.com - 8438417373
2019-03-20 10:41:47 INFO::MODIFIED: NEW:  2017NC004 - Coleman - scfarmer01@gmail.com - 8438417373
2019-03-20 10:41:47 INFO::MODIFIED: OLD:  2017NC005 - Furr - furrc1958@aol.com - 7047918830
2019-03-20 10:41:47 INFO::MODIFIED: NEW:  2017NC005 - Furr - furrc1958@aol.com - 7047918830
2019-03-20 10:41:47 INFO::MODIFIED: OLD:  2017NC007 - Shooter - patshooter1@yahoo.com - 9107401481
2019-03-20 10:41:47 INFO::MODIFIED: NEW:  2017NC007 - Shooter - patshooter1@yahoo.com - 9107407481
2019-03-20 10:41:47 INFO::MODIFIED: OLD:  2017NC008 - Mc-Girt - theMcGirts@rocketmail.com - 9107340088
2019-03-20 10:41:48 INFO::MODIFIED: NEW:  2017NC008 - Mc-Girt - themcgirts@rocketmail.com - 9107340088
2019-03-20 10:41:48 INFO::MODIFIED: OLD:  2017NC009 - Locklear - adrian.locklear@yahoo.com - 9107346209
2019-03-20 10:41:48 INFO::MODIFIED: NEW:  2017NC009 - Locklear - adrian.locklear@yahoo.com - 9107346209
2019-03-20 10:41:48 INFO::MODIFIED: OLD:  2017NC010 - Cooley - NA - 9103182630
2019-03-20 10:41:48 INFO::MODIFIED: NEW:  2017NC010 - Cooley - [null] - 9103182630
2019-03-20 10:41:48 INFO::MODIFIED: OLD:  2017NC011 - Hendrix - NA - 9103089800
2019-03-20 10:41:48 INFO::MODIFIED: NEW:  2017NC011 - Hendrix - [null] - 9103089800
2019-03-20 10:41:48 INFO::MODIFIED: OLD:  2017NC011 - Hendrix - [null] - 9103089800
2019-03-20 10:41:48 INFO::MODIFIED: NEW:  2017NC011 - Hendrix - [null] - 9103089800
2019-03-20 10:41:48 WARNING::NC: 2017NC012 - Hendrick - jrhgrainfarmsllc@gmail.com - 8035304315: same producer id was attributed to two farmers
2019-03-20 10:41:48 INFO::MODIFIED: OLD:  2017NC013 - Davis - NA - 8286990855
2019-03-20 10:41:48 INFO::MODIFIED: NEW:  2017NC013 - Davis - [null] - 8286990855
2019-03-20 10:41:48 INFO::MODIFIED: OLD:  2017NC014 - Howard - NA - 9103893425
2019-03-20 10:41:48 INFO::MODIFIED: NEW:  2017NC014 - Howard - [null] - 9103893425
2019-03-20 10:41:53 INFO::MODIFIED: OLD:  2017NC009 - Locklear - adrian.locklear@yahoo.com - 9107346209
2019-03-20 10:41:53 INFO::MODIFIED: NEW:  2017NC009 - Locklear - adrian.locklear@yahoo.com - 9107346209
2019-03-20 10:41:53 INFO::MODIFIED: OLD:  2017NC001 - Ragan - zrtaylor@ncsu.edu - 9197707441
2019-03-20 10:41:53 INFO::MODIFIED: NEW:  2017NC001 - Ragan - zrtaylor@ncsu.edu - 9197707441
2019-03-20 10:41:53 INFO::MODIFIED: OLD:  2018NC001 - Broadwell - rbroadwell26@hotmail.com - 9194227638
2019-03-20 10:41:53 INFO::MODIFIED: NEW:  2018NC001 - Broadwell - rbroadwell26@hotmail.com - 9194227638
2019-03-20 10:41:53 INFO::MODIFIED: OLD:  2018NC001 - Broadwell - rbroadwell26@hotmail.com - 9194227638
2019-03-20 10:41:53 INFO::MODIFIED: NEW:  2018NC001 - Broadwell - rbroadwell26@hotmail.com - 9194227638
2019-03-20 10:41:53 INFO::MODIFIED: OLD:  2018NC001 - Broadwell - rbroadwell26@hotmail.com - 9194227638
2019-03-20 10:41:53 INFO::MODIFIED: NEW:  2018NC001 - Broadwell - rbroadwell26@hotmail.com - 9194227638
2019-03-20 10:41:53 INFO::MODIFIED: OLD:  2017NC004 - Coleman - scfarmer01@gmail.com - 8438417373
2019-03-20 10:41:53 INFO::MODIFIED: NEW:  2017NC004 - Coleman - scfarmer01@gmail.com - 8438417373
2019-03-20 10:41:53 INFO::MODIFIED: OLD:  2017NC004 - Coleman - scfarmer01@gmail.com - 8438417373
2019-03-20 10:41:53 INFO::MODIFIED: NEW:  2017NC004 - Coleman - scfarmer01@gmail.com - 8438417373
2019-03-20 10:41:53 INFO::MODIFIED: OLD:  2017NC005 - Furr - furrc1958@aol.com - 7047918830
2019-03-20 10:41:53 INFO::MODIFIED: NEW:  2017NC005 - Furr - furrc1958@aol.com - 7047918830
2019-03-20 10:41:53 INFO::MODIFIED: OLD:  2017NC005 - Furr - furrc1958@aol.com - 7047918830
2019-03-20 10:41:53 INFO::MODIFIED: NEW:  2017NC005 - Furr - furrc1958@aol.com - 7047918830
2019-03-20 10:41:53 INFO::MODIFIED: OLD:  2018NC003 - Lewis - NA - 9102891658
2019-03-20 10:41:53 INFO::MODIFIED: NEW:  2018NC003 - Lewis - [null] - 9102891658
2019-03-20 10:41:53 INFO::MODIFIED: OLD:  2018NC003 - Lewis - [null] - 9102891658
2019-03-20 10:41:53 INFO::MODIFIED: NEW:  2018NC003 - Lewis - [null] - 9102891658
2019-03-20 10:41:53 INFO::MODIFIED: OLD:  2018NC004 - Tyndell - NA - 9109904504
2019-03-20 10:41:53 INFO::MODIFIED: NEW:  2018NC004 - Tyndell - [null] - 9109904504
2019-03-20 10:41:53 INFO::MODIFIED: OLD:  2018NC004 - Tyndell - [null] - 9109904504
2019-03-20 10:41:53 INFO::MODIFIED: NEW:  2018NC004 - Tyndell - [null] - 9109904504
2019-03-20 10:41:53 INFO::MODIFIED: OLD:  2018NC005 - Kinston - NA - 9192220877
2019-03-20 10:41:53 INFO::MODIFIED: NEW:  2018NC005 - Kinston - [null] - 9192220877
2019-03-20 10:41:53 INFO::MODIFIED: OLD:  2018NC005 - Kinston - [null] - 9192220877
2019-03-20 10:41:53 INFO::MODIFIED: NEW:  2018NC005 - Kinston - [null] - 9192220877
2019-03-20 10:41:53 INFO::MODIFIED: OLD:  2017NC014 - Howard - [null] - 9103893425
2019-03-20 10:41:53 INFO::MODIFIED: NEW:  2017NC014 - Howard - [null] - 9103893425
2019-03-20 10:41:53 INFO::MODIFIED: OLD:  2017NC008 - Mc-Girt - themcgirts@rocketmail.com - 9107340088
2019-03-20 10:41:53 INFO::MODIFIED: NEW:  2017NC008 - Mc-Girt - theMcGirts@rocketmail.com - 9107340088
2019-03-20 10:41:53 INFO::MODIFIED: OLD:  2017NC003 - Knowles - matthewknowles1985@gmail.com - 9103858667
2019-03-20 10:41:53 INFO::MODIFIED: NEW:  2017NC003 - Knowles - matthewknowles1985@gmail.com - 9103858667
2019-03-20 10:41:53 INFO::MODIFIED: OLD:  2017NC002 - Page - pagebuiders@charter.net - 9102841511
2019-03-20 10:41:53 INFO::MODIFIED: NEW:  2017NC002 - Page - pagebuilders@charter.net - 9102841511
2019-03-20 10:41:53 WARNING::NC: 2017NC012 - Hendrick - jrhgrainfarmsllc@gmail.com - 8035304315: same producer id was attributed to two farmers
2019-03-20 10:41:53 INFO::MODIFIED: OLD:  2017NC007 - Shooter - patshooter1@yahoo.com - 9107407481
2019-03-20 10:41:53 INFO::MODIFIED: NEW:  2017NC007 - Shooter - patshooter1@yahoo.com - 9107401481
2019-03-20 10:41:53 INFO::MODIFIED: OLD:  2017NC007 - Shooter - patshooter1@yahoo.com - 9107401481
2019-03-20 10:41:53 INFO::MODIFIED: NEW:  2017NC007 - Shooter - patshooter1@yahoo.com - 9107401481
2019-03-20 10:41:53 INFO::Table: producer_ids
2019-03-20 10:41:53 INFO::Time end: 2019-03-20 10:41:53
2019-03-20 10:42:04 INFO::Table: producer_ids
2019-03-20 10:42:04 INFO::Time ini: 2019-03-20 10:42:04
2019-03-20 10:42:10 INFO::MODIFIED: OLD:  2017NC001 - Ragan - zrtaylor@ncsu.edu - 9197707441
2019-03-20 10:42:10 INFO::MODIFIED: NEW:  2017NC001 - Ragan - zrtaylor@ncsu.edu - 9197707441
2019-03-20 10:42:10 INFO::MODIFIED: OLD:  2017NC002 - Page - pagebuilders@charter.net - 9102841511
2019-03-20 10:42:10 INFO::MODIFIED: NEW:  2017NC002 - Page - pagebuiders@charter.net - 9102841511
2019-03-20 10:42:10 INFO::MODIFIED: OLD:  2017NC003 - Knowles - matthewknowles1985@gmail.com - 9103858667
2019-03-20 10:42:10 INFO::MODIFIED: NEW:  2017NC003 - Knowles - matthewknowles1985@gmail.com - 9103858667
2019-03-20 10:42:10 INFO::MODIFIED: OLD:  2017NC004 - Coleman - scfarmer01@gmail.com - 8438417373
2019-03-20 10:42:10 INFO::MODIFIED: NEW:  2017NC004 - Coleman - scfarmer01@gmail.com - 8438417373
2019-03-20 10:42:10 INFO::MODIFIED: OLD:  2017NC004 - Coleman - scfarmer01@gmail.com - 8438417373
2019-03-20 10:42:10 INFO::MODIFIED: NEW:  2017NC004 - Coleman - scfarmer01@gmail.com - 8438417373
2019-03-20 10:42:10 INFO::MODIFIED: OLD:  2017NC005 - Furr - furrc1958@aol.com - 7047918830
2019-03-20 10:42:10 INFO::MODIFIED: NEW:  2017NC005 - Furr - furrc1958@aol.com - 7047918830
2019-03-20 10:42:10 INFO::MODIFIED: OLD:  2017NC007 - Shooter - patshooter1@yahoo.com - 9107401481
2019-03-20 10:42:10 INFO::MODIFIED: NEW:  2017NC007 - Shooter - patshooter1@yahoo.com - 9107407481
2019-03-20 10:42:10 INFO::MODIFIED: OLD:  2017NC008 - Mc-Girt - theMcGirts@rocketmail.com - 9107340088
2019-03-20 10:42:10 INFO::MODIFIED: NEW:  2017NC008 - Mc-Girt - themcgirts@rocketmail.com - 9107340088
2019-03-20 10:42:10 INFO::MODIFIED: OLD:  2017NC009 - Locklear - adrian.locklear@yahoo.com - 9107346209
2019-03-20 10:42:10 INFO::MODIFIED: NEW:  2017NC009 - Locklear - adrian.locklear@yahoo.com - 9107346209
2019-03-20 10:42:10 INFO::MODIFIED: OLD:  2017NC010 - Cooley - NA - 9103182630
2019-03-20 10:42:10 INFO::MODIFIED: NEW:  2017NC010 - Cooley - [null] - 9103182630
2019-03-20 10:42:10 INFO::MODIFIED: OLD:  2017NC011 - Hendrix - NA - 9103089800
2019-03-20 10:42:10 INFO::MODIFIED: NEW:  2017NC011 - Hendrix - [null] - 9103089800
2019-03-20 10:42:10 INFO::MODIFIED: OLD:  2017NC011 - Hendrix - [null] - 9103089800
2019-03-20 10:42:10 INFO::MODIFIED: NEW:  2017NC011 - Hendrix - [null] - 9103089800
2019-03-20 10:42:10 WARNING::NC: 2017NC012 - Hendrick - jrhgrainfarmsllc@gmail.com - 8035304315: same producer id was attributed to two farmers
2019-03-20 10:42:10 INFO::MODIFIED: OLD:  2017NC013 - Davis - NA - 8286990855
2019-03-20 10:42:10 INFO::MODIFIED: NEW:  2017NC013 - Davis - [null] - 8286990855
2019-03-20 10:42:10 INFO::MODIFIED: OLD:  2017NC014 - Howard - NA - 9103893425
2019-03-20 10:42:10 INFO::MODIFIED: NEW:  2017NC014 - Howard - [null] - 9103893425
2019-03-20 10:42:15 INFO::MODIFIED: OLD:  2017NC009 - Locklear - adrian.locklear@yahoo.com - 9107346209
2019-03-20 10:42:15 INFO::MODIFIED: NEW:  2017NC009 - Locklear - adrian.locklear@yahoo.com - 9107346209
2019-03-20 10:42:15 INFO::MODIFIED: OLD:  2017NC001 - Ragan - zrtaylor@ncsu.edu - 9197707441
2019-03-20 10:42:15 INFO::MODIFIED: NEW:  2017NC001 - Ragan - zrtaylor@ncsu.edu - 9197707441
2019-03-20 10:42:15 INFO::MODIFIED: OLD:  2018NC001 - Broadwell - rbroadwell26@hotmail.com - 9194227638
2019-03-20 10:42:15 INFO::MODIFIED: NEW:  2018NC001 - Broadwell - rbroadwell26@hotmail.com - 9194227638
2019-03-20 10:42:15 INFO::MODIFIED: OLD:  2018NC001 - Broadwell - rbroadwell26@hotmail.com - 9194227638
2019-03-20 10:42:15 INFO::MODIFIED: NEW:  2018NC001 - Broadwell - rbroadwell26@hotmail.com - 9194227638
2019-03-20 10:42:15 INFO::MODIFIED: OLD:  2018NC001 - Broadwell - rbroadwell26@hotmail.com - 9194227638
2019-03-20 10:42:15 INFO::MODIFIED: NEW:  2018NC001 - Broadwell - rbroadwell26@hotmail.com - 9194227638
2019-03-20 10:42:15 INFO::MODIFIED: OLD:  2017NC004 - Coleman - scfarmer01@gmail.com - 8438417373
2019-03-20 10:42:15 INFO::MODIFIED: NEW:  2017NC004 - Coleman - scfarmer01@gmail.com - 8438417373
2019-03-20 10:42:15 INFO::MODIFIED: OLD:  2017NC004 - Coleman - scfarmer01@gmail.com - 8438417373
2019-03-20 10:42:15 INFO::MODIFIED: NEW:  2017NC004 - Coleman - scfarmer01@gmail.com - 8438417373
2019-03-20 10:42:15 INFO::MODIFIED: OLD:  2017NC005 - Furr - furrc1958@aol.com - 7047918830
2019-03-20 10:42:15 INFO::MODIFIED: NEW:  2017NC005 - Furr - furrc1958@aol.com - 7047918830
2019-03-20 10:42:15 INFO::MODIFIED: OLD:  2017NC005 - Furr - furrc1958@aol.com - 7047918830
2019-03-20 10:42:15 INFO::MODIFIED: NEW:  2017NC005 - Furr - furrc1958@aol.com - 7047918830
2019-03-20 10:42:15 INFO::MODIFIED: OLD:  2018NC003 - Lewis - NA - 9102891658
2019-03-20 10:42:15 INFO::MODIFIED: NEW:  2018NC003 - Lewis - [null] - 9102891658
2019-03-20 10:42:15 INFO::MODIFIED: OLD:  2018NC003 - Lewis - [null] - 9102891658
2019-03-20 10:42:15 INFO::MODIFIED: NEW:  2018NC003 - Lewis - [null] - 9102891658
2019-03-20 10:42:15 INFO::MODIFIED: OLD:  2018NC004 - Tyndell - NA - 9109904504
2019-03-20 10:42:15 INFO::MODIFIED: NEW:  2018NC004 - Tyndell - [null] - 9109904504
2019-03-20 10:42:15 INFO::MODIFIED: OLD:  2018NC004 - Tyndell - [null] - 9109904504
2019-03-20 10:42:15 INFO::MODIFIED: NEW:  2018NC004 - Tyndell - [null] - 9109904504
2019-03-20 10:42:15 INFO::MODIFIED: OLD:  2018NC005 - Kinston - NA - 9192220877
2019-03-20 10:42:15 INFO::MODIFIED: NEW:  2018NC005 - Kinston - [null] - 9192220877
2019-03-20 10:42:15 INFO::MODIFIED: OLD:  2018NC005 - Kinston - [null] - 9192220877
2019-03-20 10:42:15 INFO::MODIFIED: NEW:  2018NC005 - Kinston - [null] - 9192220877
2019-03-20 10:42:15 INFO::MODIFIED: OLD:  2017NC014 - Howard - [null] - 9103893425
2019-03-20 10:42:15 INFO::MODIFIED: NEW:  2017NC014 - Howard - [null] - 9103893425
2019-03-20 10:42:15 INFO::MODIFIED: OLD:  2017NC008 - Mc-Girt - themcgirts@rocketmail.com - 9107340088
2019-03-20 10:42:15 INFO::MODIFIED: NEW:  2017NC008 - Mc-Girt - theMcGirts@rocketmail.com - 9107340088
2019-03-20 10:42:15 INFO::MODIFIED: OLD:  2017NC003 - Knowles - matthewknowles1985@gmail.com - 9103858667
2019-03-20 10:42:15 INFO::MODIFIED: NEW:  2017NC003 - Knowles - matthewknowles1985@gmail.com - 9103858667
2019-03-20 10:42:15 INFO::MODIFIED: OLD:  2017NC002 - Page - pagebuiders@charter.net - 9102841511
2019-03-20 10:42:15 INFO::MODIFIED: NEW:  2017NC002 - Page - pagebuilders@charter.net - 9102841511
2019-03-20 10:42:15 WARNING::NC: 2017NC012 - Hendrick - jrhgrainfarmsllc@gmail.com - 8035304315: same producer id was attributed to two farmers
2019-03-20 10:42:15 INFO::MODIFIED: OLD:  2017NC007 - Shooter - patshooter1@yahoo.com - 9107407481
2019-03-20 10:42:15 INFO::MODIFIED: NEW:  2017NC007 - Shooter - patshooter1@yahoo.com - 9107401481
2019-03-20 10:42:15 INFO::MODIFIED: OLD:  2017NC007 - Shooter - patshooter1@yahoo.com - 9107401481
2019-03-20 10:42:15 INFO::MODIFIED: NEW:  2017NC007 - Shooter - patshooter1@yahoo.com - 9107401481
2019-03-20 10:42:15 INFO::Table: producer_ids
2019-03-20 10:42:15 INFO::Time end: 2019-03-20 10:42:15
2019-03-20 10:43:10 INFO::Table: producer_ids
2019-03-20 10:43:11 INFO::Time ini: 2019-03-20 10:43:11
2019-03-20 10:45:23 INFO::Table: producer_ids
2019-03-20 10:45:23 INFO::Time ini: 2019-03-20 10:45:23
2019-03-20 10:45:27 INFO::ADDED: 2017GA001 - Heatwole - NA - NA
2019-03-20 10:45:27 INFO::ADDED: 2017GA002 - UGA/Gassett - NA - NA
2019-03-20 10:45:27 INFO::ADDED: 2017GA003 - Hedrick - NA - NA
2019-03-20 10:45:30 INFO::ADDED: 2017NC001 - Ragan - zrtaylor@ncsu.edu - 9197707441
2019-03-20 10:45:30 INFO::ADDED: 2017NC002 - Page - pagebuiders@charter.net - 9102841511
2019-03-20 10:45:30 INFO::ADDED: 2017NC003 - Knowles - matthewknowles1985@gmail.com - 9103858667
2019-03-20 10:45:30 INFO::ADDED: 2017NC004 - Coleman - scfarmer01@gmail.com - 8438417373
2019-03-20 10:45:30 INFO::MODIFIED: OLD:  2017NC004 - Coleman - scfarmer01@gmail.com - 8438417373
2019-03-20 10:45:30 INFO::MODIFIED: NEW:  2017NC004 - Coleman - scfarmer01@gmail.com - 8438417373
2019-03-20 10:45:31 INFO::ADDED: 2017NC005 - Furr - furrc1958@aol.com - 7047918830
2019-03-20 10:45:31 INFO::ADDED: 2017NC006 - Logan - watson.logan@rocketmail.com - NA
2019-03-20 10:45:31 INFO::ADDED: 2017NC007 - Shooter - patshooter1@yahoo.com - 9107407481
2019-03-20 10:45:31 INFO::ADDED: 2017NC008 - Mc-Girt - themcgirts@rocketmail.com - 9107340088
2019-03-20 10:45:31 INFO::ADDED: 2017NC009 - Locklear - adrian.locklear@yahoo.com - 9107346209
2019-03-20 10:45:31 INFO::ADDED: 2017NC010 - Cooley - NA - 9103182630
2019-03-20 10:45:31 INFO::ADDED: 2017NC011 - Hendrix - NA - 9103089800
2019-03-20 10:45:31 INFO::MODIFIED: OLD:  2017NC011 - Hendrix - NA - 9103089800
2019-03-20 10:45:31 INFO::MODIFIED: NEW:  2017NC011 - Hendrix - [null] - 9103089800
2019-03-20 10:45:31 INFO::ADDED: 2017NC012 - Hendrick - jrhgrainfarmsllc@gmail.com - 8035304315
2019-03-20 10:45:31 INFO::ADDED: 2017NC013 - Davis - NA - 8286990855
2019-03-20 10:45:31 INFO::ADDED: 2017NC014 - Howard - NA - 9103893425
2019-03-20 10:45:34 INFO::ADDED: 2018GA001 - Nunn - NA - NA
2019-03-20 10:45:37 INFO::MODIFIED: OLD:  2017NC009 - Locklear - adrian.locklear@yahoo.com - 9107346209
2019-03-20 10:45:37 INFO::MODIFIED: NEW:  2017NC009 - Locklear - adrian.locklear@yahoo.com - 9107346209
2019-03-20 10:45:37 INFO::MODIFIED: OLD:  2017NC001 - Ragan - zrtaylor@ncsu.edu - 9197707441
2019-03-20 10:45:37 INFO::MODIFIED: NEW:  2017NC001 - Ragan - zrtaylor@ncsu.edu - 9197707441
2019-03-20 10:45:37 INFO::ADDED: 2018NC001 - Broadwell - rbroadwell26@hotmail.com - 9194227638
2019-03-20 10:45:37 INFO::MODIFIED: OLD:  2018NC001 - Broadwell - rbroadwell26@hotmail.com - 9194227638
2019-03-20 10:45:37 INFO::MODIFIED: NEW:  2018NC001 - Broadwell - rbroadwell26@hotmail.com - 9194227638
2019-03-20 10:45:37 INFO::MODIFIED: OLD:  2018NC001 - Broadwell - rbroadwell26@hotmail.com - 9194227638
2019-03-20 10:45:37 INFO::MODIFIED: NEW:  2018NC001 - Broadwell - rbroadwell26@hotmail.com - 9194227638
2019-03-20 10:45:37 INFO::MODIFIED: OLD:  2017NC004 - Coleman - scfarmer01@gmail.com - 8438417373
2019-03-20 10:45:37 INFO::MODIFIED: NEW:  2017NC004 - Coleman - scfarmer01@gmail.com - 8438417373
2019-03-20 10:45:37 INFO::MODIFIED: OLD:  2017NC004 - Coleman - scfarmer01@gmail.com - 8438417373
2019-03-20 10:45:37 INFO::MODIFIED: NEW:  2017NC004 - Coleman - scfarmer01@gmail.com - 8438417373
2019-03-20 10:45:37 INFO::ADDED: 2018NC002 - Goldsboro - NA - NA
2019-03-20 10:45:37 INFO::MODIFIED: OLD:  2017NC005 - Furr - furrc1958@aol.com - 7047918830
2019-03-20 10:45:37 INFO::MODIFIED: NEW:  2017NC005 - Furr - furrc1958@aol.com - 7047918830
2019-03-20 10:45:37 INFO::MODIFIED: OLD:  2017NC005 - Furr - furrc1958@aol.com - 7047918830
2019-03-20 10:45:37 INFO::MODIFIED: NEW:  2017NC005 - Furr - furrc1958@aol.com - 7047918830
2019-03-20 10:45:37 INFO::ADDED: 2018NC003 - Lewis - NA - 9102891658
2019-03-20 10:45:37 INFO::MODIFIED: OLD:  2018NC003 - Lewis - NA - 9102891658
2019-03-20 10:45:37 INFO::MODIFIED: NEW:  2018NC003 - Lewis - [null] - 9102891658
2019-03-20 10:45:37 INFO::ADDED: 2018NC004 - Tyndell - NA - 9109904504
2019-03-20 10:45:37 INFO::MODIFIED: OLD:  2018NC004 - Tyndell - NA - 9109904504
2019-03-20 10:45:37 INFO::MODIFIED: NEW:  2018NC004 - Tyndell - [null] - 9109904504
2019-03-20 10:45:37 INFO::ADDED: 2018NC005 - Kinston - NA - 9192220877
2019-03-20 10:45:37 INFO::MODIFIED: OLD:  2018NC005 - Kinston - NA - 9192220877
2019-03-20 10:45:37 INFO::MODIFIED: NEW:  2018NC005 - Kinston - [null] - 9192220877
2019-03-20 10:45:37 INFO::MODIFIED: OLD:  2017NC014 - Howard - NA - 9103893425
2019-03-20 10:45:37 INFO::MODIFIED: NEW:  2017NC014 - Howard - [null] - 9103893425
2019-03-20 10:45:37 INFO::MODIFIED: OLD:  2017NC008 - Mc-Girt - themcgirts@rocketmail.com - 9107340088
2019-03-20 10:45:37 INFO::MODIFIED: NEW:  2017NC008 - Mc-Girt - theMcGirts@rocketmail.com - 9107340088
2019-03-20 10:45:37 INFO::MODIFIED: OLD:  2017NC003 - Knowles - matthewknowles1985@gmail.com - 9103858667
2019-03-20 10:45:37 INFO::MODIFIED: NEW:  2017NC003 - Knowles - matthewknowles1985@gmail.com - 9103858667
2019-03-20 10:45:37 INFO::MODIFIED: OLD:  2017NC002 - Page - pagebuiders@charter.net - 9102841511
2019-03-20 10:45:37 INFO::MODIFIED: NEW:  2017NC002 - Page - pagebuilders@charter.net - 9102841511
2019-03-20 10:45:37 INFO::MODIFIED: OLD:  2017NC012 - Hendrick - jrhgrainfarmsllc@gmail.com - 8035304315
2019-03-20 10:45:37 INFO::MODIFIED: NEW:  2017NC012 - Hendrick - jrhgrainfarmsllc@gmail.com - 8035304315
2019-03-20 10:45:37 INFO::MODIFIED: OLD:  2017NC007 - Shooter - patshooter1@yahoo.com - 9107407481
2019-03-20 10:45:37 INFO::MODIFIED: NEW:  2017NC007 - Shooter - patshooter1@yahoo.com - 9107401481
2019-03-20 10:45:37 INFO::MODIFIED: OLD:  2017NC007 - Shooter - patshooter1@yahoo.com - 9107401481
2019-03-20 10:45:37 INFO::MODIFIED: NEW:  2017NC007 - Shooter - patshooter1@yahoo.com - 9107401481
2019-03-20 10:45:37 INFO::Table: producer_ids
2019-03-20 10:45:37 INFO::Time end: 2019-03-20 10:45:37
2019-03-20 10:46:09 INFO::Table: producer_ids
2019-03-20 10:46:09 INFO::Time ini: 2019-03-20 10:46:09
2019-03-20 10:49:04 INFO::Table: producer_ids
2019-03-20 10:49:04 INFO::Time ini: 2019-03-20 10:49:04
2019-03-20 10:49:10 INFO::MODIFIED: OLD:  2017NC001 - Ragan - zrtaylor@ncsu.edu - 9197707441
2019-03-20 10:49:10 INFO::MODIFIED: NEW:  2017NC001 - Ragan - zrtaylor@ncsu.edu - 9197707441
2019-03-20 10:49:10 INFO::MODIFIED: OLD:  2017NC002 - Page - pagebuilders@charter.net - 9102841511
2019-03-20 10:49:10 INFO::MODIFIED: NEW:  2017NC002 - Page - pagebuiders@charter.net - 9102841511
2019-03-20 10:49:10 INFO::MODIFIED: OLD:  2017NC003 - Knowles - matthewknowles1985@gmail.com - 9103858667
2019-03-20 10:49:10 INFO::MODIFIED: NEW:  2017NC003 - Knowles - matthewknowles1985@gmail.com - 9103858667
2019-03-20 10:49:10 INFO::MODIFIED: OLD:  2017NC004 - Coleman - scfarmer01@gmail.com - 8438417373
2019-03-20 10:49:10 INFO::MODIFIED: NEW:  2017NC004 - Coleman - scfarmer01@gmail.com - 8438417373
2019-03-20 10:49:10 INFO::MODIFIED: OLD:  2017NC004 - Coleman - scfarmer01@gmail.com - 8438417373
2019-03-20 10:49:10 INFO::MODIFIED: NEW:  2017NC004 - Coleman - scfarmer01@gmail.com - 8438417373
2019-03-20 10:49:10 INFO::MODIFIED: OLD:  2017NC005 - Furr - furrc1958@aol.com - 7047918830
2019-03-20 10:49:10 INFO::MODIFIED: NEW:  2017NC005 - Furr - furrc1958@aol.com - 7047918830
2019-03-20 10:49:10 INFO::MODIFIED: OLD:  2017NC007 - Shooter - patshooter1@yahoo.com - 9107401481
2019-03-20 10:49:10 INFO::MODIFIED: NEW:  2017NC007 - Shooter - patshooter1@yahoo.com - 9107407481
2019-03-20 10:49:10 INFO::MODIFIED: OLD:  2017NC008 - Mc-Girt - theMcGirts@rocketmail.com - 9107340088
2019-03-20 10:49:10 INFO::MODIFIED: NEW:  2017NC008 - Mc-Girt - themcgirts@rocketmail.com - 9107340088
2019-03-20 10:49:10 INFO::MODIFIED: OLD:  2017NC009 - Locklear - adrian.locklear@yahoo.com - 9107346209
2019-03-20 10:49:10 INFO::MODIFIED: NEW:  2017NC009 - Locklear - adrian.locklear@yahoo.com - 9107346209
2019-03-20 10:49:10 INFO::MODIFIED: OLD:  2017NC010 - Cooley - NA - 9103182630
2019-03-20 10:49:10 INFO::MODIFIED: NEW:  2017NC010 - Cooley - [null] - 9103182630
2019-03-20 10:49:10 INFO::MODIFIED: OLD:  2017NC011 - Hendrix - NA - 9103089800
2019-03-20 10:49:10 INFO::MODIFIED: NEW:  2017NC011 - Hendrix - [null] - 9103089800
2019-03-20 10:49:10 INFO::MODIFIED: OLD:  2017NC011 - Hendrix - [null] - 9103089800
2019-03-20 10:49:10 INFO::MODIFIED: NEW:  2017NC011 - Hendrix - [null] - 9103089800
2019-03-20 10:49:10 INFO::MODIFIED: OLD:  2017NC012 - Hendrick - jrhgrainfarmsllc@gmail.com - 8035304315
2019-03-20 10:49:10 INFO::MODIFIED: NEW:  2017NC012 - Hendrick - jrhgrainfarmsllc@gmail.com - 8035304315
2019-03-20 10:49:10 INFO::MODIFIED: OLD:  2017NC013 - Davis - NA - 8286990855
2019-03-20 10:49:10 INFO::MODIFIED: NEW:  2017NC013 - Davis - [null] - 8286990855
2019-03-20 10:49:10 INFO::MODIFIED: OLD:  2017NC014 - Howard - NA - 9103893425
2019-03-20 10:49:10 INFO::MODIFIED: NEW:  2017NC014 - Howard - [null] - 9103893425
2019-03-20 10:49:16 INFO::MODIFIED: OLD:  2017NC009 - Locklear - adrian.locklear@yahoo.com - 9107346209
2019-03-20 10:49:16 INFO::MODIFIED: NEW:  2017NC009 - Locklear - adrian.locklear@yahoo.com - 9107346209
2019-03-20 10:49:16 INFO::MODIFIED: OLD:  2017NC001 - Ragan - zrtaylor@ncsu.edu - 9197707441
2019-03-20 10:49:16 INFO::MODIFIED: NEW:  2017NC001 - Ragan - zrtaylor@ncsu.edu - 9197707441
2019-03-20 10:49:16 INFO::MODIFIED: OLD:  2018NC001 - Broadwell - rbroadwell26@hotmail.com - 9194227638
2019-03-20 10:49:16 INFO::MODIFIED: NEW:  2018NC001 - Broadwell - rbroadwell26@hotmail.com - 9194227638
2019-03-20 10:49:16 INFO::MODIFIED: OLD:  2018NC001 - Broadwell - rbroadwell26@hotmail.com - 9194227638
2019-03-20 10:49:16 INFO::MODIFIED: NEW:  2018NC001 - Broadwell - rbroadwell26@hotmail.com - 9194227638
2019-03-20 10:49:16 INFO::MODIFIED: OLD:  2018NC001 - Broadwell - rbroadwell26@hotmail.com - 9194227638
2019-03-20 10:49:16 INFO::MODIFIED: NEW:  2018NC001 - Broadwell - rbroadwell26@hotmail.com - 9194227638
2019-03-20 10:49:16 INFO::MODIFIED: OLD:  2017NC004 - Coleman - scfarmer01@gmail.com - 8438417373
2019-03-20 10:49:16 INFO::MODIFIED: NEW:  2017NC004 - Coleman - scfarmer01@gmail.com - 8438417373
2019-03-20 10:49:16 INFO::MODIFIED: OLD:  2017NC004 - Coleman - scfarmer01@gmail.com - 8438417373
2019-03-20 10:49:16 INFO::MODIFIED: NEW:  2017NC004 - Coleman - scfarmer01@gmail.com - 8438417373
2019-03-20 10:49:16 INFO::MODIFIED: OLD:  2017NC005 - Furr - furrc1958@aol.com - 7047918830
2019-03-20 10:49:16 INFO::MODIFIED: NEW:  2017NC005 - Furr - furrc1958@aol.com - 7047918830
2019-03-20 10:49:16 INFO::MODIFIED: OLD:  2017NC005 - Furr - furrc1958@aol.com - 7047918830
2019-03-20 10:49:16 INFO::MODIFIED: NEW:  2017NC005 - Furr - furrc1958@aol.com - 7047918830
2019-03-20 10:49:16 INFO::MODIFIED: OLD:  2018NC003 - Lewis - NA - 9102891658
2019-03-20 10:49:16 INFO::MODIFIED: NEW:  2018NC003 - Lewis - [null] - 9102891658
2019-03-20 10:49:16 INFO::MODIFIED: OLD:  2018NC003 - Lewis - [null] - 9102891658
2019-03-20 10:49:16 INFO::MODIFIED: NEW:  2018NC003 - Lewis - [null] - 9102891658
2019-03-20 10:49:16 INFO::MODIFIED: OLD:  2018NC004 - Tyndell - NA - 9109904504
2019-03-20 10:49:16 INFO::MODIFIED: NEW:  2018NC004 - Tyndell - [null] - 9109904504
2019-03-20 10:49:16 INFO::MODIFIED: OLD:  2018NC004 - Tyndell - [null] - 9109904504
2019-03-20 10:49:16 INFO::MODIFIED: NEW:  2018NC004 - Tyndell - [null] - 9109904504
2019-03-20 10:49:16 INFO::MODIFIED: OLD:  2018NC005 - Kinston - NA - 9192220877
2019-03-20 10:49:16 INFO::MODIFIED: NEW:  2018NC005 - Kinston - [null] - 9192220877
2019-03-20 10:49:16 INFO::MODIFIED: OLD:  2018NC005 - Kinston - [null] - 9192220877
2019-03-20 10:49:16 INFO::MODIFIED: NEW:  2018NC005 - Kinston - [null] - 9192220877
2019-03-20 10:49:16 INFO::MODIFIED: OLD:  2017NC014 - Howard - [null] - 9103893425
2019-03-20 10:49:16 INFO::MODIFIED: NEW:  2017NC014 - Howard - [null] - 9103893425
2019-03-20 10:49:16 INFO::MODIFIED: OLD:  2017NC008 - Mc-Girt - themcgirts@rocketmail.com - 9107340088
2019-03-20 10:49:16 INFO::MODIFIED: NEW:  2017NC008 - Mc-Girt - theMcGirts@rocketmail.com - 9107340088
2019-03-20 10:49:16 INFO::MODIFIED: OLD:  2017NC003 - Knowles - matthewknowles1985@gmail.com - 9103858667
2019-03-20 10:49:16 INFO::MODIFIED: NEW:  2017NC003 - Knowles - matthewknowles1985@gmail.com - 9103858667
2019-03-20 10:49:16 INFO::MODIFIED: OLD:  2017NC002 - Page - pagebuiders@charter.net - 9102841511
2019-03-20 10:49:16 INFO::MODIFIED: NEW:  2017NC002 - Page - pagebuilders@charter.net - 9102841511
2019-03-20 10:49:16 INFO::MODIFIED: OLD:  2017NC012 - Hendrick - jrhgrainfarmsllc@gmail.com - 8035304315
2019-03-20 10:49:16 INFO::MODIFIED: NEW:  2017NC012 - Hendrick - jrhgrainfarmsllc@gmail.com - 8035304315
2019-03-20 10:49:16 INFO::MODIFIED: OLD:  2017NC007 - Shooter - patshooter1@yahoo.com - 9107407481
2019-03-20 10:49:16 INFO::MODIFIED: NEW:  2017NC007 - Shooter - patshooter1@yahoo.com - 9107401481
2019-03-20 10:49:16 INFO::MODIFIED: OLD:  2017NC007 - Shooter - patshooter1@yahoo.com - 9107401481
2019-03-20 10:49:16 INFO::MODIFIED: NEW:  2017NC007 - Shooter - patshooter1@yahoo.com - 9107401481
2019-03-20 10:49:16 INFO::Table: producer_ids
2019-03-20 10:49:16 INFO::Time end: 2019-03-20 10:49:16
2019-03-20 10:50:05 INFO::Table: producer_ids
2019-03-20 10:50:05 INFO::Time ini: 2019-03-20 10:50:05
2019-03-20 10:50:08 INFO::ADDED: 2017GA001 - Heatwole - NA - NA
2019-03-20 10:50:08 INFO::ADDED: 2017GA002 - UGA/Gassett - NA - NA
2019-03-20 10:50:08 INFO::ADDED: 2017GA003 - Hedrick - NA - NA
2019-03-20 10:50:12 INFO::ADDED: 2017NC001 - Ragan - zrtaylor@ncsu.edu - 9197707441
2019-03-20 10:50:12 INFO::ADDED: 2017NC002 - Page - pagebuiders@charter.net - 9102841511
2019-03-20 10:50:12 INFO::ADDED: 2017NC003 - Knowles - matthewknowles1985@gmail.com - 9103858667
2019-03-20 10:50:12 INFO::ADDED: 2017NC004 - Coleman - scfarmer01@gmail.com - 8438417373
2019-03-20 10:50:12 INFO::ADDED: 2017NC005 - Furr - furrc1958@aol.com - 7047918830
2019-03-20 10:50:12 INFO::ADDED: 2017NC006 - Logan - watson.logan@rocketmail.com - NA
2019-03-20 10:50:12 INFO::ADDED: 2017NC007 - Shooter - patshooter1@yahoo.com - 9107407481
2019-03-20 10:50:12 INFO::ADDED: 2017NC008 - Mc-Girt - themcgirts@rocketmail.com - 9107340088
2019-03-20 10:50:12 INFO::ADDED: 2017NC009 - Locklear - adrian.locklear@yahoo.com - 9107346209
2019-03-20 10:50:12 INFO::ADDED: 2017NC010 - Cooley - NA - 9103182630
2019-03-20 10:50:12 INFO::ADDED: 2017NC011 - Hendrix - NA - 9103089800
2019-03-20 10:50:12 INFO::ADDED: 2017NC012 - Hendrick - jrhgrainfarmsllc@gmail.com - 8035304315
2019-03-20 10:50:12 INFO::ADDED: 2017NC013 - Davis - NA - 8286990855
2019-03-20 10:50:12 INFO::ADDED: 2017NC014 - Howard - NA - 9103893425
2019-03-20 10:50:14 INFO::ADDED: 2018GA001 - Nunn - NA - NA
2019-03-20 10:50:17 INFO::ADDED: 2018NC001 - Broadwell - rbroadwell26@hotmail.com - 9194227638
2019-03-20 10:50:17 INFO::ADDED: 2018NC002 - Goldsboro - NA - NA
2019-03-20 10:50:17 INFO::ADDED: 2018NC003 - Lewis - NA - 9102891658
2019-03-20 10:50:17 INFO::ADDED: 2018NC004 - Tyndell - NA - 9109904504
2019-03-20 10:50:17 INFO::ADDED: 2018NC005 - Kinston - NA - 9192220877
2019-03-20 10:50:17 INFO::MODIFIED: OLD:  2017NC008 - Mc-Girt - themcgirts@rocketmail.com - 9107340088
2019-03-20 10:50:17 INFO::MODIFIED: NEW:  2017NC008 - Mc-Girt - theMcGirts@rocketmail.com - 9107340088
2019-03-20 10:50:17 INFO::MODIFIED: OLD:  2017NC002 - Page - pagebuiders@charter.net - 9102841511
2019-03-20 10:50:17 INFO::MODIFIED: NEW:  2017NC002 - Page - pagebuilders@charter.net - 9102841511
2019-03-20 10:50:17 INFO::MODIFIED: OLD:  2017NC007 - Shooter - patshooter1@yahoo.com - 9107407481
2019-03-20 10:50:17 INFO::MODIFIED: NEW:  2017NC007 - Shooter - patshooter1@yahoo.com - 9107401481
2019-03-20 10:50:17 INFO::Table: producer_ids
2019-03-20 10:50:17 INFO::Time end: 2019-03-20 10:50:17
2019-03-20 10:50:35 INFO::Table: producer_ids
2019-03-20 10:50:35 INFO::Time ini: 2019-03-20 10:50:35
2019-03-20 10:50:41 INFO::MODIFIED: OLD:  2017NC002 - Page - pagebuilders@charter.net - 9102841511
2019-03-20 10:50:41 INFO::MODIFIED: NEW:  2017NC002 - Page - pagebuiders@charter.net - 9102841511
2019-03-20 10:50:41 INFO::MODIFIED: OLD:  2017NC007 - Shooter - patshooter1@yahoo.com - 9107401481
2019-03-20 10:50:41 INFO::MODIFIED: NEW:  2017NC007 - Shooter - patshooter1@yahoo.com - 9107407481
2019-03-20 10:50:41 INFO::MODIFIED: OLD:  2017NC008 - Mc-Girt - theMcGirts@rocketmail.com - 9107340088
2019-03-20 10:50:41 INFO::MODIFIED: NEW:  2017NC008 - Mc-Girt - themcgirts@rocketmail.com - 9107340088
2019-03-20 10:50:47 INFO::MODIFIED: OLD:  2017NC008 - Mc-Girt - themcgirts@rocketmail.com - 9107340088
2019-03-20 10:50:47 INFO::MODIFIED: NEW:  2017NC008 - Mc-Girt - theMcGirts@rocketmail.com - 9107340088
2019-03-20 10:50:47 INFO::MODIFIED: OLD:  2017NC002 - Page - pagebuiders@charter.net - 9102841511
2019-03-20 10:50:47 INFO::MODIFIED: NEW:  2017NC002 - Page - pagebuilders@charter.net - 9102841511
2019-03-20 10:50:47 INFO::MODIFIED: OLD:  2017NC007 - Shooter - patshooter1@yahoo.com - 9107407481
2019-03-20 10:50:47 INFO::MODIFIED: NEW:  2017NC007 - Shooter - patshooter1@yahoo.com - 9107401481
2019-03-20 10:50:47 INFO::Table: producer_ids
2019-03-20 10:50:47 INFO::Time end: 2019-03-20 10:50:47
2019-03-20 10:50:56 INFO::Table: producer_ids
2019-03-20 10:50:56 INFO::Time ini: 2019-03-20 10:50:56
2019-03-20 10:51:02 INFO::MODIFIED: OLD:  2017NC002 - Page - pagebuilders@charter.net - 9102841511
2019-03-20 10:51:02 INFO::MODIFIED: NEW:  2017NC002 - Page - pagebuiders@charter.net - 9102841511
2019-03-20 10:51:02 INFO::MODIFIED: OLD:  2017NC007 - Shooter - patshooter1@yahoo.com - 9107401481
2019-03-20 10:51:02 INFO::MODIFIED: NEW:  2017NC007 - Shooter - patshooter1@yahoo.com - 9107407481
2019-03-20 10:51:02 INFO::MODIFIED: OLD:  2017NC008 - Mc-Girt - theMcGirts@rocketmail.com - 9107340088
2019-03-20 10:51:02 INFO::MODIFIED: NEW:  2017NC008 - Mc-Girt - themcgirts@rocketmail.com - 9107340088
2019-03-20 10:51:07 INFO::MODIFIED: OLD:  2017NC008 - Mc-Girt - themcgirts@rocketmail.com - 9107340088
2019-03-20 10:51:07 INFO::MODIFIED: NEW:  2017NC008 - Mc-Girt - theMcGirts@rocketmail.com - 9107340088
2019-03-20 10:51:07 INFO::MODIFIED: OLD:  2017NC002 - Page - pagebuiders@charter.net - 9102841511
2019-03-20 10:51:07 INFO::MODIFIED: NEW:  2017NC002 - Page - pagebuilders@charter.net - 9102841511
2019-03-20 10:51:07 INFO::MODIFIED: OLD:  2017NC007 - Shooter - patshooter1@yahoo.com - 9107407481
2019-03-20 10:51:07 INFO::MODIFIED: NEW:  2017NC007 - Shooter - patshooter1@yahoo.com - 9107401481
2019-03-20 10:51:07 INFO::Table: producer_ids
2019-03-20 10:51:07 INFO::Time end: 2019-03-20 10:51:07
2019-03-20 10:56:27 INFO::ADDED: HFS - 2017 - GA - Burke - -82.07605 - 32.57136 - NA - NA - 2017GA001 - Waynesboro,GA
2019-03-20 10:58:14 INFO::Table: producer_ids
2019-03-20 10:58:14 INFO::Time ini: 2019-03-20 10:58:14
2019-03-20 10:58:21 INFO::MODIFIED: OLD:  2017NC002 - Page - pagebuilders@charter.net - 9102841511
2019-03-20 10:58:21 INFO::MODIFIED: NEW:  2017NC002 - Page - pagebuiders@charter.net - 9102841511
2019-03-20 10:58:21 INFO::MODIFIED: OLD:  2017NC007 - Shooter - patshooter1@yahoo.com - 9107401481
2019-03-20 10:58:21 INFO::MODIFIED: NEW:  2017NC007 - Shooter - patshooter1@yahoo.com - 9107407481
2019-03-20 10:58:21 INFO::MODIFIED: OLD:  2017NC008 - Mc-Girt - theMcGirts@rocketmail.com - 9107340088
2019-03-20 10:58:21 INFO::MODIFIED: NEW:  2017NC008 - Mc-Girt - themcgirts@rocketmail.com - 9107340088
2019-03-20 10:58:27 INFO::MODIFIED: OLD:  2017NC008 - Mc-Girt - themcgirts@rocketmail.com - 9107340088
2019-03-20 10:58:27 INFO::MODIFIED: NEW:  2017NC008 - Mc-Girt - theMcGirts@rocketmail.com - 9107340088
2019-03-20 10:58:27 INFO::MODIFIED: OLD:  2017NC002 - Page - pagebuiders@charter.net - 9102841511
2019-03-20 10:58:27 INFO::MODIFIED: NEW:  2017NC002 - Page - pagebuilders@charter.net - 9102841511
2019-03-20 10:58:27 INFO::MODIFIED: OLD:  2017NC007 - Shooter - patshooter1@yahoo.com - 9107407481
2019-03-20 10:58:27 INFO::MODIFIED: NEW:  2017NC007 - Shooter - patshooter1@yahoo.com - 9107401481
2019-03-20 10:58:27 INFO::Table: producer_ids
2019-03-20 10:58:27 INFO::Time end: 2019-03-20 10:58:27
2019-03-20 10:58:34 INFO::Table: producer_ids
2019-03-20 10:58:34 INFO::Time ini: 2019-03-20 10:58:34
2019-03-20 10:58:40 INFO::MODIFIED: OLD:  2017NC002 - Page - pagebuilders@charter.net - 9102841511
2019-03-20 10:58:40 INFO::MODIFIED: NEW:  2017NC002 - Page - pagebuiders@charter.net - 9102841511
2019-03-20 10:58:40 INFO::MODIFIED: OLD:  2017NC007 - Shooter - patshooter1@yahoo.com - 9107401481
2019-03-20 10:58:40 INFO::MODIFIED: NEW:  2017NC007 - Shooter - patshooter1@yahoo.com - 9107407481
2019-03-20 10:58:40 INFO::MODIFIED: OLD:  2017NC008 - Mc-Girt - theMcGirts@rocketmail.com - 9107340088
2019-03-20 10:58:40 INFO::MODIFIED: NEW:  2017NC008 - Mc-Girt - themcgirts@rocketmail.com - 9107340088
2019-03-20 10:58:46 INFO::MODIFIED: OLD:  2017NC008 - Mc-Girt - themcgirts@rocketmail.com - 9107340088
2019-03-20 10:58:46 INFO::MODIFIED: NEW:  2017NC008 - Mc-Girt - theMcGirts@rocketmail.com - 9107340088
2019-03-20 10:58:46 INFO::MODIFIED: OLD:  2017NC002 - Page - pagebuiders@charter.net - 9102841511
2019-03-20 10:58:46 INFO::MODIFIED: NEW:  2017NC002 - Page - pagebuilders@charter.net - 9102841511
2019-03-20 10:58:46 INFO::MODIFIED: OLD:  2017NC007 - Shooter - patshooter1@yahoo.com - 9107407481
2019-03-20 10:58:46 INFO::MODIFIED: NEW:  2017NC007 - Shooter - patshooter1@yahoo.com - 9107401481
2019-03-20 10:58:46 INFO::Table: producer_ids
2019-03-20 10:58:46 INFO::Time end: 2019-03-20 10:58:46
2019-03-20 10:58:46 INFO::Table: site_information
2019-03-20 10:58:46 INFO::Time ini: 2019-03-20 10:58:46
2019-03-20 10:58:48 INFO::ADDED: IHS - 2017 - GA - Oconee - -83.18403 - 33.43547 - NA - NA - 2017GA002 - Watkinsville, GA
2019-03-20 10:58:48 INFO::ADDED: RHS - 2017 - NC - Catawba - -81.09078 - 35.48405 - NA - NA - 2017GA003 - 1750 33rd St. NE. Hickory,NC 28601
2019-03-20 10:58:52 INFO::ADDED: LBR - 2017 - NC - Lee - -79.076723 - 35.587695 - NA - NA - 2017NC001 - 640 ragan road sanford, NC
2019-03-20 10:58:52 INFO::ADDED: DMP - 2017 - NC - Duplin - -78.020722 - 34.743985 - NA - NA - 2017NC002 - 679-671 State Rd 1149, teachey, NC
2019-03-20 10:58:52 INFO::ADDED: DMK - 2017 - NC - Duplin - -78.040206 - 34.788274 - NA - NA - 2017NC003 - 738 Wells town Road, Teachey, NC
2019-03-20 10:58:52 INFO::ADDED: DCA - 2017 - NC - Dillon - -79.411129 - 34.464027 - NA - NA - 2017NC004 - 1110 Harllees Bridge Rd Dillon, SC
2019-03-20 10:58:52 INFO::ADDED: DCB - 2017 - NC - Dillon - -79.40779 - 34.461141 - NA - NA - 2017NC004 - 1110 Harllees Bridge Rd Dillon, SC
2019-03-20 10:58:52 INFO::ADDED: SCF - 2017 - NC - Stanley - -80.322678 - 35.340182 - NA - NA - 2017NC005 - 21933 Canton Road, Albemarle, NC
2019-03-20 10:58:52 INFO::ADDED: ULA - 2017 - NC - Union - -80.512806 - 34.860278 - NA - NA - 2017NC006 - 590 Jack Davis Rd, Monroe, NC
2019-03-20 10:58:52 INFO::ADDED: ULB - 2017 - NC - Union - -80.511473 - 34.861906 - NA - NA - 2017NC006 - 590 Jack Davis Rd, Monroe, NC
2019-03-20 10:58:52 INFO::ADDED: RPS - 2017 - NC - Robeson - -79.316793 - 34.580045 - NA - NA - 2017NC007 - 1134 Kitchen Street, Rowland, NC
2019-03-20 10:58:52 INFO::ADDED: RKM - 2017 - NC - Robeson - -79.274829 - 34.535847 - NA - NA - 2017NC008 - 1492 McKinnon-Pate Rd Rowland, NC
2019-03-20 10:58:52 INFO::ADDED: RAL - 2017 - NC - Robeson - -79.260121 - 34.785462 - NA - NA - 2017NC009 - 6605 preston road, red springs, NC
2019-03-20 10:58:52 INFO::ADDED: SJC - 2017 - NC - Scotland - -79.403793 - 34.901274 - NA - NA - 2017NC010 - 900 Spring Hill Rd, Wagram, NC
2019-03-20 10:58:52 INFO::ADDED: HHA - 2017 - NC - Hoke - -79.278458 - 34.952969 - NA - NA - 2017NC011 - 3601 Laurinburg Rd, Raeford, NC
2019-03-20 10:58:52 INFO::ADDED: HHB - 2017 - NC - Hoke - -79.277886 - 34.933701 - NA - NA - 2017NC011 - 3601 Laurinburg Rd, Raeford, NC
2019-03-20 10:58:52 INFO::ADDED: CRH - 2017 - NC - Catawba - NA - NA - NA - NA - 2017NC012 - NA
2019-03-20 10:58:52 INFO::ADDED: BJD - 2017 - NC - Brunswick - NA - NA - NA - NA - 2017NC013 - NA
2019-03-20 10:58:52 INFO::ADDED: OMH - 2017 - NC - Onslow - -77.559409 - 34.949995 - NA - NA - 2017NC014 - 865 Huffmantown Rd, Richlands, NC
2019-03-20 10:58:55 INFO::ADDED: LNE - 2018 - GA - Madison/Morgan/Hanes - -83.494097 - 33.571214 - NA - NA - 2018GA001 - NA
2019-03-20 10:58:55 INFO::ADDED: HFE - 2018 - GA - Burke - -82.07605 - 32.57136 - NA - NA - 2017GA001 - Waynesboro,GA
2019-03-20 10:58:55 INFO::ADDED: IHE - 2018 - GA - Oconee - -83.18403 - 33.43547 - NA - NA - 2017GA002 - Watkinsville, GA
2019-03-20 10:58:58 INFO::ADDED: ALR - 2018 - NC - Robeson - -79.279514 - 34.824313 - NA - NA - 2017NC009 - beaver dam road maxton, NC
2019-03-20 10:58:58 INFO::ADDED: BRL - 2018 - NC - Lee - -79.076068 - 35.587153 - NA - NA - 2017NC001 - 640 ragan road sanford, NC
2019-03-20 10:58:58 INFO::ADDED: BWA - 2018 - NC - Wake - -78.477816 - 35.74728 - NA - NA - 2018NC001 - 1304 cal erin circle knightdale, NC
2019-03-20 10:58:58 INFO::ADDED: BWB - 2018 - NC - Wake - -78.498714 - 35.750764 - NA - NA - 2018NC001 - 7846 poole road  raleigh, NC
2019-03-20 10:58:58 INFO::ADDED: BWC - 2018 - NC - Wake - -78.500238 - 35.74605 - NA - NA - 2018NC001 - 7846 poole road  raleigh, NC
2019-03-20 10:58:58 INFO::ADDED: CDA - 2018 - NC - Dillon - -79.411582 - 34.46282 - NA - NA - 2017NC004 - 1110 Harllees Bridge Rd Dillon, SC
2019-03-20 10:58:58 INFO::ADDED: CDB - 2018 - NC - Dillon - -79.41306 - 34.460519 - NA - NA - 2017NC004 - 1110 Harllees Bridge Rd Dillon, SC
2019-03-20 10:58:58 INFO::ADDED: GBO - 2018 - NC - Wayne - -78.036082 - 35.383359 - NA - NA - 2018NC002 - Cherry Research Farm, Farm Road, Goldsboro, NC
2019-03-20 10:58:58 INFO::ADDED: FSA - 2018 - NC - Stanley - -80.304996 - 35.316693 - NA - NA - 2017NC005 - 24057 Austin Rd, Albemarle, NC
2019-03-20 10:58:58 INFO::ADDED: FSB - 2018 - NC - Stanley - -80.293027 - 35.322101 - NA - NA - 2017NC005 - 24676 Ramsey Road, Albemarle, NC
2019-03-20 10:58:58 INFO::ADDED: HLD - 2018 - NC - Duplin - -77.895657 - 34.991228 - NA - NA - 2018NC003 - 480 Dark Branch Rd Kenansville, NC
2019-03-20 10:58:58 INFO::ADDED: HLQ - 2018 - NC - Duplin - -77.895169 - 34.992146 - NA - NA - 2018NC003 - 480 Dark Branch Rd Kenansville, NC
2019-03-20 10:58:58 INFO::ADDED: JYB - 2018 - NC - Sampson - -78.352778 - 35.101898 - NA - NA - 2018NC004 - 3520 basstown road, clinton NC
2019-03-20 10:58:58 INFO::ADDED: JYS - 2018 - NC - Sampson - -78.352604 - 35.100978 - NA - NA - 2018NC004 - 3520 basstown road, clinton NC
2019-03-20 10:58:58 INFO::ADDED: KCF - 2018 - NC - Lenoir - -77.648169 - 35.266043 - NA - NA - 2018NC005 - 550 hill farm road, kinston NC
2019-03-20 10:58:58 INFO::ADDED: KCW - 2018 - NC - Lenoir - -77.647747 - 35.269094 - NA - NA - 2018NC005 - 550 hill farm road, kinston NC
2019-03-20 10:58:58 INFO::ADDED: KHO - 2018 - NC - Onslow - -77.574411 - 34.958005 - NA - NA - 2017NC014 - 521  barbee road, Richlands, NC
2019-03-20 10:58:58 INFO::ADDED: KMR - 2018 - NC - Robeson - -79.261367 - 34.518697 - NA - NA - 2017NC008 - collville road, rowland, NC
2019-03-20 10:58:58 INFO::ADDED: MKD - 2018 - NC - Duplin - -78.152182 - 34.749633 - NA - NA - 2017NC003 - 400 Powell Page Rd, Wallace NC
2019-03-20 10:58:58 INFO::ADDED: MPD - 2018 - NC - Duplin - -77.92048 - 34.777917 - NA - NA - 2017NC002 - frog pond lane, wallace, NC
2019-03-20 10:58:58 INFO::ADDED: RHC - 2018 - NC - Catawba - -80.989439 - 35.769044 - NA - NA - 2017NC012 - 320 Old Mountain Road, Statesville, NC
2019-03-20 10:58:58 INFO::ADDED: SRA - 2018 - NC - Robeson - -79.249887 - 34.53134 - NA - NA - 2017NC007 - kagsville drive, rowland NC
2019-03-20 10:58:58 INFO::ADDED: SRB - 2018 - NC - Robeson - -79.247895 - 34.531232 - NA - NA - 2017NC007 - 2559 horne road, rowland NC
2019-03-20 10:58:58 INFO::Table: site_information
2019-03-20 10:58:58 INFO::Time end: 2019-03-20 10:58:58
2019-03-20 11:00:06 INFO::Table: producer_ids
2019-03-20 11:00:06 INFO::Time ini: 2019-03-20 11:00:06
2019-03-20 11:00:13 INFO::MODIFIED: OLD:  2017NC002 - Page - pagebuilders@charter.net - 9102841511
2019-03-20 11:00:13 INFO::MODIFIED: NEW:  2017NC002 - Page - pagebuiders@charter.net - 9102841511
2019-03-20 11:00:13 INFO::MODIFIED: OLD:  2017NC007 - Shooter - patshooter1@yahoo.com - 9107401481
2019-03-20 11:00:13 INFO::MODIFIED: NEW:  2017NC007 - Shooter - patshooter1@yahoo.com - 9107407481
2019-03-20 11:00:13 INFO::MODIFIED: OLD:  2017NC008 - Mc-Girt - theMcGirts@rocketmail.com - 9107340088
2019-03-20 11:00:13 INFO::MODIFIED: NEW:  2017NC008 - Mc-Girt - themcgirts@rocketmail.com - 9107340088
2019-03-20 11:00:19 INFO::MODIFIED: OLD:  2017NC008 - Mc-Girt - themcgirts@rocketmail.com - 9107340088
2019-03-20 11:00:19 INFO::MODIFIED: NEW:  2017NC008 - Mc-Girt - theMcGirts@rocketmail.com - 9107340088
2019-03-20 11:00:19 INFO::MODIFIED: OLD:  2017NC002 - Page - pagebuiders@charter.net - 9102841511
2019-03-20 11:00:19 INFO::MODIFIED: NEW:  2017NC002 - Page - pagebuilders@charter.net - 9102841511
2019-03-20 11:00:19 INFO::MODIFIED: OLD:  2017NC007 - Shooter - patshooter1@yahoo.com - 9107407481
2019-03-20 11:00:19 INFO::MODIFIED: NEW:  2017NC007 - Shooter - patshooter1@yahoo.com - 9107401481
2019-03-20 11:00:19 INFO::Table: producer_ids
2019-03-20 11:00:19 INFO::Time end: 2019-03-20 11:00:19
2019-03-20 11:00:19 INFO::Table: site_information
2019-03-20 11:00:19 INFO::Time ini: 2019-03-20 11:00:19
2019-03-20 11:02:11 INFO::Table: producer_ids
2019-03-20 11:02:11 INFO::Time ini: 2019-03-20 11:02:11
2019-03-20 11:02:18 INFO::MODIFIED: OLD:  2017NC002 - Page - pagebuilders@charter.net - 9102841511
2019-03-20 11:02:18 INFO::MODIFIED: NEW:  2017NC002 - Page - pagebuiders@charter.net - 9102841511
2019-03-20 11:02:18 INFO::MODIFIED: OLD:  2017NC007 - Shooter - patshooter1@yahoo.com - 9107401481
2019-03-20 11:02:18 INFO::MODIFIED: NEW:  2017NC007 - Shooter - patshooter1@yahoo.com - 9107407481
2019-03-20 11:02:18 INFO::MODIFIED: OLD:  2017NC008 - Mc-Girt - theMcGirts@rocketmail.com - 9107340088
2019-03-20 11:02:18 INFO::MODIFIED: NEW:  2017NC008 - Mc-Girt - themcgirts@rocketmail.com - 9107340088
2019-03-20 11:02:25 INFO::MODIFIED: OLD:  2017NC008 - Mc-Girt - themcgirts@rocketmail.com - 9107340088
2019-03-20 11:02:25 INFO::MODIFIED: NEW:  2017NC008 - Mc-Girt - theMcGirts@rocketmail.com - 9107340088
2019-03-20 11:02:25 INFO::MODIFIED: OLD:  2017NC002 - Page - pagebuiders@charter.net - 9102841511
2019-03-20 11:02:25 INFO::MODIFIED: NEW:  2017NC002 - Page - pagebuilders@charter.net - 9102841511
2019-03-20 11:02:25 INFO::MODIFIED: OLD:  2017NC007 - Shooter - patshooter1@yahoo.com - 9107407481
2019-03-20 11:02:25 INFO::MODIFIED: NEW:  2017NC007 - Shooter - patshooter1@yahoo.com - 9107401481
2019-03-20 11:02:25 INFO::Table: producer_ids
2019-03-20 11:02:25 INFO::Time end: 2019-03-20 11:02:25
2019-03-20 11:02:25 INFO::Table: site_information
2019-03-20 11:02:25 INFO::Time ini: 2019-03-20 11:02:25
2019-03-20 11:03:31 INFO::Table: producer_ids
2019-03-20 11:03:31 INFO::Time ini: 2019-03-20 11:03:31
2019-03-20 11:03:38 INFO::MODIFIED: OLD:  2017NC002 - Page - pagebuilders@charter.net - 9102841511
2019-03-20 11:03:38 INFO::MODIFIED: NEW:  2017NC002 - Page - pagebuiders@charter.net - 9102841511
2019-03-20 11:03:38 INFO::MODIFIED: OLD:  2017NC007 - Shooter - patshooter1@yahoo.com - 9107401481
2019-03-20 11:03:38 INFO::MODIFIED: NEW:  2017NC007 - Shooter - patshooter1@yahoo.com - 9107407481
2019-03-20 11:03:38 INFO::MODIFIED: OLD:  2017NC008 - Mc-Girt - theMcGirts@rocketmail.com - 9107340088
2019-03-20 11:03:38 INFO::MODIFIED: NEW:  2017NC008 - Mc-Girt - themcgirts@rocketmail.com - 9107340088
2019-03-20 11:03:44 INFO::MODIFIED: OLD:  2017NC008 - Mc-Girt - themcgirts@rocketmail.com - 9107340088
2019-03-20 11:03:44 INFO::MODIFIED: NEW:  2017NC008 - Mc-Girt - theMcGirts@rocketmail.com - 9107340088
2019-03-20 11:03:44 INFO::MODIFIED: OLD:  2017NC002 - Page - pagebuiders@charter.net - 9102841511
2019-03-20 11:03:44 INFO::MODIFIED: NEW:  2017NC002 - Page - pagebuilders@charter.net - 9102841511
2019-03-20 11:03:44 INFO::MODIFIED: OLD:  2017NC007 - Shooter - patshooter1@yahoo.com - 9107407481
2019-03-20 11:03:44 INFO::MODIFIED: NEW:  2017NC007 - Shooter - patshooter1@yahoo.com - 9107401481
2019-03-20 11:03:44 INFO::Table: producer_ids
2019-03-20 11:03:44 INFO::Time end: 2019-03-20 11:03:44
2019-03-20 11:03:44 INFO::Table: site_information
2019-03-20 11:03:44 INFO::Time ini: 2019-03-20 11:03:44
2019-03-20 11:03:55 INFO::MODIFIED: OLD:  731 - BWC - 2018 - NC - Wake - -78.5002 - 35.7461 - NA - NA - 2018NC001 - 7846 poole road  raleigh, NC
2019-03-20 11:03:55 INFO::MODIFIED: NEW:  BWC - 2018 - NC - Wake - -78.5002 - 35.746 - [null] - [null] - 2018NC001 - 7846 poole road  raleigh, NC
2019-03-20 11:03:55 INFO::Table: site_information
2019-03-20 11:03:55 INFO::Time end: 2019-03-20 11:03:55
