2019-03-14 15:17:22 INFO::Table: cc_species
2019-03-14 15:17:22 INFO::Time ini: 2019-03-14 15:17:22
2019-03-14 15:17:22 INFO::ADDED
2019-03-14 15:17:22 INFO::Annual Ryegrass - Grasses
2019-03-14 15:17:22 INFO::Sudan grass - Grasses
2019-03-14 15:17:22 INFO::Rape/Canola - Broadleaves
2019-03-14 15:17:22 INFO::Cereal Rye - Grasses
2019-03-14 15:17:22 INFO::Winter Rye - Grasses
2019-03-14 15:17:22 INFO::Weat - Grasses
2019-03-14 15:17:22 INFO::Triticale - Grasses
2019-03-14 15:17:22 INFO::Oats - Grasses
2019-03-14 15:17:22 INFO::Crimson Clover - Legumes
2019-03-14 15:17:22 INFO::Red Clover - Legumes
2019-03-14 15:17:22 INFO::White Clover - Legumes
2019-03-14 15:17:22 INFO::Unknown Clover spp - Legumes
2019-03-14 15:17:22 INFO::Hairy Vetch - Legumes
2019-03-14 15:17:22 INFO::Woolypod Vetch - Legumes
2019-03-14 15:17:22 INFO::Crown Vetch - Legumes
2019-03-14 15:17:22 INFO::Unknown Vetch spp - Legumes
2019-03-14 15:17:22 INFO::Radish/Turnip - Broadleaves
2019-03-14 15:17:22 INFO::Mustard - Broadleaves
2019-03-14 15:17:22 INFO::Winter Peas - Legumes
2019-03-14 15:17:22 INFO::Alfalfa - Legumes
2019-03-14 15:17:22 INFO::Table: cc_species
2019-03-14 15:17:22 INFO::Time end: 2019-03-14 15:17:22
2019-03-14 15:17:22 INFO::Table: depths
2019-03-14 15:17:22 INFO::Time ini: 2019-03-14 15:17:22
2019-03-14 15:17:22 INFO::Table: depths
2019-03-14 15:17:22 INFO::Time end: 2019-03-14 15:17:22
2019-03-14 15:17:22 INFO::Table: rows
2019-03-14 15:17:22 INFO::Time ini: 2019-03-14 15:17:22
2019-03-14 15:17:22 INFO::Table: rows
2019-03-14 15:17:22 INFO::Time end: 2019-03-14 15:17:22
2019-03-14 15:18:38 INFO::Table: seasons
2019-03-14 15:18:38 INFO::Time ini: 2019-03-14 15:18:38
2019-03-14 15:19:02 INFO::Table: seasons
2019-03-14 15:19:02 INFO::Time ini: 2019-03-14 15:19:02
2019-03-14 15:19:02 INFO::ADDED
2019-03-14 15:19:02 INFO::c(seasons): c("F", "S")
2019-03-14 15:19:02 INFO::Table: seasons
2019-03-14 15:19:02 INFO::Time end: 2019-03-14 15:19:02
2019-03-14 15:24:19 INFO::Table: seasons
2019-03-14 15:24:19 INFO::Time ini: 2019-03-14 15:24:19
2019-03-14 15:24:19 INFO::Table: seasons
2019-03-14 15:24:19 INFO::Time end: 2019-03-14 15:24:19
2019-03-14 15:24:19 INFO::Table: soil_subsamples
2019-03-14 15:24:19 INFO::Time ini: 2019-03-14 15:24:19
2019-03-14 15:24:19 INFO::ADDED
2019-03-14 15:24:19 INFO::c(ssub): c("1", "2", "3", "4")
2019-03-14 15:24:19 INFO::Table: soil_subsamples
2019-03-14 15:24:19 INFO::Time end: 2019-03-14 15:24:19
2019-03-14 15:29:01 INFO::Table: subplots
2019-03-14 15:29:01 INFO::Time ini: 2019-03-14 15:29:01
2019-03-14 15:29:01 INFO::Table: subplots
2019-03-14 15:29:01 INFO::Time end: 2019-03-14 15:29:01
2019-03-14 15:29:17 INFO::Table: subplots
2019-03-14 15:29:17 INFO::Time ini: 2019-03-14 15:29:17
2019-03-14 15:29:34 INFO::Table: subplots
2019-03-14 15:29:34 INFO::Time ini: 2019-03-14 15:29:34
2019-03-14 15:29:34 INFO::ADDED
2019-03-14 15:29:34 INFO::c(subplots): c("1", "2", "3")
2019-03-14 15:29:34 INFO::Table: subplots
2019-03-14 15:29:34 INFO::Time end: 2019-03-14 15:29:34
2019-03-14 15:29:46 INFO::Table: subplots
2019-03-14 15:29:46 INFO::Time ini: 2019-03-14 15:29:46
2019-03-14 15:29:46 INFO::ADDED
2019-03-14 15:29:46 INFO::c(subplots): c("1", "2", "3")
2019-03-14 15:29:46 INFO::Table: subplots
2019-03-14 15:29:46 INFO::Time end: 2019-03-14 15:29:46
2019-03-14 15:33:38 INFO::Table: subsamples
2019-03-14 15:33:38 INFO::Time ini: 2019-03-14 15:33:38
2019-03-14 15:33:53 INFO::Table: subsamples
2019-03-14 15:33:53 INFO::Time ini: 2019-03-14 15:33:53
2019-03-14 15:33:53 INFO::ADDED
2019-03-14 15:33:53 INFO::c(subsamples): c("A", "B")
2019-03-14 15:33:53 INFO::Table: subsamples
2019-03-14 15:33:53 INFO::Time end: 2019-03-14 15:33:53
2019-03-14 15:35:28 INFO::Table: states
2019-03-14 15:35:29 INFO::Time ini: 2019-03-14 15:35:29
2019-03-14 15:37:44 INFO::Table: states
2019-03-14 15:37:44 INFO::Time ini: 2019-03-14 15:37:44
2019-03-14 15:37:44 INFO::ADDED
2019-03-14 15:37:44 INFO::c(states): c("AL", "AK", "AZ", "AR", "CA", "CO", "CT", "DE", "FL", "GA", "HI", "ID", "IL", "IN", "IA", "KS", "KY", "LA", "ME", "MD", "MA", "MI", "MN", "MS", "MO", "MT", "NE", "NV", "NH", "NJ", "NM", "NY", "NC", "ND", "OH", "OK", "OR", "PA", "RI", "SC", "SD", "TN", "TX", "UT", "VT", "VA", "WA", "WV", "WI", "WY")
2019-03-14 15:37:44 INFO::Table: states
2019-03-14 15:37:44 INFO::Time end: 2019-03-14 15:37:44
2019-03-14 15:42:44 INFO::Table: states
2019-03-14 15:42:44 INFO::Time ini: 2019-03-14 15:42:44
2019-03-14 15:43:40 INFO::Table: states
2019-03-14 15:43:41 INFO::Time ini: 2019-03-14 15:43:41
2019-03-14 15:45:02 INFO::Table: states
2019-03-14 15:45:02 INFO::Time ini: 2019-03-14 15:45:02
2019-03-14 15:45:02 INFO::Table: states
2019-03-14 15:45:02 INFO::Time end: 2019-03-14 15:45:02
2019-03-14 15:45:02 INFO::Table: textural_classes
2019-03-14 15:45:02 INFO::Time ini: 2019-03-14 15:45:02
2019-03-14 15:45:02 INFO::ADDED
2019-03-14 15:45:02 INFO::c(tclass): c("Clay", "Clay Loam", "Loam", "Sandy Clay", "Sandy Clay Loam", "Sandy Loam", "Loamy Sand", "Sand", "Silty Clay", "Silty Clay Loam", "Silt Loam", "Silt")
2019-03-14 15:45:02 INFO::Table: textural_classes
2019-03-14 15:45:02 INFO::Time end: 2019-03-14 15:45:02
2019-03-14 15:48:55 INFO::Table: states
2019-03-14 15:48:55 INFO::Time ini: 2019-03-14 15:48:55
2019-03-14 15:48:55 INFO::Table: states
2019-03-14 15:48:55 INFO::Time end: 2019-03-14 15:48:55
2019-03-14 15:48:56 INFO::Table: textural_classes
2019-03-14 15:48:56 INFO::Time ini: 2019-03-14 15:48:56
2019-03-14 15:48:56 INFO::Table: textural_classes
2019-03-14 15:48:56 INFO::Time end: 2019-03-14 15:48:56
2019-03-14 15:48:56 INFO::Table: times
2019-03-14 15:48:56 INFO::Time ini: 2019-03-14 15:48:56
2019-03-14 15:48:56 INFO::ADDED
2019-03-14 15:48:56 INFO::c(times): c("0", "1", "2", "3", "4", "5")
2019-03-14 15:48:56 INFO::Table: times
2019-03-14 15:48:56 INFO::Time end: 2019-03-14 15:48:56
2019-03-14 15:53:48 INFO::Table: treatments
2019-03-14 15:53:48 INFO::Time ini: 2019-03-14 15:53:48
2019-03-14 15:53:48 INFO::ADDED
2019-03-14 15:53:48 INFO::c(treatments): c("B", "C")
2019-03-14 15:53:48 INFO::Table: treatments
2019-03-14 15:53:48 INFO::Time end: 2019-03-14 15:53:48
2019-03-14 15:55:09 INFO::Table: types
2019-03-14 15:55:10 INFO::Time ini: 2019-03-14 15:55:10
2019-03-14 15:58:00 INFO::Table: treatments
2019-03-14 15:58:01 INFO::Time ini: 2019-03-14 15:58:01
2019-03-14 15:58:01 INFO::Table: treatments
2019-03-14 15:58:01 INFO::Time end: 2019-03-14 15:58:01
2019-03-14 15:58:31 INFO::Table: types
2019-03-14 15:58:31 INFO::Time ini: 2019-03-14 15:58:31
2019-03-14 15:58:31 INFO::ADDED
2019-03-14 15:58:31 INFO::c(types): c("Node", "Gateway")
2019-03-14 15:58:31 INFO::Table: types
2019-03-14 15:58:31 INFO::Time end: 2019-03-14 15:58:31
