INFO:root:TABLE: site_information
INFO:root:TIMESTAMP: 2019-03-06_15:25:41
INFO:googleapiclient.discovery:URL being requested: GET https://sheets.googleapis.com/v4/spreadsheets/1YjaHe8eVsdV0TV6tadF3KSgcylfjDHeduUHRE1-uN3s/values/START_Sites%21A2%3AK?alt=json
INFO:root:ADDED TO DB:['DAA', '2019', 'NC', 'Knowles', 'matthewknowles1995@gmail.com', '910-385-8667', '352 powell page road, wallace, NC', 'Duplin', '34.747458, -78.151764', None, None]
INFO:root:ADDED TO DB:['DAB', '2019', 'NC', 'Howard', '', '910-289-1658', '480 dark branch road, Kenansville, NC', 'Duplin', '34.990803, -77.894249', 'strips', None]
INFO:root:ADDED TO DB:['DAC', '2019', 'NC', 'Howard', '', '910-289-1658', '480 dark branch road, kenansville', 'Duplin', '34.991446, -77.893787', 'strips', None]
INFO:root:ADDED TO DB:['DAD', '2019', 'NC', 'Page', 'pagebuilders@charter.net', '910-284-1511', '685 powell page road, wallace NC', 'Duplin', '34.758483, -78.164523', None, None]
INFO:root:ADDED TO DB:['DAE', '2019', 'NC', 'Page', 'pagebuilders@charter.net', '910-284-1511', '585 powell page road , wallace, NC', 'Duplin', '34.762667, -78.169009', None, None]
INFO:root:ADDED TO DB:['LAB', '2019', 'NC', 'Caswell', 'roy.maitland@ncagr.gov', '919-222-0877', 'caswell research station, kinston, NC (mathus field)', 'Lenoir', '35.272271, -77.613702', None, None]
INFO:root:ADDED TO DB:['LAC', '2019', 'NC', 'Caswell', 'roy.maitland@ncagr.gov', '919-222-0877', '1670 smithfield way, kinston, NC', 'Lenoir', '35.269181, -77.655748', None, None]
INFO:root:ADDED TO DB:['LSS', '2019', 'NC', 'Dyson', 'tom_dyson@ncsu.edu', '', '1512 state road 1351, shelby NC', 'Cleveland', '35.359444, -81.651528', 'strips', 'Tom Dyson']
INFO:root:ADDED TO DB:['RAA', '2019', 'NC', 'Shooter', 'patshooter1@yahoo.com', '910-740-1481', '4699 NC-130, rowland, NC', 'Robeson', '34.580668, -79.316856', '', 'Mac Malloy \n(910) 237-5187']
INFO:root:ADDED TO DB:['RAB', '2019', 'NC', 'Shooter', 'patshooter1@yahoo.com', '910-740-1481', '736 horne road, rowland', 'Robeson', '34.531326, -79.250342', '', 'Mac Malloy \n(910) 237-5187']
INFO:root:ADDED TO DB:['RAC', '2019', 'NC', 'Locklear', 'adrian.locklear@yahoo.com', '910-734-6209', '', 'Robeson', '', '', 'Mac Malloy \n(910) 237-5187']
INFO:root:ADDED TO DB:['RAD', '2019', 'NC', 'McGirt', 'theMcGirt@rocketmail.com', '910-734-0088', '1492 mckinnon-pate road, Rowland, NC', 'Robeson', '34.534418, -79.278694', '', 'Mac Malloy \n(910) 237-5187']
INFO:root:ADDED TO DB:['SAA', '2019', 'NC', 'McGirt', 'theMcGirts@rocketmail.com', '910-734-0088', '1492 mckinnon-pate, rowland, NC', 'Robeson', '34.535915, -79.275020', '', 'Mac Malloy \n(910) 237-5187']
INFO:root:ADDED TO DB:['SAB', '2019', 'NC', 'Tyndall', '', '910-990-4504', '3520 basstown road ', 'Sampson', '35.101031, -78.352863', 'strips', None]
INFO:root:ADDED TO DB:['STA', '2019', 'NC', 'Furr', 'furrc1958@aol.com', '704-791-8830', '', 'Stanly', '', '', 'Dustin Adcock \n(704) 989-9190']
INFO:root:ADDED TO DB:['STC', '2019', 'NC', 'Lowder', 'nathan.lowder@nc.usda.gov', '202-480-4895', 'pankey drive, mount gilead, NC', 'Stanly', '35.162560, -80.000002', '', 'Nathan Lowder \n(202) 480-4895']
INFO:root:ADDED TO DB:['STD', '2019', 'NC', 'Lowder', 'nathan.lowder@nc.usda.gov', '202-480-4895', '6523 roberts loop road, norwood NC', 'Stanly', '35.173557, -80.104162', '', 'Nathan Lowder \n(202) 480-4895']
INFO:root:ADDED TO DB:['KPB', '2019', 'GA', 'Storey', 'gainesstory@gmail.com', '706 551-1382', 'Hwy 80 mile 21', 'Burke', '', '', 'Peyton Sapp 706 551 1670']
INFO:root:ADDED TO DB:['NUY', '2019', 'GA', 'Storey', 'gainesstory@gmail.com', '706 551-1382', 'Hwy 24 plantation', 'Burke', '', '', 'Peyton Sapp 706 551 1670']
INFO:root:ADDED TO DB:['TUK', '2019', 'GA', 'Sandeford', 'jacobsandeford@gmail.com', '706 551-2333', 'Old Wadley Road', 'Burke', '', '', 'Peyton Sapp 706 551 1670']
INFO:root:ADDED TO DB:['YHO', '2019', 'GA', 'Sandeford', 'jacobsandeford@gmail.com', '706 551 2333', 'Old Wadley Road', 'Buke', '', '', 'Peyton Sapp 706 551 1670']
INFO:root:ADDED TO DB:['NTL', '2019', 'GA', 'Iron Horse Farm', 'gassett@uga.edu', '770 715 4285', 'Hwy 15, Greensboro', 'Oconee', None, None, None]
INFO:root:ADDED TO DB:['TRR', '2019', 'AL', 'Grimes', 'mark_grimes@hma.honda.com', '256-484-1169', '', 'Cherokee', '34.092423, -85.638599', '', 'Philip Abney philip.abney@al.usda.gov 256-927-8732']
INFO:root:ADDED TO DB:['BNF', '2019', 'AL', 'Johnson', 'mqj9261@gmail.com', '334-550-8619', '', 'Dale', '31.397074, -85.418835', '', 'Adam Sconyers adam.sconyers@al.usda.gov 334-432-0261']
INFO:root:ADDED TO DB:['DNY', '2019', 'AL', 'Kirkland', 'tkirklandfarm@gmail.com', '334-726-6594', '', 'Dale', '31.352300, -85.476737', '', 'Adam Sconyers adam.sconyers@al.usda.gov 334-432-0261']
INFO:root:ADDED TO DB:['IOT', '2019', 'AL', 'Haddock', 'haddockfarms@comcast.net', '256-366-4336', '', 'Lauderdale', '34.796797, -87.788797', '', 'Renea Dyer renea.dyer@al.usda.gov 256-262-2538']
INFO:root:ADDED TO DB:['VOT', '2019', 'AL', 'Martin', 'martinfarm@bellsouth.net', '256-566-2281', '', 'Lawrence', '34.692820, -87.282253', '', 'Kathy Gotcher kathy.gotcher@al.usda.gov 256-280-5029']
INFO:root:ADDED TO DB:['PCN', '2019', 'AL', 'Lazenby', 'mitch@lazenbyfarms.com', '334-703-2126', '', 'Lee', '32.422442, -85.418127', '', 'Patrick Rohling patrick.rohling@al.usda.gov 334-321-1900']
INFO:root:ADDED TO DB:['RFV', '2019', 'AL', 'Meyer', 'bradm@agric-afc.com', '256-565-9072', '13685 Nuclear Plant Road, Athens, AL 35611', 'Limestone', '34.704303, -87.083524', None, None]
INFO:root:ADDED TO DB:['ZAZ', '2019', 'MD', 'Hill', '', '', '', 'Kent', None, None, None]
INFO:root:ADDED TO DB:['UUJ', '2019', 'MD', 'Hill', '', '', '', 'Kent', None, None, None]
